{"numFailedTestSuites":22,"numFailedTests":8,"numPassedTestSuites":9,"numPassedTests":22,"numPendingTestSuites":0,"numPendingTests":0,"numRuntimeErrorTestSuites":18,"numTodoTests":0,"numTotalTestSuites":31,"numTotalTests":30,"openHandles":[],"snapshot":{"added":0,"didUpdate":false,"failure":false,"filesAdded":0,"filesRemoved":0,"filesRemovedList":[],"filesUnmatched":0,"filesUpdated":0,"matched":0,"total":0,"unchecked":0,"uncheckedKeysByFile":[],"unmatched":0,"updated":0},"startTime":1745188354753,"success":false,"testResults":[{"assertionResults":[{"ancestorTitles":["Minimal Test Suite"],"duration":10,"failureDetails":[],"failureMessages":[],"fullName":"Minimal Test Suite should pass","invocations":1,"location":null,"numPassingAsserts":1,"retryReasons":[],"status":"passed","title":"should pass"}],"endTime":1745188359540,"message":"","name":"C:\\Users\\banse\\CascadeProjects\\MindulPet\\src\\__tests__\\minimal.test.js","startTime":1745188355750,"status":"passed","summary":""},{"assertionResults":[{"ancestorTitles":["Basic Test Suite"],"duration":11,"failureDetails":[],"failureMessages":[],"fullName":"Basic Test Suite should pass","invocations":1,"location":null,"numPassingAsserts":1,"retryReasons":[],"status":"passed","title":"should pass"}],"endTime":1745188359541,"message":"","name":"C:\\Users\\banse\\CascadeProjects\\MindulPet\\tests\\realTimeMonitoring.test.js","startTime":1745188355695,"status":"passed","summary":""},{"assertionResults":[{"ancestorTitles":["Test Environment Setup"],"duration":9,"failureDetails":[],"failureMessages":[],"fullName":"Test Environment Setup Basic test functionality","invocations":1,"location":null,"numPassingAsserts":1,"retryReasons":[],"status":"passed","title":"Basic test functionality"},{"ancestorTitles":["Test Environment Setup"],"duration":0,"failureDetails":[],"failureMessages":[],"fullName":"Test Environment Setup Async functionality","invocations":1,"location":null,"numPassingAsserts":1,"retryReasons":[],"status":"passed","title":"Async functionality"},{"ancestorTitles":["Test Environment Setup"],"duration":2,"failureDetails":[],"failureMessages":[],"fullName":"Test Environment Setup Mock functionality","invocations":1,"location":null,"numPassingAsserts":1,"retryReasons":[],"status":"passed","title":"Mock functionality"}],"endTime":1745188359543,"message":"","name":"C:\\Users\\banse\\CascadeProjects\\MindulPet\\src\\__tests__\\setup.test.js","startTime":1745188355495,"status":"passed","summary":""},{"assertionResults":[{"ancestorTitles":["Simple Test"],"duration":9,"failureDetails":[],"failureMessages":[],"fullName":"Simple Test should pass","invocations":1,"location":null,"numPassingAsserts":1,"retryReasons":[],"status":"passed","title":"should pass"}],"endTime":1745188359583,"message":"","name":"C:\\Users\\banse\\CascadeProjects\\MindulPet\\src\\__tests__\\simple.test.js","startTime":1745188355808,"status":"passed","summary":""},{"assertionResults":[{"ancestorTitles":["Minimal Test"],"duration":11,"failureDetails":[],"failureMessages":[],"fullName":"Minimal Test should pass","invocations":1,"location":null,"numPassingAsserts":1,"retryReasons":[],"status":"passed","title":"should pass"}],"endTime":1745188359620,"message":"","name":"C:\\Users\\banse\\CascadeProjects\\MindulPet\\src\\systems\\__tests__\\minimal.test.js","startTime":1745188355545,"status":"passed","summary":""},{"assertionResults":[{"ancestorTitles":["RealTimeMonitoring Tests"],"duration":11,"failureDetails":[],"failureMessages":[],"fullName":"RealTimeMonitoring Tests initialize should set up monitoring for web platform","invocations":1,"location":null,"numPassingAsserts":1,"retryReasons":[],"status":"passed","title":"initialize should set up monitoring for web platform"},{"ancestorTitles":["RealTimeMonitoring Tests"],"duration":1,"failureDetails":[],"failureMessages":[],"fullName":"RealTimeMonitoring Tests getMetrics should return correct format","invocations":1,"location":null,"numPassingAsserts":3,"retryReasons":[],"status":"passed","title":"getMetrics should return correct format"},{"ancestorTitles":["RealTimeMonitoring Tests"],"duration":2,"failureDetails":[{"matcherResult":{"message":"\u001b[2mexpect(\u001b[22m\u001b[31mreceived\u001b[39m\u001b[2m).\u001b[22mtoBeLessThanOrEqual\u001b[2m(\u001b[22m\u001b[32mexpected\u001b[39m\u001b[2m)\u001b[22m\n\nExpected: <= \u001b[32m100\u001b[39m\nReceived:    \u001b[31m150\u001b[39m","pass":false}}],"failureMessages":["Error: \u001b[2mexpect(\u001b[22m\u001b[31mreceived\u001b[39m\u001b[2m).\u001b[22mtoBeLessThanOrEqual\u001b[2m(\u001b[22m\u001b[32mexpected\u001b[39m\u001b[2m)\u001b[22m\n\nExpected: <= \u001b[32m100\u001b[39m\nReceived:    \u001b[31m150\u001b[39m\n    at Object.toBeLessThanOrEqual (C:\\Users\\banse\\CascadeProjects\\MindulPet\\src\\utils\\__tests__\\realTimeMonitoring.test.js:90:53)\n    at Promise.then.completed (C:\\Users\\banse\\CascadeProjects\\MindulPet\\node_modules\\jest-circus\\build\\utils.js:298:28)\n    at new Promise (<anonymous>)\n    at callAsyncCircusFn (C:\\Users\\banse\\CascadeProjects\\MindulPet\\node_modules\\jest-circus\\build\\utils.js:231:10)\n    at _callCircusTest (C:\\Users\\banse\\CascadeProjects\\MindulPet\\node_modules\\jest-circus\\build\\run.js:316:40)\n    at processTicksAndRejections (node:internal/process/task_queues:105:5)\n    at _runTest (C:\\Users\\banse\\CascadeProjects\\MindulPet\\node_modules\\jest-circus\\build\\run.js:252:3)\n    at _runTestsForDescribeBlock (C:\\Users\\banse\\CascadeProjects\\MindulPet\\node_modules\\jest-circus\\build\\run.js:126:9)\n    at _runTestsForDescribeBlock (C:\\Users\\banse\\CascadeProjects\\MindulPet\\node_modules\\jest-circus\\build\\run.js:121:9)\n    at run (C:\\Users\\banse\\CascadeProjects\\MindulPet\\node_modules\\jest-circus\\build\\run.js:71:3)\n    at runAndTransformResultsToJestFormat (C:\\Users\\banse\\CascadeProjects\\MindulPet\\node_modules\\jest-circus\\build\\legacy-code-todo-rewrite\\jestAdapterInit.js:122:21)\n    at jestAdapter (C:\\Users\\banse\\CascadeProjects\\MindulPet\\node_modules\\jest-circus\\build\\legacy-code-todo-rewrite\\jestAdapter.js:79:19)\n    at runTestInternal (C:\\Users\\banse\\CascadeProjects\\MindulPet\\node_modules\\jest-runner\\build\\runTest.js:367:16)\n    at runTest (C:\\Users\\banse\\CascadeProjects\\MindulPet\\node_modules\\jest-runner\\build\\runTest.js:444:34)\n    at Object.worker (C:\\Users\\banse\\CascadeProjects\\MindulPet\\node_modules\\jest-runner\\build\\testWorker.js:106:12)"],"fullName":"RealTimeMonitoring Tests metrics buffer should not exceed maximum size","invocations":1,"location":null,"numPassingAsserts":0,"retryReasons":[],"status":"failed","title":"metrics buffer should not exceed maximum size"},{"ancestorTitles":["RealTimeMonitoring Tests"],"duration":1,"failureDetails":[],"failureMessages":[],"fullName":"RealTimeMonitoring Tests should handle missing performance.memory gracefully","invocations":1,"location":null,"numPassingAsserts":1,"retryReasons":[],"status":"passed","title":"should handle missing performance.memory gracefully"},{"ancestorTitles":["RealTimeMonitoring"],"duration":2,"failureDetails":[],"failureMessages":[],"fullName":"RealTimeMonitoring metrics should have correct format","invocations":1,"location":null,"numPassingAsserts":1,"retryReasons":[],"status":"passed","title":"metrics should have correct format"},{"ancestorTitles":["RealTimeMonitoring"],"duration":1,"failureDetails":[],"failureMessages":[],"fullName":"RealTimeMonitoring metrics should have valid ranges","invocations":1,"location":null,"numPassingAsserts":4,"retryReasons":[],"status":"passed","title":"metrics should have valid ranges"}],"endTime":1745188359667,"message":"\u001b[1m\u001b[31m  \u001b[1m● \u001b[22m\u001b[1mRealTimeMonitoring Tests › metrics buffer should not exceed maximum size\u001b[39m\u001b[22m\n\n    \u001b[2mexpect(\u001b[22m\u001b[31mreceived\u001b[39m\u001b[2m).\u001b[22mtoBeLessThanOrEqual\u001b[2m(\u001b[22m\u001b[32mexpected\u001b[39m\u001b[2m)\u001b[22m\n\n    Expected: <= \u001b[32m100\u001b[39m\n    Received:    \u001b[31m150\u001b[39m\n\u001b[2m\u001b[22m\n\u001b[2m    \u001b[0m \u001b[90m 88 |\u001b[39m     }\u001b[22m\n\u001b[2m     \u001b[90m 89 |\u001b[39m     \u001b[22m\n\u001b[2m    \u001b[31m\u001b[1m>\u001b[22m\u001b[2m\u001b[39m\u001b[90m 90 |\u001b[39m     expect(\u001b[33mRealTimeMonitoring\u001b[39m\u001b[33m.\u001b[39mmetricsBuffer\u001b[33m.\u001b[39mlength)\u001b[33m.\u001b[39mtoBeLessThanOrEqual(\u001b[33mRealTimeMonitoring\u001b[39m\u001b[33m.\u001b[39mmetrics\u001b[33m.\u001b[39mbufferSize)\u001b[33m;\u001b[39m\u001b[22m\n\u001b[2m     \u001b[90m    |\u001b[39m                                                     \u001b[31m\u001b[1m^\u001b[22m\u001b[2m\u001b[39m\u001b[22m\n\u001b[2m     \u001b[90m 91 |\u001b[39m   })\u001b[33m;\u001b[39m\u001b[22m\n\u001b[2m     \u001b[90m 92 |\u001b[39m\u001b[22m\n\u001b[2m     \u001b[90m 93 |\u001b[39m   test(\u001b[32m'should handle missing performance.memory gracefully'\u001b[39m\u001b[33m,\u001b[39m () \u001b[33m=>\u001b[39m {\u001b[0m\u001b[22m\n\u001b[2m\u001b[22m\n\u001b[2m      \u001b[2mat Object.toBeLessThanOrEqual (\u001b[22m\u001b[2m\u001b[0m\u001b[36msrc/utils/__tests__/realTimeMonitoring.test.js\u001b[39m\u001b[0m\u001b[2m:90:53)\u001b[22m\u001b[2m\u001b[22m\n","name":"C:\\Users\\banse\\CascadeProjects\\MindulPet\\src\\utils\\__tests__\\realTimeMonitoring.test.js","startTime":1745188355469,"status":"failed","summary":""},{"assertionResults":[{"ancestorTitles":["currencySlice"],"duration":12,"failureDetails":[],"failureMessages":[],"fullName":"currencySlice should handle initial state","invocations":1,"location":null,"numPassingAsserts":1,"retryReasons":[],"status":"passed","title":"should handle initial state"},{"ancestorTitles":["currencySlice"],"duration":2,"failureDetails":[],"failureMessages":[],"fullName":"currencySlice should handle addCurrency","invocations":1,"location":null,"numPassingAsserts":1,"retryReasons":[],"status":"passed","title":"should handle addCurrency"},{"ancestorTitles":["currencySlice"],"duration":0,"failureDetails":[{}],"failureMessages":["Error: [Immer] An immer producer returned a new value *and* modified its draft. Either return a new value *or* modify the draft.\n    at die (C:\\Users\\banse\\CascadeProjects\\MindulPet\\node_modules\\immer\\src\\utils\\errors.ts:43:9)\n    at processResult (C:\\Users\\banse\\CascadeProjects\\MindulPet\\node_modules\\immer\\src\\core\\finalize.ts:28:4)\n    at Immer2.produce (C:\\Users\\banse\\CascadeProjects\\MindulPet\\node_modules\\immer\\src\\core\\immerClass.ts:105:11)\n    at createNextState (C:\\Users\\banse\\CascadeProjects\\MindulPet\\node_modules\\@reduxjs\\toolkit\\src\\createReducer.ts:178:18)\n    at Array.reduce (<anonymous>)\n    at reducer (C:\\Users\\banse\\CascadeProjects\\MindulPet\\node_modules\\@reduxjs\\toolkit\\src\\createReducer.ts:151:25)\n    at reducer (C:\\Users\\banse\\CascadeProjects\\MindulPet\\node_modules\\@reduxjs\\toolkit\\src\\createSlice.ts:442:14)\n    at Object.<anonymous> (C:\\Users\\banse\\CascadeProjects\\MindulPet\\src\\tests\\state\\currencySlice.test.js:33:35)\n    at Promise.then.completed (C:\\Users\\banse\\CascadeProjects\\MindulPet\\node_modules\\jest-circus\\build\\utils.js:298:28)\n    at new Promise (<anonymous>)\n    at callAsyncCircusFn (C:\\Users\\banse\\CascadeProjects\\MindulPet\\node_modules\\jest-circus\\build\\utils.js:231:10)\n    at _callCircusTest (C:\\Users\\banse\\CascadeProjects\\MindulPet\\node_modules\\jest-circus\\build\\run.js:316:40)\n    at processTicksAndRejections (node:internal/process/task_queues:105:5)\n    at _runTest (C:\\Users\\banse\\CascadeProjects\\MindulPet\\node_modules\\jest-circus\\build\\run.js:252:3)\n    at _runTestsForDescribeBlock (C:\\Users\\banse\\CascadeProjects\\MindulPet\\node_modules\\jest-circus\\build\\run.js:126:9)\n    at _runTestsForDescribeBlock (C:\\Users\\banse\\CascadeProjects\\MindulPet\\node_modules\\jest-circus\\build\\run.js:121:9)\n    at run (C:\\Users\\banse\\CascadeProjects\\MindulPet\\node_modules\\jest-circus\\build\\run.js:71:3)\n    at runAndTransformResultsToJestFormat (C:\\Users\\banse\\CascadeProjects\\MindulPet\\node_modules\\jest-circus\\build\\legacy-code-todo-rewrite\\jestAdapterInit.js:122:21)\n    at jestAdapter (C:\\Users\\banse\\CascadeProjects\\MindulPet\\node_modules\\jest-circus\\build\\legacy-code-todo-rewrite\\jestAdapter.js:79:19)\n    at runTestInternal (C:\\Users\\banse\\CascadeProjects\\MindulPet\\node_modules\\jest-runner\\build\\runTest.js:367:16)\n    at runTest (C:\\Users\\banse\\CascadeProjects\\MindulPet\\node_modules\\jest-runner\\build\\runTest.js:444:34)\n    at Object.worker (C:\\Users\\banse\\CascadeProjects\\MindulPet\\node_modules\\jest-runner\\build\\testWorker.js:106:12)"],"fullName":"currencySlice should handle spendCurrency","invocations":1,"location":null,"numPassingAsserts":0,"retryReasons":[],"status":"failed","title":"should handle spendCurrency"},{"ancestorTitles":["currencySlice"],"duration":2,"failureDetails":[{"matcherResult":{"expected":40,"message":"\u001b[2mexpect(\u001b[22m\u001b[31mreceived\u001b[39m\u001b[2m).\u001b[22mtoEqual\u001b[2m(\u001b[22m\u001b[32mexpected\u001b[39m\u001b[2m) // deep equality\u001b[22m\n\nExpected: \u001b[32m40\u001b[39m\nReceived: \u001b[31mundefined\u001b[39m","name":"toEqual","pass":false}}],"failureMessages":["Error: \u001b[2mexpect(\u001b[22m\u001b[31mreceived\u001b[39m\u001b[2m).\u001b[22mtoEqual\u001b[2m(\u001b[22m\u001b[32mexpected\u001b[39m\u001b[2m) // deep equality\u001b[22m\n\nExpected: \u001b[32m40\u001b[39m\nReceived: \u001b[31mundefined\u001b[39m\n    at Object.toEqual (C:\\Users\\banse\\CascadeProjects\\MindulPet\\src\\tests\\state\\currencySlice.test.js:50:36)\n    at Promise.then.completed (C:\\Users\\banse\\CascadeProjects\\MindulPet\\node_modules\\jest-circus\\build\\utils.js:298:28)\n    at new Promise (<anonymous>)\n    at callAsyncCircusFn (C:\\Users\\banse\\CascadeProjects\\MindulPet\\node_modules\\jest-circus\\build\\utils.js:231:10)\n    at _callCircusTest (C:\\Users\\banse\\CascadeProjects\\MindulPet\\node_modules\\jest-circus\\build\\run.js:316:40)\n    at processTicksAndRejections (node:internal/process/task_queues:105:5)\n    at _runTest (C:\\Users\\banse\\CascadeProjects\\MindulPet\\node_modules\\jest-circus\\build\\run.js:252:3)\n    at _runTestsForDescribeBlock (C:\\Users\\banse\\CascadeProjects\\MindulPet\\node_modules\\jest-circus\\build\\run.js:126:9)\n    at _runTestsForDescribeBlock (C:\\Users\\banse\\CascadeProjects\\MindulPet\\node_modules\\jest-circus\\build\\run.js:121:9)\n    at run (C:\\Users\\banse\\CascadeProjects\\MindulPet\\node_modules\\jest-circus\\build\\run.js:71:3)\n    at runAndTransformResultsToJestFormat (C:\\Users\\banse\\CascadeProjects\\MindulPet\\node_modules\\jest-circus\\build\\legacy-code-todo-rewrite\\jestAdapterInit.js:122:21)\n    at jestAdapter (C:\\Users\\banse\\CascadeProjects\\MindulPet\\node_modules\\jest-circus\\build\\legacy-code-todo-rewrite\\jestAdapter.js:79:19)\n    at runTestInternal (C:\\Users\\banse\\CascadeProjects\\MindulPet\\node_modules\\jest-runner\\build\\runTest.js:367:16)\n    at runTest (C:\\Users\\banse\\CascadeProjects\\MindulPet\\node_modules\\jest-runner\\build\\runTest.js:444:34)\n    at Object.worker (C:\\Users\\banse\\CascadeProjects\\MindulPet\\node_modules\\jest-runner\\build\\testWorker.js:106:12)"],"fullName":"currencySlice should prevent spending more than available","invocations":1,"location":null,"numPassingAsserts":0,"retryReasons":[],"status":"failed","title":"should prevent spending more than available"},{"ancestorTitles":["currencySlice"],"duration":3,"failureDetails":[],"failureMessages":[],"fullName":"currencySlice should handle claimDailyReward","invocations":1,"location":null,"numPassingAsserts":4,"retryReasons":[],"status":"passed","title":"should handle claimDailyReward"},{"ancestorTitles":["currencySlice"],"duration":1,"failureDetails":[],"failureMessages":[],"fullName":"currencySlice should prevent claiming daily reward twice in same day","invocations":1,"location":null,"numPassingAsserts":3,"retryReasons":[],"status":"passed","title":"should prevent claiming daily reward twice in same day"}],"endTime":1745188359801,"message":"\u001b[1m\u001b[31m  \u001b[1m● \u001b[22m\u001b[1mcurrencySlice › should handle spendCurrency\u001b[39m\u001b[22m\n\n    [Immer] An immer producer returned a new value *and* modified its draft. Either return a new value *or* modify the draft.\n\u001b[2m\u001b[22m\n\u001b[2m    \u001b[0m \u001b[90m 31 |\u001b[39m     }\u001b[33m;\u001b[39m\u001b[22m\n\u001b[2m     \u001b[90m 32 |\u001b[39m\u001b[22m\n\u001b[2m    \u001b[31m\u001b[1m>\u001b[22m\u001b[2m\u001b[39m\u001b[90m 33 |\u001b[39m     \u001b[36mconst\u001b[39m actual \u001b[33m=\u001b[39m currencyReducer(stateWithCurrency\u001b[33m,\u001b[39m spendCurrency({\u001b[22m\n\u001b[2m     \u001b[90m    |\u001b[39m                                   \u001b[31m\u001b[1m^\u001b[22m\u001b[2m\u001b[39m\u001b[22m\n\u001b[2m     \u001b[90m 34 |\u001b[39m       type\u001b[33m:\u001b[39m \u001b[32m'vitality_points'\u001b[39m\u001b[33m,\u001b[39m\u001b[22m\n\u001b[2m     \u001b[90m 35 |\u001b[39m       amount\u001b[33m:\u001b[39m \u001b[35m50\u001b[39m\u001b[33m,\u001b[39m\u001b[22m\n\u001b[2m     \u001b[90m 36 |\u001b[39m     }))\u001b[33m;\u001b[39m\u001b[0m\u001b[22m\n\u001b[2m\u001b[22m\n\u001b[2m      \u001b[2mat die (\u001b[22m\u001b[2mnode_modules/immer/src/utils/errors.ts\u001b[2m:43:9)\u001b[22m\u001b[2m\u001b[22m\n\u001b[2m      \u001b[2mat processResult (\u001b[22m\u001b[2mnode_modules/immer/src/core/finalize.ts\u001b[2m:28:4)\u001b[22m\u001b[2m\u001b[22m\n\u001b[2m      \u001b[2mat Immer2.produce (\u001b[22m\u001b[2mnode_modules/immer/src/core/immerClass.ts\u001b[2m:105:11)\u001b[22m\u001b[2m\u001b[22m\n\u001b[2m      \u001b[2mat createNextState (\u001b[22m\u001b[2mnode_modules/@reduxjs/toolkit/src/createReducer.ts\u001b[2m:178:18)\u001b[22m\u001b[2m\u001b[22m\n\u001b[2m          at Array.reduce (<anonymous>)\u001b[22m\n\u001b[2m      \u001b[2mat reducer (\u001b[22m\u001b[2mnode_modules/@reduxjs/toolkit/src/createReducer.ts\u001b[2m:151:25)\u001b[22m\u001b[2m\u001b[22m\n\u001b[2m      \u001b[2mat reducer (\u001b[22m\u001b[2mnode_modules/@reduxjs/toolkit/src/createSlice.ts\u001b[2m:442:14)\u001b[22m\u001b[2m\u001b[22m\n\u001b[2m      \u001b[2mat Object.<anonymous> (\u001b[22m\u001b[2m\u001b[0m\u001b[36msrc/tests/state/currencySlice.test.js\u001b[39m\u001b[0m\u001b[2m:33:35)\u001b[22m\u001b[2m\u001b[22m\n\n\u001b[1m\u001b[31m  \u001b[1m● \u001b[22m\u001b[1mcurrencySlice › should prevent spending more than available\u001b[39m\u001b[22m\n\n    \u001b[2mexpect(\u001b[22m\u001b[31mreceived\u001b[39m\u001b[2m).\u001b[22mtoEqual\u001b[2m(\u001b[22m\u001b[32mexpected\u001b[39m\u001b[2m) // deep equality\u001b[22m\n\n    Expected: \u001b[32m40\u001b[39m\n    Received: \u001b[31mundefined\u001b[39m\n\u001b[2m\u001b[22m\n\u001b[2m    \u001b[0m \u001b[90m 48 |\u001b[39m       amount\u001b[33m:\u001b[39m \u001b[35m50\u001b[39m\u001b[33m,\u001b[39m\u001b[22m\n\u001b[2m     \u001b[90m 49 |\u001b[39m     }))\u001b[33m;\u001b[39m\u001b[22m\n\u001b[2m    \u001b[31m\u001b[1m>\u001b[22m\u001b[2m\u001b[39m\u001b[90m 50 |\u001b[39m     expect(actual\u001b[33m.\u001b[39mvitality_points)\u001b[33m.\u001b[39mtoEqual(\u001b[35m40\u001b[39m)\u001b[33m;\u001b[39m \u001b[90m// Should not change\u001b[39m\u001b[22m\n\u001b[2m     \u001b[90m    |\u001b[39m                                    \u001b[31m\u001b[1m^\u001b[22m\u001b[2m\u001b[39m\u001b[22m\n\u001b[2m     \u001b[90m 51 |\u001b[39m   })\u001b[33m;\u001b[39m\u001b[22m\n\u001b[2m     \u001b[90m 52 |\u001b[39m\u001b[22m\n\u001b[2m     \u001b[90m 53 |\u001b[39m   test(\u001b[32m'should handle claimDailyReward'\u001b[39m\u001b[33m,\u001b[39m () \u001b[33m=>\u001b[39m {\u001b[0m\u001b[22m\n\u001b[2m\u001b[22m\n\u001b[2m      \u001b[2mat Object.toEqual (\u001b[22m\u001b[2m\u001b[0m\u001b[36msrc/tests/state/currencySlice.test.js\u001b[39m\u001b[0m\u001b[2m:50:36)\u001b[22m\u001b[2m\u001b[22m\n","name":"C:\\Users\\banse\\CascadeProjects\\MindulPet\\src\\tests\\state\\currencySlice.test.js","startTime":1745188355556,"status":"failed","summary":""},{"assertionResults":[{"ancestorTitles":[],"duration":0,"failureDetails":[],"failureMessages":[],"fullName":"minimal test","invocations":1,"location":null,"numPassingAsserts":1,"retryReasons":[],"status":"passed","title":"minimal test"}],"endTime":1745188359838,"message":"","name":"C:\\Users\\banse\\CascadeProjects\\MindulPet\\src\\utils\\__tests__\\minimal.test.js","startTime":1745188359553,"status":"passed","summary":""},{"assertionResults":[{"ancestorTitles":["PetInteractionSystem"],"duration":31,"failureDetails":[{}],"failureMessages":["TypeError: Cannot read properties of undefined (reading 'emit')\n    at Function.emit [as interact] (C:\\Users\\banse\\CascadeProjects\\MindulPet\\src\\systems\\PetInteraction.js:81:24)\n    at Object.interact (C:\\Users\\banse\\CascadeProjects\\MindulPet\\src\\tests\\systems\\PetInteraction.test.js:14:42)\n    at Promise.then.completed (C:\\Users\\banse\\CascadeProjects\\MindulPet\\node_modules\\jest-circus\\build\\utils.js:298:28)\n    at new Promise (<anonymous>)\n    at callAsyncCircusFn (C:\\Users\\banse\\CascadeProjects\\MindulPet\\node_modules\\jest-circus\\build\\utils.js:231:10)\n    at _callCircusTest (C:\\Users\\banse\\CascadeProjects\\MindulPet\\node_modules\\jest-circus\\build\\run.js:316:40)\n    at processTicksAndRejections (node:internal/process/task_queues:105:5)\n    at _runTest (C:\\Users\\banse\\CascadeProjects\\MindulPet\\node_modules\\jest-circus\\build\\run.js:252:3)\n    at _runTestsForDescribeBlock (C:\\Users\\banse\\CascadeProjects\\MindulPet\\node_modules\\jest-circus\\build\\run.js:126:9)\n    at _runTestsForDescribeBlock (C:\\Users\\banse\\CascadeProjects\\MindulPet\\node_modules\\jest-circus\\build\\run.js:121:9)\n    at run (C:\\Users\\banse\\CascadeProjects\\MindulPet\\node_modules\\jest-circus\\build\\run.js:71:3)\n    at runAndTransformResultsToJestFormat (C:\\Users\\banse\\CascadeProjects\\MindulPet\\node_modules\\jest-circus\\build\\legacy-code-todo-rewrite\\jestAdapterInit.js:122:21)\n    at jestAdapter (C:\\Users\\banse\\CascadeProjects\\MindulPet\\node_modules\\jest-circus\\build\\legacy-code-todo-rewrite\\jestAdapter.js:79:19)\n    at runTestInternal (C:\\Users\\banse\\CascadeProjects\\MindulPet\\node_modules\\jest-runner\\build\\runTest.js:367:16)\n    at runTest (C:\\Users\\banse\\CascadeProjects\\MindulPet\\node_modules\\jest-runner\\build\\runTest.js:444:34)\n    at Object.worker (C:\\Users\\banse\\CascadeProjects\\MindulPet\\node_modules\\jest-runner\\build\\testWorker.js:106:12)"],"fullName":"PetInteractionSystem interact() should handle cooldowns correctly","invocations":1,"location":null,"numPassingAsserts":0,"retryReasons":[],"status":"failed","title":"interact() should handle cooldowns correctly"},{"ancestorTitles":["PetInteractionSystem"],"duration":1,"failureDetails":[{}],"failureMessages":["TypeError: Cannot read properties of undefined (reading 'emit')\n    at Function.emit [as interact] (C:\\Users\\banse\\CascadeProjects\\MindulPet\\src\\systems\\PetInteraction.js:81:24)\n    at Object.interact (C:\\Users\\banse\\CascadeProjects\\MindulPet\\src\\tests\\systems\\PetInteraction.test.js:25:45)\n    at Promise.then.completed (C:\\Users\\banse\\CascadeProjects\\MindulPet\\node_modules\\jest-circus\\build\\utils.js:298:28)\n    at new Promise (<anonymous>)\n    at callAsyncCircusFn (C:\\Users\\banse\\CascadeProjects\\MindulPet\\node_modules\\jest-circus\\build\\utils.js:231:10)\n    at _callCircusTest (C:\\Users\\banse\\CascadeProjects\\MindulPet\\node_modules\\jest-circus\\build\\run.js:316:40)\n    at processTicksAndRejections (node:internal/process/task_queues:105:5)\n    at _runTest (C:\\Users\\banse\\CascadeProjects\\MindulPet\\node_modules\\jest-circus\\build\\run.js:252:3)\n    at _runTestsForDescribeBlock (C:\\Users\\banse\\CascadeProjects\\MindulPet\\node_modules\\jest-circus\\build\\run.js:126:9)\n    at _runTestsForDescribeBlock (C:\\Users\\banse\\CascadeProjects\\MindulPet\\node_modules\\jest-circus\\build\\run.js:121:9)\n    at run (C:\\Users\\banse\\CascadeProjects\\MindulPet\\node_modules\\jest-circus\\build\\run.js:71:3)\n    at runAndTransformResultsToJestFormat (C:\\Users\\banse\\CascadeProjects\\MindulPet\\node_modules\\jest-circus\\build\\legacy-code-todo-rewrite\\jestAdapterInit.js:122:21)\n    at jestAdapter (C:\\Users\\banse\\CascadeProjects\\MindulPet\\node_modules\\jest-circus\\build\\legacy-code-todo-rewrite\\jestAdapter.js:79:19)\n    at runTestInternal (C:\\Users\\banse\\CascadeProjects\\MindulPet\\node_modules\\jest-runner\\build\\runTest.js:367:16)\n    at runTest (C:\\Users\\banse\\CascadeProjects\\MindulPet\\node_modules\\jest-runner\\build\\runTest.js:444:34)\n    at Object.worker (C:\\Users\\banse\\CascadeProjects\\MindulPet\\node_modules\\jest-runner\\build\\testWorker.js:106:12)"],"fullName":"PetInteractionSystem personality multipliers should affect interaction effectiveness","invocations":1,"location":null,"numPassingAsserts":0,"retryReasons":[],"status":"failed","title":"personality multipliers should affect interaction effectiveness"},{"ancestorTitles":["PetInteractionSystem"],"duration":1,"failureDetails":[{}],"failureMessages":["TypeError: Cannot read properties of undefined (reading 'emit')\n    at Function.emit [as interact] (C:\\Users\\banse\\CascadeProjects\\MindulPet\\src\\systems\\PetInteraction.js:81:24)\n    at Object.interact (C:\\Users\\banse\\CascadeProjects\\MindulPet\\src\\tests\\systems\\PetInteraction.test.js:40:50)\n    at Promise.then.completed (C:\\Users\\banse\\CascadeProjects\\MindulPet\\node_modules\\jest-circus\\build\\utils.js:298:28)\n    at new Promise (<anonymous>)\n    at callAsyncCircusFn (C:\\Users\\banse\\CascadeProjects\\MindulPet\\node_modules\\jest-circus\\build\\utils.js:231:10)\n    at _callCircusTest (C:\\Users\\banse\\CascadeProjects\\MindulPet\\node_modules\\jest-circus\\build\\run.js:316:40)\n    at processTicksAndRejections (node:internal/process/task_queues:105:5)\n    at _runTest (C:\\Users\\banse\\CascadeProjects\\MindulPet\\node_modules\\jest-circus\\build\\run.js:252:3)\n    at _runTestsForDescribeBlock (C:\\Users\\banse\\CascadeProjects\\MindulPet\\node_modules\\jest-circus\\build\\run.js:126:9)\n    at _runTestsForDescribeBlock (C:\\Users\\banse\\CascadeProjects\\MindulPet\\node_modules\\jest-circus\\build\\run.js:121:9)\n    at run (C:\\Users\\banse\\CascadeProjects\\MindulPet\\node_modules\\jest-circus\\build\\run.js:71:3)\n    at runAndTransformResultsToJestFormat (C:\\Users\\banse\\CascadeProjects\\MindulPet\\node_modules\\jest-circus\\build\\legacy-code-todo-rewrite\\jestAdapterInit.js:122:21)\n    at jestAdapter (C:\\Users\\banse\\CascadeProjects\\MindulPet\\node_modules\\jest-circus\\build\\legacy-code-todo-rewrite\\jestAdapter.js:79:19)\n    at runTestInternal (C:\\Users\\banse\\CascadeProjects\\MindulPet\\node_modules\\jest-runner\\build\\runTest.js:367:16)\n    at runTest (C:\\Users\\banse\\CascadeProjects\\MindulPet\\node_modules\\jest-runner\\build\\runTest.js:444:34)\n    at Object.worker (C:\\Users\\banse\\CascadeProjects\\MindulPet\\node_modules\\jest-runner\\build\\testWorker.js:106:12)"],"fullName":"PetInteractionSystem pet state should affect interaction effectiveness","invocations":1,"location":null,"numPassingAsserts":0,"retryReasons":[],"status":"failed","title":"pet state should affect interaction effectiveness"},{"ancestorTitles":["PetInteractionSystem"],"duration":0,"failureDetails":[{}],"failureMessages":["TypeError: Cannot read properties of undefined (reading 'emit')\n    at Function.emit [as interact] (C:\\Users\\banse\\CascadeProjects\\MindulPet\\src\\systems\\PetInteraction.js:81:24)\n    at Object.interact (C:\\Users\\banse\\CascadeProjects\\MindulPet\\src\\tests\\systems\\PetInteraction.test.js:54:26)\n    at Promise.then.completed (C:\\Users\\banse\\CascadeProjects\\MindulPet\\node_modules\\jest-circus\\build\\utils.js:298:28)\n    at new Promise (<anonymous>)\n    at callAsyncCircusFn (C:\\Users\\banse\\CascadeProjects\\MindulPet\\node_modules\\jest-circus\\build\\utils.js:231:10)\n    at _callCircusTest (C:\\Users\\banse\\CascadeProjects\\MindulPet\\node_modules\\jest-circus\\build\\run.js:316:40)\n    at processTicksAndRejections (node:internal/process/task_queues:105:5)\n    at _runTest (C:\\Users\\banse\\CascadeProjects\\MindulPet\\node_modules\\jest-circus\\build\\run.js:252:3)\n    at _runTestsForDescribeBlock (C:\\Users\\banse\\CascadeProjects\\MindulPet\\node_modules\\jest-circus\\build\\run.js:126:9)\n    at _runTestsForDescribeBlock (C:\\Users\\banse\\CascadeProjects\\MindulPet\\node_modules\\jest-circus\\build\\run.js:121:9)\n    at run (C:\\Users\\banse\\CascadeProjects\\MindulPet\\node_modules\\jest-circus\\build\\run.js:71:3)\n    at runAndTransformResultsToJestFormat (C:\\Users\\banse\\CascadeProjects\\MindulPet\\node_modules\\jest-circus\\build\\legacy-code-todo-rewrite\\jestAdapterInit.js:122:21)\n    at jestAdapter (C:\\Users\\banse\\CascadeProjects\\MindulPet\\node_modules\\jest-circus\\build\\legacy-code-todo-rewrite\\jestAdapter.js:79:19)\n    at runTestInternal (C:\\Users\\banse\\CascadeProjects\\MindulPet\\node_modules\\jest-runner\\build\\runTest.js:367:16)\n    at runTest (C:\\Users\\banse\\CascadeProjects\\MindulPet\\node_modules\\jest-runner\\build\\runTest.js:444:34)\n    at Object.worker (C:\\Users\\banse\\CascadeProjects\\MindulPet\\node_modules\\jest-runner\\build\\testWorker.js:106:12)"],"fullName":"PetInteractionSystem interactions should update pet attributes correctly","invocations":1,"location":null,"numPassingAsserts":0,"retryReasons":[],"status":"failed","title":"interactions should update pet attributes correctly"}],"endTime":1745188359954,"message":"\u001b[1m\u001b[31m  \u001b[1m● \u001b[22m\u001b[1mPetInteractionSystem › interact() should handle cooldowns correctly\u001b[39m\u001b[22m\n\n    TypeError: Cannot read properties of undefined (reading 'emit')\n\u001b[2m\u001b[22m\n\u001b[2m    \u001b[0m \u001b[90m 79 |\u001b[39m\u001b[22m\n\u001b[2m     \u001b[90m 80 |\u001b[39m     \u001b[90m// Emit interaction event\u001b[39m\u001b[22m\n\u001b[2m    \u001b[31m\u001b[1m>\u001b[22m\u001b[2m\u001b[39m\u001b[90m 81 |\u001b[39m     \u001b[33mDeviceEventEmitter\u001b[39m\u001b[33m.\u001b[39memit(\u001b[32m'PET_INTERACTION'\u001b[39m\u001b[33m,\u001b[39m {\u001b[22m\n\u001b[2m     \u001b[90m    |\u001b[39m                        \u001b[31m\u001b[1m^\u001b[22m\u001b[2m\u001b[39m\u001b[22m\n\u001b[2m     \u001b[90m 82 |\u001b[39m       type\u001b[33m:\u001b[39m interactionType\u001b[33m,\u001b[39m\u001b[22m\n\u001b[2m     \u001b[90m 83 |\u001b[39m       effectiveness\u001b[33m,\u001b[39m\u001b[22m\n\u001b[2m     \u001b[90m 84 |\u001b[39m       pet\u001b[33m:\u001b[39m pet\u001b[33m.\u001b[39mtoJSON()\u001b[33m,\u001b[39m\u001b[0m\u001b[22m\n\u001b[2m\u001b[22m\n\u001b[2m      \u001b[2mat Function.emit [as interact] (\u001b[22m\u001b[2msrc/systems/PetInteraction.js\u001b[2m:81:24)\u001b[22m\u001b[2m\u001b[22m\n\u001b[2m      \u001b[2mat Object.interact (\u001b[22m\u001b[2m\u001b[0m\u001b[36msrc/tests/systems/PetInteraction.test.js\u001b[39m\u001b[0m\u001b[2m:14:42)\u001b[22m\u001b[2m\u001b[22m\n\n\u001b[1m\u001b[31m  \u001b[1m● \u001b[22m\u001b[1mPetInteractionSystem › personality multipliers should affect interaction effectiveness\u001b[39m\u001b[22m\n\n    TypeError: Cannot read properties of undefined (reading 'emit')\n\u001b[2m\u001b[22m\n\u001b[2m    \u001b[0m \u001b[90m 79 |\u001b[39m\u001b[22m\n\u001b[2m     \u001b[90m 80 |\u001b[39m     \u001b[90m// Emit interaction event\u001b[39m\u001b[22m\n\u001b[2m    \u001b[31m\u001b[1m>\u001b[22m\u001b[2m\u001b[39m\u001b[90m 81 |\u001b[39m     \u001b[33mDeviceEventEmitter\u001b[39m\u001b[33m.\u001b[39memit(\u001b[32m'PET_INTERACTION'\u001b[39m\u001b[33m,\u001b[39m {\u001b[22m\n\u001b[2m     \u001b[90m    |\u001b[39m                        \u001b[31m\u001b[1m^\u001b[22m\u001b[2m\u001b[39m\u001b[22m\n\u001b[2m     \u001b[90m 82 |\u001b[39m       type\u001b[33m:\u001b[39m interactionType\u001b[33m,\u001b[39m\u001b[22m\n\u001b[2m     \u001b[90m 83 |\u001b[39m       effectiveness\u001b[33m,\u001b[39m\u001b[22m\n\u001b[2m     \u001b[90m 84 |\u001b[39m       pet\u001b[33m:\u001b[39m pet\u001b[33m.\u001b[39mtoJSON()\u001b[33m,\u001b[39m\u001b[0m\u001b[22m\n\u001b[2m\u001b[22m\n\u001b[2m      \u001b[2mat Function.emit [as interact] (\u001b[22m\u001b[2msrc/systems/PetInteraction.js\u001b[2m:81:24)\u001b[22m\u001b[2m\u001b[22m\n\u001b[2m      \u001b[2mat Object.interact (\u001b[22m\u001b[2m\u001b[0m\u001b[36msrc/tests/systems/PetInteraction.test.js\u001b[39m\u001b[0m\u001b[2m:25:45)\u001b[22m\u001b[2m\u001b[22m\n\n\u001b[1m\u001b[31m  \u001b[1m● \u001b[22m\u001b[1mPetInteractionSystem › pet state should affect interaction effectiveness\u001b[39m\u001b[22m\n\n    TypeError: Cannot read properties of undefined (reading 'emit')\n\u001b[2m\u001b[22m\n\u001b[2m    \u001b[0m \u001b[90m 79 |\u001b[39m\u001b[22m\n\u001b[2m     \u001b[90m 80 |\u001b[39m     \u001b[90m// Emit interaction event\u001b[39m\u001b[22m\n\u001b[2m    \u001b[31m\u001b[1m>\u001b[22m\u001b[2m\u001b[39m\u001b[90m 81 |\u001b[39m     \u001b[33mDeviceEventEmitter\u001b[39m\u001b[33m.\u001b[39memit(\u001b[32m'PET_INTERACTION'\u001b[39m\u001b[33m,\u001b[39m {\u001b[22m\n\u001b[2m     \u001b[90m    |\u001b[39m                        \u001b[31m\u001b[1m^\u001b[22m\u001b[2m\u001b[39m\u001b[22m\n\u001b[2m     \u001b[90m 82 |\u001b[39m       type\u001b[33m:\u001b[39m interactionType\u001b[33m,\u001b[39m\u001b[22m\n\u001b[2m     \u001b[90m 83 |\u001b[39m       effectiveness\u001b[33m,\u001b[39m\u001b[22m\n\u001b[2m     \u001b[90m 84 |\u001b[39m       pet\u001b[33m:\u001b[39m pet\u001b[33m.\u001b[39mtoJSON()\u001b[33m,\u001b[39m\u001b[0m\u001b[22m\n\u001b[2m\u001b[22m\n\u001b[2m      \u001b[2mat Function.emit [as interact] (\u001b[22m\u001b[2msrc/systems/PetInteraction.js\u001b[2m:81:24)\u001b[22m\u001b[2m\u001b[22m\n\u001b[2m      \u001b[2mat Object.interact (\u001b[22m\u001b[2m\u001b[0m\u001b[36msrc/tests/systems/PetInteraction.test.js\u001b[39m\u001b[0m\u001b[2m:40:50)\u001b[22m\u001b[2m\u001b[22m\n\n\u001b[1m\u001b[31m  \u001b[1m● \u001b[22m\u001b[1mPetInteractionSystem › interactions should update pet attributes correctly\u001b[39m\u001b[22m\n\n    TypeError: Cannot read properties of undefined (reading 'emit')\n\u001b[2m\u001b[22m\n\u001b[2m    \u001b[0m \u001b[90m 79 |\u001b[39m\u001b[22m\n\u001b[2m     \u001b[90m 80 |\u001b[39m     \u001b[90m// Emit interaction event\u001b[39m\u001b[22m\n\u001b[2m    \u001b[31m\u001b[1m>\u001b[22m\u001b[2m\u001b[39m\u001b[90m 81 |\u001b[39m     \u001b[33mDeviceEventEmitter\u001b[39m\u001b[33m.\u001b[39memit(\u001b[32m'PET_INTERACTION'\u001b[39m\u001b[33m,\u001b[39m {\u001b[22m\n\u001b[2m     \u001b[90m    |\u001b[39m                        \u001b[31m\u001b[1m^\u001b[22m\u001b[2m\u001b[39m\u001b[22m\n\u001b[2m     \u001b[90m 82 |\u001b[39m       type\u001b[33m:\u001b[39m interactionType\u001b[33m,\u001b[39m\u001b[22m\n\u001b[2m     \u001b[90m 83 |\u001b[39m       effectiveness\u001b[33m,\u001b[39m\u001b[22m\n\u001b[2m     \u001b[90m 84 |\u001b[39m       pet\u001b[33m:\u001b[39m pet\u001b[33m.\u001b[39mtoJSON()\u001b[33m,\u001b[39m\u001b[0m\u001b[22m\n\u001b[2m\u001b[22m\n\u001b[2m      \u001b[2mat Function.emit [as interact] (\u001b[22m\u001b[2msrc/systems/PetInteraction.js\u001b[2m:81:24)\u001b[22m\u001b[2m\u001b[22m\n\u001b[2m      \u001b[2mat Object.interact (\u001b[22m\u001b[2m\u001b[0m\u001b[36msrc/tests/systems/PetInteraction.test.js\u001b[39m\u001b[0m\u001b[2m:54:26)\u001b[22m\u001b[2m\u001b[22m\n","name":"C:\\Users\\banse\\CascadeProjects\\MindulPet\\src\\tests\\systems\\PetInteraction.test.js","startTime":1745188355474,"status":"failed","summary":""},{"assertionResults":[],"coverage":{},"endTime":1745188369391,"message":"  \u001b[1m● \u001b[22mTest suite failed to run\n\n    TypeError: Cannot read properties of undefined (reading 'create')\n\n    \u001b[0m \u001b[90m 34 |\u001b[39m }\n     \u001b[90m 35 |\u001b[39m\n    \u001b[31m\u001b[1m>\u001b[22m\u001b[39m\u001b[90m 36 |\u001b[39m \u001b[36mconst\u001b[39m styles \u001b[33m=\u001b[39m \u001b[33mStyleSheet\u001b[39m\u001b[33m.\u001b[39mcreate({\n     \u001b[90m    |\u001b[39m                           \u001b[31m\u001b[1m^\u001b[22m\u001b[39m\n     \u001b[90m 37 |\u001b[39m   \u001b[36mdefault\u001b[39m\u001b[33m:\u001b[39m {\n     \u001b[90m 38 |\u001b[39m     fontSize\u001b[33m:\u001b[39m \u001b[35m16\u001b[39m\u001b[33m,\u001b[39m\n     \u001b[90m 39 |\u001b[39m     lineHeight\u001b[33m:\u001b[39m \u001b[35m24\u001b[39m\u001b[33m,\u001b[39m\u001b[0m\n\n      \u001b[2mat Object.create (\u001b[22mtemp-app/components/ThemedText.tsx\u001b[2m:36:27)\u001b[22m\n      \u001b[2mat Object.require (\u001b[22m\u001b[0m\u001b[36mtemp-app/components/__tests__/ThemedText-test.tsx\u001b[39m\u001b[0m\u001b[2m:4:1)\u001b[22m\n","name":"C:\\Users\\banse\\CascadeProjects\\MindulPet\\temp-app\\components\\__tests__\\ThemedText-test.tsx","startTime":1745188369391,"status":"failed","summary":""},{"assertionResults":[],"coverage":{},"endTime":1745188369391,"message":"  \u001b[1m● \u001b[22mTest suite failed to run\n\n    Cannot find module '@react-native-firebase/firestore' from 'src/systems/SocialSystem.js'\n\n    Require stack:\n      src/systems/SocialSystem.js\n      src/systems/__tests__/SocialSystem.test.js\n\n    \u001b[0m\u001b[31m\u001b[1m>\u001b[22m\u001b[39m\u001b[90m 1 |\u001b[39m \u001b[36mimport\u001b[39m firestore \u001b[36mfrom\u001b[39m \u001b[32m'@react-native-firebase/firestore'\u001b[39m\u001b[33m;\u001b[39m\n     \u001b[90m   |\u001b[39m \u001b[31m\u001b[1m^\u001b[22m\u001b[39m\n     \u001b[90m 2 |\u001b[39m \u001b[36mimport\u001b[39m auth \u001b[36mfrom\u001b[39m \u001b[32m'@react-native-firebase/auth'\u001b[39m\u001b[33m;\u001b[39m\n     \u001b[90m 3 |\u001b[39m \u001b[36mimport\u001b[39m { \u001b[33mDeviceEventEmitter\u001b[39m } \u001b[36mfrom\u001b[39m \u001b[32m'react-native'\u001b[39m\u001b[33m;\u001b[39m\n     \u001b[90m 4 |\u001b[39m \u001b[36mimport\u001b[39m \u001b[33mAsyncStorage\u001b[39m \u001b[36mfrom\u001b[39m \u001b[32m'@react-native-async-storage/async-storage'\u001b[39m\u001b[33m;\u001b[39m\u001b[0m\n\n      \u001b[2mat Resolver._throwModNotFoundError (\u001b[22mnode_modules/jest-resolve/build/resolver.js\u001b[2m:427:11)\u001b[22m\n      \u001b[2mat Object.require (\u001b[22msrc/systems/SocialSystem.js\u001b[2m:1:1)\u001b[22m\n      \u001b[2mat Object.require (\u001b[22m\u001b[0m\u001b[36msrc/systems/__tests__/SocialSystem.test.js\u001b[39m\u001b[0m\u001b[2m:1:1)\u001b[22m\n","name":"C:\\Users\\banse\\CascadeProjects\\MindulPet\\src\\systems\\__tests__\\SocialSystem.test.js","startTime":1745188369391,"status":"failed","summary":""},{"assertionResults":[{"ancestorTitles":["Performance Metrics"],"duration":10,"failureDetails":[],"failureMessages":[],"fullName":"Performance Metrics metrics should have correct format","invocations":1,"location":null,"numPassingAsserts":1,"retryReasons":[],"status":"passed","title":"metrics should have correct format"},{"ancestorTitles":["Performance Metrics"],"duration":1,"failureDetails":[],"failureMessages":[],"fullName":"Performance Metrics metrics should have valid ranges","invocations":1,"location":null,"numPassingAsserts":4,"retryReasons":[],"status":"passed","title":"metrics should have valid ranges"}],"endTime":1745188360198,"message":"","name":"C:\\Users\\banse\\CascadeProjects\\MindulPet\\src\\utils\\__tests__\\metrics.test.js","startTime":1745188355831,"status":"passed","summary":""},{"assertionResults":[],"coverage":{},"endTime":1745188369391,"message":"  \u001b[1m● \u001b[22mTest suite failed to run\n\n    Cannot find module '@react-native-async-storage/async-storage' from 'src/systems/NarrativeEngine.js'\n\n    Require stack:\n      src/systems/NarrativeEngine.js\n      src/systems/__tests__/NarrativeEngine.test.js\n\n    \u001b[0m \u001b[90m 1 |\u001b[39m \u001b[36mimport\u001b[39m { \u001b[33mDeviceEventEmitter\u001b[39m } \u001b[36mfrom\u001b[39m \u001b[32m'react-native'\u001b[39m\u001b[33m;\u001b[39m\n    \u001b[31m\u001b[1m>\u001b[22m\u001b[39m\u001b[90m 2 |\u001b[39m \u001b[36mimport\u001b[39m \u001b[33mAsyncStorage\u001b[39m \u001b[36mfrom\u001b[39m \u001b[32m'@react-native-async-storage/async-storage'\u001b[39m\u001b[33m;\u001b[39m\n     \u001b[90m   |\u001b[39m \u001b[31m\u001b[1m^\u001b[22m\u001b[39m\n     \u001b[90m 3 |\u001b[39m \u001b[36mimport\u001b[39m { formatISO\u001b[33m,\u001b[39m parseISO\u001b[33m,\u001b[39m differenceInDays } \u001b[36mfrom\u001b[39m \u001b[32m'date-fns'\u001b[39m\u001b[33m;\u001b[39m\n     \u001b[90m 4 |\u001b[39m \u001b[36mimport\u001b[39m \u001b[33mBehavioralAnalytics\u001b[39m \u001b[36mfrom\u001b[39m \u001b[32m'./BehavioralAnalytics'\u001b[39m\u001b[33m;\u001b[39m\n     \u001b[90m 5 |\u001b[39m\u001b[0m\n\n      \u001b[2mat Resolver._throwModNotFoundError (\u001b[22mnode_modules/jest-resolve/build/resolver.js\u001b[2m:427:11)\u001b[22m\n      \u001b[2mat Object.require (\u001b[22msrc/systems/NarrativeEngine.js\u001b[2m:2:1)\u001b[22m\n      \u001b[2mat Object.require (\u001b[22m\u001b[0m\u001b[36msrc/systems/__tests__/NarrativeEngine.test.js\u001b[39m\u001b[0m\u001b[2m:1:1)\u001b[22m\n","name":"C:\\Users\\banse\\CascadeProjects\\MindulPet\\src\\systems\\__tests__\\NarrativeEngine.test.js","startTime":1745188369391,"status":"failed","summary":""},{"assertionResults":[],"coverage":{},"endTime":1745188369391,"message":"  \u001b[1m● \u001b[22mTest suite failed to run\n\n    Cannot find module '@react-native-async-storage/async-storage' from 'tests/systems/NarrativeEngine.test.js'\n\n    \u001b[0m \u001b[90m  5 |\u001b[39m\n     \u001b[90m  6 |\u001b[39m \u001b[90m// Mock dependencies\u001b[39m\n    \u001b[31m\u001b[1m>\u001b[22m\u001b[39m\u001b[90m  7 |\u001b[39m jest\u001b[33m.\u001b[39mmock(\u001b[32m'@react-native-async-storage/async-storage'\u001b[39m)\u001b[33m;\u001b[39m\n     \u001b[90m    |\u001b[39m                                                       \u001b[31m\u001b[1m^\u001b[22m\u001b[39m\n     \u001b[90m  8 |\u001b[39m jest\u001b[33m.\u001b[39mmock(\u001b[32m'react-native'\u001b[39m\u001b[33m,\u001b[39m () \u001b[33m=>\u001b[39m ({\n     \u001b[90m  9 |\u001b[39m   \u001b[33mDeviceEventEmitter\u001b[39m\u001b[33m:\u001b[39m {\n     \u001b[90m 10 |\u001b[39m     emit\u001b[33m:\u001b[39m jest\u001b[33m.\u001b[39mfn()\u001b[33m,\u001b[39m\u001b[0m\n\n      \u001b[2mat Resolver._throwModNotFoundError (\u001b[22mnode_modules/jest-resolve/build/resolver.js\u001b[2m:427:11)\u001b[22m\n      \u001b[2mat Object.<anonymous> (\u001b[22m\u001b[0m\u001b[36mtests/systems/NarrativeEngine.test.js\u001b[39m\u001b[0m\u001b[2m:7:55)\u001b[22m\n","name":"C:\\Users\\banse\\CascadeProjects\\MindulPet\\tests\\systems\\NarrativeEngine.test.js","startTime":1745188369391,"status":"failed","summary":""},{"assertionResults":[],"coverage":{},"endTime":1745188369391,"message":"  \u001b[1m● \u001b[22mTest suite failed to run\n\n    Cannot find module '@react-native-async-storage/async-storage' from 'tests/systems/SocialSystem.test.js'\n\n    \u001b[0m \u001b[90m  6 |\u001b[39m\n     \u001b[90m  7 |\u001b[39m \u001b[90m// Mock dependencies\u001b[39m\n    \u001b[31m\u001b[1m>\u001b[22m\u001b[39m\u001b[90m  8 |\u001b[39m jest\u001b[33m.\u001b[39mmock(\u001b[32m'@react-native-async-storage/async-storage'\u001b[39m)\u001b[33m;\u001b[39m\n     \u001b[90m    |\u001b[39m                                                       \u001b[31m\u001b[1m^\u001b[22m\u001b[39m\n     \u001b[90m  9 |\u001b[39m jest\u001b[33m.\u001b[39mmock(\u001b[32m'@react-native-firebase/firestore'\u001b[39m)\u001b[33m;\u001b[39m\n     \u001b[90m 10 |\u001b[39m jest\u001b[33m.\u001b[39mmock(\u001b[32m'react-native'\u001b[39m\u001b[33m,\u001b[39m () \u001b[33m=>\u001b[39m ({\n     \u001b[90m 11 |\u001b[39m   \u001b[33mDeviceEventEmitter\u001b[39m\u001b[33m:\u001b[39m {\u001b[0m\n\n      \u001b[2mat Resolver._throwModNotFoundError (\u001b[22mnode_modules/jest-resolve/build/resolver.js\u001b[2m:427:11)\u001b[22m\n      \u001b[2mat Object.<anonymous> (\u001b[22m\u001b[0m\u001b[36mtests/systems/SocialSystem.test.js\u001b[39m\u001b[0m\u001b[2m:8:55)\u001b[22m\n","name":"C:\\Users\\banse\\CascadeProjects\\MindulPet\\tests\\systems\\SocialSystem.test.js","startTime":1745188369391,"status":"failed","summary":""},{"assertionResults":[],"coverage":{},"endTime":1745188369391,"message":"  \u001b[1m● \u001b[22mTest suite failed to run\n\n    Cannot find module '@react-native-async-storage/async-storage' from 'tests/systems/BehavioralAnalytics.test.js'\n\n    \u001b[0m \u001b[90m  6 |\u001b[39m\n     \u001b[90m  7 |\u001b[39m \u001b[90m// Mock dependencies\u001b[39m\n    \u001b[31m\u001b[1m>\u001b[22m\u001b[39m\u001b[90m  8 |\u001b[39m jest\u001b[33m.\u001b[39mmock(\u001b[32m'@react-native-async-storage/async-storage'\u001b[39m)\u001b[33m;\u001b[39m\n     \u001b[90m    |\u001b[39m                                                       \u001b[31m\u001b[1m^\u001b[22m\u001b[39m\n     \u001b[90m  9 |\u001b[39m jest\u001b[33m.\u001b[39mmock(\u001b[32m'@tensorflow/tfjs'\u001b[39m)\u001b[33m;\u001b[39m\n     \u001b[90m 10 |\u001b[39m jest\u001b[33m.\u001b[39mmock(\u001b[32m'react-native'\u001b[39m\u001b[33m,\u001b[39m () \u001b[33m=>\u001b[39m ({\n     \u001b[90m 11 |\u001b[39m   \u001b[33mDeviceEventEmitter\u001b[39m\u001b[33m:\u001b[39m {\u001b[0m\n\n      \u001b[2mat Resolver._throwModNotFoundError (\u001b[22mnode_modules/jest-resolve/build/resolver.js\u001b[2m:427:11)\u001b[22m\n      \u001b[2mat Object.<anonymous> (\u001b[22m\u001b[0m\u001b[36mtests/systems/BehavioralAnalytics.test.js\u001b[39m\u001b[0m\u001b[2m:8:55)\u001b[22m\n","name":"C:\\Users\\banse\\CascadeProjects\\MindulPet\\tests\\systems\\BehavioralAnalytics.test.js","startTime":1745188369391,"status":"failed","summary":""},{"assertionResults":[],"coverage":{},"endTime":1745188369391,"message":"  \u001b[1m● \u001b[22mTest suite failed to run\n\n    Cannot find module 'react-native-ble-manager' from 'tests/systems/ARIoTSystem.test.js'\n\n    \u001b[0m \u001b[90m 16 |\u001b[39m }))\u001b[33m;\u001b[39m\n     \u001b[90m 17 |\u001b[39m\n    \u001b[31m\u001b[1m>\u001b[22m\u001b[39m\u001b[90m 18 |\u001b[39m jest\u001b[33m.\u001b[39mmock(\u001b[32m'react-native-ble-manager'\u001b[39m\u001b[33m,\u001b[39m () \u001b[33m=>\u001b[39m ({\n     \u001b[90m    |\u001b[39m      \u001b[31m\u001b[1m^\u001b[22m\u001b[39m\n     \u001b[90m 19 |\u001b[39m   start\u001b[33m:\u001b[39m jest\u001b[33m.\u001b[39mfn()\u001b[33m,\u001b[39m\n     \u001b[90m 20 |\u001b[39m   scan\u001b[33m:\u001b[39m jest\u001b[33m.\u001b[39mfn()\u001b[33m,\u001b[39m\n     \u001b[90m 21 |\u001b[39m   stopScan\u001b[33m:\u001b[39m jest\u001b[33m.\u001b[39mfn()\u001b[33m,\u001b[39m\u001b[0m\n\n      \u001b[2mat Resolver._throwModNotFoundError (\u001b[22mnode_modules/jest-resolve/build/resolver.js\u001b[2m:427:11)\u001b[22m\n      \u001b[2mat Object.mock (\u001b[22m\u001b[0m\u001b[36mtests/systems/ARIoTSystem.test.js\u001b[39m\u001b[0m\u001b[2m:18:6)\u001b[22m\n","name":"C:\\Users\\banse\\CascadeProjects\\MindulPet\\tests\\systems\\ARIoTSystem.test.js","startTime":1745188369391,"status":"failed","summary":""},{"assertionResults":[{"ancestorTitles":["BehavioralAnalytics","processBehavioralData"],"duration":2,"failureDetails":[],"failureMessages":[],"fullName":"BehavioralAnalytics processBehavioralData should process behavioral data correctly","invocations":1,"location":null,"numPassingAsserts":3,"retryReasons":[],"status":"passed","title":"should process behavioral data correctly"}],"endTime":1745188360320,"message":"","name":"C:\\Users\\banse\\CascadeProjects\\MindulPet\\src\\systems\\__tests__\\BehavioralAnalytics.test.js","startTime":1745188359556,"status":"passed","summary":""},{"assertionResults":[],"coverage":{},"endTime":1745188369391,"message":"  \u001b[1m● \u001b[22mTest suite failed to run\n\n    Cannot find module '@react-three/fiber' from 'tests/components/PetHologram.test.js'\n\n    \u001b[0m \u001b[90m  5 |\u001b[39m\n     \u001b[90m  6 |\u001b[39m \u001b[90m// Mock Canvas and other Three.js components\u001b[39m\n    \u001b[31m\u001b[1m>\u001b[22m\u001b[39m\u001b[90m  7 |\u001b[39m jest\u001b[33m.\u001b[39mmock(\u001b[32m'@react-three/fiber'\u001b[39m\u001b[33m,\u001b[39m () \u001b[33m=>\u001b[39m ({\n     \u001b[90m    |\u001b[39m                                 \u001b[31m\u001b[1m^\u001b[22m\u001b[39m\n     \u001b[90m  8 |\u001b[39m   \u001b[33mCanvas\u001b[39m\u001b[33m:\u001b[39m ({ children }) \u001b[33m=>\u001b[39m \u001b[33m<\u001b[39m\u001b[33mdiv\u001b[39m data\u001b[33m-\u001b[39mtestid\u001b[33m=\u001b[39m\u001b[32m\"canvas\"\u001b[39m\u001b[33m>\u001b[39m{children}\u001b[33m<\u001b[39m\u001b[33m/\u001b[39m\u001b[33mdiv\u001b[39m\u001b[33m>\u001b[39m\u001b[33m,\u001b[39m\n     \u001b[90m  9 |\u001b[39m   useFrame\u001b[33m:\u001b[39m () \u001b[33m=>\u001b[39m jest\u001b[33m.\u001b[39mfn()\u001b[33m,\u001b[39m\n     \u001b[90m 10 |\u001b[39m }))\u001b[33m;\u001b[39m\u001b[0m\n\n      \u001b[2mat Resolver._throwModNotFoundError (\u001b[22mnode_modules/jest-resolve/build/resolver.js\u001b[2m:427:11)\u001b[22m\n      \u001b[2mat Object.<anonymous> (\u001b[22m\u001b[0m\u001b[36mtests/components/PetHologram.test.js\u001b[39m\u001b[0m\u001b[2m:7:33)\u001b[22m\n","name":"C:\\Users\\banse\\CascadeProjects\\MindulPet\\tests\\components\\PetHologram.test.js","startTime":1745188369391,"status":"failed","summary":""},{"assertionResults":[],"coverage":{},"endTime":1745188369391,"message":"  \u001b[1m● \u001b[22mTest suite failed to run\n\n    Cannot find module 'redux-mock-store' from 'src/tests/screens/pet/PetInteractionScreen.test.js'\n\n    \u001b[0m \u001b[90m 2 |\u001b[39m \u001b[36mimport\u001b[39m { render\u001b[33m,\u001b[39m fireEvent\u001b[33m,\u001b[39m act } \u001b[36mfrom\u001b[39m \u001b[32m'@testing-library/react-native'\u001b[39m\u001b[33m;\u001b[39m\n     \u001b[90m 3 |\u001b[39m \u001b[36mimport\u001b[39m { \u001b[33mProvider\u001b[39m } \u001b[36mfrom\u001b[39m \u001b[32m'react-redux'\u001b[39m\u001b[33m;\u001b[39m\n    \u001b[31m\u001b[1m>\u001b[22m\u001b[39m\u001b[90m 4 |\u001b[39m \u001b[36mimport\u001b[39m configureStore \u001b[36mfrom\u001b[39m \u001b[32m'redux-mock-store'\u001b[39m\u001b[33m;\u001b[39m\n     \u001b[90m   |\u001b[39m \u001b[31m\u001b[1m^\u001b[22m\u001b[39m\n     \u001b[90m 5 |\u001b[39m \u001b[36mimport\u001b[39m \u001b[33mPetInteractionScreen\u001b[39m \u001b[36mfrom\u001b[39m \u001b[32m'../../../screens/pet/PetInteractionScreen'\u001b[39m\u001b[33m;\u001b[39m\n     \u001b[90m 6 |\u001b[39m \u001b[36mimport\u001b[39m \u001b[33mPetInteractionSystem\u001b[39m \u001b[36mfrom\u001b[39m \u001b[32m'../../../systems/PetInteraction'\u001b[39m\u001b[33m;\u001b[39m\n     \u001b[90m 7 |\u001b[39m \u001b[36mimport\u001b[39m { \u001b[33mPetModel\u001b[39m\u001b[33m,\u001b[39m \u001b[33mEmotionalStates\u001b[39m } \u001b[36mfrom\u001b[39m \u001b[32m'../../../models/PetModel'\u001b[39m\u001b[33m;\u001b[39m\u001b[0m\n\n      \u001b[2mat Resolver._throwModNotFoundError (\u001b[22mnode_modules/jest-resolve/build/resolver.js\u001b[2m:427:11)\u001b[22m\n      \u001b[2mat Object.require (\u001b[22m\u001b[0m\u001b[36msrc/tests/screens/pet/PetInteractionScreen.test.js\u001b[39m\u001b[0m\u001b[2m:4:1)\u001b[22m\n","name":"C:\\Users\\banse\\CascadeProjects\\MindulPet\\src\\tests\\screens\\pet\\PetInteractionScreen.test.js","startTime":1745188369391,"status":"failed","summary":""},{"assertionResults":[{"ancestorTitles":["SessionManager"],"duration":8,"failureDetails":[{}],"failureMessages":["TypeError: Cannot read properties of undefined (reading 'getInstance')\n    at Object.getInstance (C:\\Users\\banse\\CascadeProjects\\MindulPet\\__tests__\\sessionManager.test.ts:5:36)\n    at Generator.next (<anonymous>)\n    at asyncGeneratorStep (C:\\Users\\banse\\CascadeProjects\\MindulPet\\node_modules\\@babel\\runtime\\helpers\\asyncToGenerator.js:3:17)\n    at _next (C:\\Users\\banse\\CascadeProjects\\MindulPet\\node_modules\\@babel\\runtime\\helpers\\asyncToGenerator.js:17:9)\n    at C:\\Users\\banse\\CascadeProjects\\MindulPet\\node_modules\\@babel\\runtime\\helpers\\asyncToGenerator.js:22:7\n    at new Promise (<anonymous>)\n    at Object.<anonymous> (C:\\Users\\banse\\CascadeProjects\\MindulPet\\node_modules\\@babel\\runtime\\helpers\\asyncToGenerator.js:14:12)\n    at Promise.then.completed (C:\\Users\\banse\\CascadeProjects\\MindulPet\\node_modules\\jest-circus\\build\\utils.js:298:28)\n    at new Promise (<anonymous>)\n    at callAsyncCircusFn (C:\\Users\\banse\\CascadeProjects\\MindulPet\\node_modules\\jest-circus\\build\\utils.js:231:10)\n    at _callCircusTest (C:\\Users\\banse\\CascadeProjects\\MindulPet\\node_modules\\jest-circus\\build\\run.js:316:40)\n    at processTicksAndRejections (node:internal/process/task_queues:105:5)\n    at _runTest (C:\\Users\\banse\\CascadeProjects\\MindulPet\\node_modules\\jest-circus\\build\\run.js:252:3)\n    at _runTestsForDescribeBlock (C:\\Users\\banse\\CascadeProjects\\MindulPet\\node_modules\\jest-circus\\build\\run.js:126:9)\n    at _runTestsForDescribeBlock (C:\\Users\\banse\\CascadeProjects\\MindulPet\\node_modules\\jest-circus\\build\\run.js:121:9)\n    at run (C:\\Users\\banse\\CascadeProjects\\MindulPet\\node_modules\\jest-circus\\build\\run.js:71:3)\n    at runAndTransformResultsToJestFormat (C:\\Users\\banse\\CascadeProjects\\MindulPet\\node_modules\\jest-circus\\build\\legacy-code-todo-rewrite\\jestAdapterInit.js:122:21)\n    at jestAdapter (C:\\Users\\banse\\CascadeProjects\\MindulPet\\node_modules\\jest-circus\\build\\legacy-code-todo-rewrite\\jestAdapter.js:79:19)\n    at runTestInternal (C:\\Users\\banse\\CascadeProjects\\MindulPet\\node_modules\\jest-runner\\build\\runTest.js:367:16)\n    at runTest (C:\\Users\\banse\\CascadeProjects\\MindulPet\\node_modules\\jest-runner\\build\\runTest.js:444:34)\n    at Object.worker (C:\\Users\\banse\\CascadeProjects\\MindulPet\\node_modules\\jest-runner\\build\\testWorker.js:106:12)"],"fullName":"SessionManager should retrieve active sessions for a user","invocations":1,"location":null,"numPassingAsserts":0,"retryReasons":[],"status":"failed","title":"should retrieve active sessions for a user"}],"endTime":1745188360389,"message":"\u001b[1m\u001b[31m  \u001b[1m● \u001b[22m\u001b[1mSessionManager › should retrieve active sessions for a user\u001b[39m\u001b[22m\n\n    TypeError: Cannot read properties of undefined (reading 'getInstance')\n\u001b[2m\u001b[22m\n\u001b[2m    \u001b[0m \u001b[90m 3 |\u001b[39m describe(\u001b[32m'SessionManager'\u001b[39m\u001b[33m,\u001b[39m () \u001b[33m=>\u001b[39m {\u001b[22m\n\u001b[2m     \u001b[90m 4 |\u001b[39m   it(\u001b[32m'should retrieve active sessions for a user'\u001b[39m\u001b[33m,\u001b[39m \u001b[36masync\u001b[39m () \u001b[33m=>\u001b[39m {\u001b[22m\n\u001b[2m    \u001b[31m\u001b[1m>\u001b[22m\u001b[2m\u001b[39m\u001b[90m 5 |\u001b[39m     \u001b[36mconst\u001b[39m manager \u001b[33m=\u001b[39m \u001b[33mSessionManager\u001b[39m\u001b[33m.\u001b[39mgetInstance()\u001b[33m;\u001b[39m\u001b[22m\n\u001b[2m     \u001b[90m   |\u001b[39m                                    \u001b[31m\u001b[1m^\u001b[22m\u001b[2m\u001b[39m\u001b[22m\n\u001b[2m     \u001b[90m 6 |\u001b[39m     \u001b[90m// Mock storage\u001b[39m\u001b[22m\n\u001b[2m     \u001b[90m 7 |\u001b[39m     manager\u001b[33m.\u001b[39mstorage\u001b[33m.\u001b[39msecureGet \u001b[33m=\u001b[39m jest\u001b[33m.\u001b[39mfn()\u001b[33m.\u001b[39mmockResolvedValue(\u001b[33mJSON\u001b[39m\u001b[33m.\u001b[39mstringify([\u001b[32m'token1'\u001b[39m\u001b[33m,\u001b[39m \u001b[32m'token2'\u001b[39m]))\u001b[33m;\u001b[39m\u001b[22m\n\u001b[2m     \u001b[90m 8 |\u001b[39m     manager\u001b[33m.\u001b[39msecurity\u001b[33m.\u001b[39mdecryptData \u001b[33m=\u001b[39m jest\u001b[33m.\u001b[39mfn()\u001b[33m.\u001b[39mmockResolvedValue([\u001b[32m'token1'\u001b[39m\u001b[33m,\u001b[39m \u001b[32m'token2'\u001b[39m])\u001b[33m;\u001b[39m\u001b[0m\u001b[22m\n\u001b[2m\u001b[22m\n\u001b[2m      \u001b[2mat Object.getInstance (\u001b[22m\u001b[2m\u001b[0m\u001b[36m__tests__/sessionManager.test.ts\u001b[39m\u001b[0m\u001b[2m:5:36)\u001b[22m\u001b[2m\u001b[22m\n\u001b[2m      \u001b[2mat asyncGeneratorStep (\u001b[22m\u001b[2mnode_modules/@babel/runtime/helpers/asyncToGenerator.js\u001b[2m:3:17)\u001b[22m\u001b[2m\u001b[22m\n\u001b[2m      \u001b[2mat _next (\u001b[22m\u001b[2mnode_modules/@babel/runtime/helpers/asyncToGenerator.js\u001b[2m:17:9)\u001b[22m\u001b[2m\u001b[22m\n\u001b[2m      \u001b[2mat \u001b[22m\u001b[2mnode_modules/@babel/runtime/helpers/asyncToGenerator.js\u001b[2m:22:7\u001b[22m\u001b[2m\u001b[22m\n\u001b[2m      \u001b[2mat Object.<anonymous> (\u001b[22m\u001b[2mnode_modules/@babel/runtime/helpers/asyncToGenerator.js\u001b[2m:14:12)\u001b[22m\u001b[2m\u001b[22m\n","name":"C:\\Users\\banse\\CascadeProjects\\MindulPet\\__tests__\\sessionManager.test.ts","startTime":1745188355553,"status":"failed","summary":""},{"assertionResults":[],"coverage":{},"endTime":1745188369391,"message":"  \u001b[1m● \u001b[22mTest suite failed to run\n\n    TypeError: Cannot read properties of undefined (reading 'Mixin')\n\n    \u001b[0m \u001b[90m 1 |\u001b[39m \u001b[36mimport\u001b[39m \u001b[33mReact\u001b[39m\u001b[33m,\u001b[39m { useRef\u001b[33m,\u001b[39m useEffect } \u001b[36mfrom\u001b[39m \u001b[32m'react'\u001b[39m\u001b[33m;\u001b[39m\n     \u001b[90m 2 |\u001b[39m \u001b[36mimport\u001b[39m { \u001b[33mView\u001b[39m\u001b[33m,\u001b[39m \u001b[33mAnimated\u001b[39m\u001b[33m,\u001b[39m \u001b[33mStyleSheet\u001b[39m } \u001b[36mfrom\u001b[39m \u001b[32m'react-native'\u001b[39m\u001b[33m;\u001b[39m\n    \u001b[31m\u001b[1m>\u001b[22m\u001b[39m\u001b[90m 3 |\u001b[39m \u001b[36mimport\u001b[39m { \u001b[33mSvgUri\u001b[39m } \u001b[36mfrom\u001b[39m \u001b[32m'react-native-svg'\u001b[39m\u001b[33m;\u001b[39m\n     \u001b[90m   |\u001b[39m \u001b[31m\u001b[1m^\u001b[22m\u001b[39m\n     \u001b[90m 4 |\u001b[39m \u001b[36mimport\u001b[39m { \u001b[33mPetTypes\u001b[39m\u001b[33m,\u001b[39m \u001b[33mPetStages\u001b[39m\u001b[33m,\u001b[39m \u001b[33mEmotionalStates\u001b[39m } \u001b[36mfrom\u001b[39m \u001b[32m'../../models/PetModel'\u001b[39m\u001b[33m;\u001b[39m\n     \u001b[90m 5 |\u001b[39m \u001b[36mimport\u001b[39m \u001b[33mPetAnimationSystem\u001b[39m \u001b[36mfrom\u001b[39m \u001b[32m'../../systems/PetAnimation'\u001b[39m\u001b[33m;\u001b[39m\n     \u001b[90m 6 |\u001b[39m\u001b[0m\n\n      \u001b[2mat Object.Mixin (\u001b[22mnode_modules/react-native-svg/src/lib/SvgTouchableMixin.ts\u001b[2m:5:9)\u001b[22m\n      \u001b[2mat Object.require (\u001b[22mnode_modules/react-native-svg/src/elements/Shape.tsx\u001b[2m:3:1)\u001b[22m\n      \u001b[2mat Object.require (\u001b[22mnode_modules/react-native-svg/src/ReactNativeSVG.ts\u001b[2m:1:1)\u001b[22m\n      \u001b[2mat Object.require (\u001b[22mnode_modules/react-native-svg/src/index.ts\u001b[2m:3:1)\u001b[22m\n      \u001b[2mat Object.require (\u001b[22msrc/components/pet/PetRenderer.js\u001b[2m:3:1)\u001b[22m\n      \u001b[2mat Object.require (\u001b[22m\u001b[0m\u001b[36msrc/tests/components/pet/PetRenderer.test.js\u001b[39m\u001b[0m\u001b[2m:3:1)\u001b[22m\n","name":"C:\\Users\\banse\\CascadeProjects\\MindulPet\\src\\tests\\components\\pet\\PetRenderer.test.js","startTime":1745188369391,"status":"failed","summary":""},{"assertionResults":[{"ancestorTitles":["BehavioralAnalytics"],"duration":37,"failureDetails":[],"failureMessages":[],"fullName":"BehavioralAnalytics processBehavioralData should process valid data","invocations":1,"location":null,"numPassingAsserts":3,"retryReasons":[],"status":"passed","title":"processBehavioralData should process valid data"},{"ancestorTitles":["BehavioralAnalytics"],"duration":13,"failureDetails":[],"failureMessages":[],"fullName":"BehavioralAnalytics processBehavioralData should throw on invalid data","invocations":1,"location":null,"numPassingAsserts":1,"retryReasons":[],"status":"passed","title":"processBehavioralData should throw on invalid data"}],"endTime":1745188360231,"message":"","name":"C:\\Users\\banse\\CascadeProjects\\MindulPet\\src\\__tests__\\BehavioralAnalytics.test.js","startTime":1745188355781,"status":"passed","summary":""},{"assertionResults":[],"coverage":{},"endTime":1745188369391,"message":"  \u001b[1m● \u001b[22mTest suite failed to run\n\n    Cannot find module 'redux-mock-store' from 'src/navigation/__tests__/navigation.test.js'\n\n    \u001b[0m \u001b[90m 3 |\u001b[39m \u001b[36mimport\u001b[39m { \u001b[33mNavigationContainer\u001b[39m } \u001b[36mfrom\u001b[39m \u001b[32m'@react-navigation/native'\u001b[39m\u001b[33m;\u001b[39m\n     \u001b[90m 4 |\u001b[39m \u001b[36mimport\u001b[39m { \u001b[33mProvider\u001b[39m } \u001b[36mfrom\u001b[39m \u001b[32m'react-redux'\u001b[39m\u001b[33m;\u001b[39m\n    \u001b[31m\u001b[1m>\u001b[22m\u001b[39m\u001b[90m 5 |\u001b[39m \u001b[36mimport\u001b[39m configureStore \u001b[36mfrom\u001b[39m \u001b[32m'redux-mock-store'\u001b[39m\u001b[33m;\u001b[39m\n     \u001b[90m   |\u001b[39m \u001b[31m\u001b[1m^\u001b[22m\u001b[39m\n     \u001b[90m 6 |\u001b[39m \u001b[36mimport\u001b[39m \u001b[33mAppNavigator\u001b[39m \u001b[36mfrom\u001b[39m \u001b[32m'../AppNavigator'\u001b[39m\u001b[33m;\u001b[39m\n     \u001b[90m 7 |\u001b[39m \u001b[36mimport\u001b[39m \u001b[33mNavigationService\u001b[39m \u001b[36mfrom\u001b[39m \u001b[32m'../NavigationService'\u001b[39m\u001b[33m;\u001b[39m\n     \u001b[90m 8 |\u001b[39m\u001b[0m\n\n      \u001b[2mat Resolver._throwModNotFoundError (\u001b[22mnode_modules/jest-resolve/build/resolver.js\u001b[2m:427:11)\u001b[22m\n      \u001b[2mat Object.require (\u001b[22m\u001b[0m\u001b[36msrc/navigation/__tests__/navigation.test.js\u001b[39m\u001b[0m\u001b[2m:5:1)\u001b[22m\n","name":"C:\\Users\\banse\\CascadeProjects\\MindulPet\\src\\navigation\\__tests__\\navigation.test.js","startTime":1745188369391,"status":"failed","summary":""},{"assertionResults":[],"coverage":{},"endTime":1745188369391,"message":"  \u001b[1m● \u001b[22mTest suite failed to run\n\n    TypeError: Cannot read properties of undefined (reading 'create')\n\n    \u001b[0m \u001b[90m 34 |\u001b[39m }\n     \u001b[90m 35 |\u001b[39m\n    \u001b[31m\u001b[1m>\u001b[22m\u001b[39m\u001b[90m 36 |\u001b[39m \u001b[36mconst\u001b[39m styles \u001b[33m=\u001b[39m \u001b[33mStyleSheet\u001b[39m\u001b[33m.\u001b[39mcreate({\n     \u001b[90m    |\u001b[39m                           \u001b[31m\u001b[1m^\u001b[22m\u001b[39m\n     \u001b[90m 37 |\u001b[39m   \u001b[36mdefault\u001b[39m\u001b[33m:\u001b[39m {\n     \u001b[90m 38 |\u001b[39m     fontSize\u001b[33m:\u001b[39m \u001b[35m16\u001b[39m\u001b[33m,\u001b[39m\n     \u001b[90m 39 |\u001b[39m     lineHeight\u001b[33m:\u001b[39m \u001b[35m24\u001b[39m\u001b[33m,\u001b[39m\u001b[0m\n\n      \u001b[2mat Object.create (\u001b[22mcomponents/ThemedText.tsx\u001b[2m:36:27)\u001b[22m\n      \u001b[2mat Object.require (\u001b[22m\u001b[0m\u001b[36mcomponents/__tests__/ThemedText-test.tsx\u001b[39m\u001b[0m\u001b[2m:4:1)\u001b[22m\n","name":"C:\\Users\\banse\\CascadeProjects\\MindulPet\\components\\__tests__\\ThemedText-test.tsx","startTime":1745188369391,"status":"failed","summary":""},{"assertionResults":[],"coverage":{},"endTime":1745188369391,"message":"  \u001b[1m● \u001b[22mTest suite failed to run\n\n    Cannot find module 'openai' from 'src/ai/services/meditationAI.js'\n\n    Require stack:\n      src/ai/services/meditationAI.js\n      __tests__/meditationAI.test.js\n\n    \u001b[0m\u001b[31m\u001b[1m>\u001b[22m\u001b[39m\u001b[90m 1 |\u001b[39m \u001b[36mimport\u001b[39m \u001b[33mOpenAI\u001b[39m \u001b[36mfrom\u001b[39m \u001b[32m'openai'\u001b[39m\u001b[33m;\u001b[39m\n     \u001b[90m   |\u001b[39m \u001b[31m\u001b[1m^\u001b[22m\u001b[39m\n     \u001b[90m 2 |\u001b[39m \u001b[36mimport\u001b[39m { \u001b[33mVoice\u001b[39m } \u001b[36mfrom\u001b[39m \u001b[32m'elevenlabs-node'\u001b[39m\u001b[33m;\u001b[39m\n     \u001b[90m 3 |\u001b[39m \u001b[36mimport\u001b[39m \u001b[33m*\u001b[39m \u001b[36mas\u001b[39m tf \u001b[36mfrom\u001b[39m \u001b[32m'@tensorflow/tfjs'\u001b[39m\u001b[33m;\u001b[39m\n     \u001b[90m 4 |\u001b[39m \u001b[36mimport\u001b[39m \u001b[33m*\u001b[39m \u001b[36mas\u001b[39m faceLandmarksDetection \u001b[36mfrom\u001b[39m \u001b[32m'@tensorflow-models/face-landmarks-detection'\u001b[39m\u001b[33m;\u001b[39m\u001b[0m\n\n      \u001b[2mat Resolver._throwModNotFoundError (\u001b[22mnode_modules/jest-resolve/build/resolver.js\u001b[2m:427:11)\u001b[22m\n      \u001b[2mat Object.require (\u001b[22msrc/ai/services/meditationAI.js\u001b[2m:1:1)\u001b[22m\n      \u001b[2mat Object.require (\u001b[22m\u001b[0m\u001b[36m__tests__/meditationAI.test.js\u001b[39m\u001b[0m\u001b[2m:1:1)\u001b[22m\n","name":"C:\\Users\\banse\\CascadeProjects\\MindulPet\\__tests__\\meditationAI.test.js","startTime":1745188369391,"status":"failed","summary":""},{"assertionResults":[],"coverage":{},"endTime":1745188369391,"message":"  \u001b[1m● \u001b[22mTest suite failed to run\n\n    Cannot find module 'openai' from 'src/ai/services/nutritionAI.js'\n\n    Require stack:\n      src/ai/services/nutritionAI.js\n      __tests__/nutritionAI.test.js\n\n    \u001b[0m\u001b[31m\u001b[1m>\u001b[22m\u001b[39m\u001b[90m 1 |\u001b[39m \u001b[36mimport\u001b[39m \u001b[33mOpenAI\u001b[39m \u001b[36mfrom\u001b[39m \u001b[32m'openai'\u001b[39m\u001b[33m;\u001b[39m\n     \u001b[90m   |\u001b[39m \u001b[31m\u001b[1m^\u001b[22m\u001b[39m\n     \u001b[90m 2 |\u001b[39m \u001b[36mimport\u001b[39m \u001b[33m*\u001b[39m \u001b[36mas\u001b[39m tf \u001b[36mfrom\u001b[39m \u001b[32m'@tensorflow/tfjs'\u001b[39m\u001b[33m;\u001b[39m\n     \u001b[90m 3 |\u001b[39m\n     \u001b[90m 4 |\u001b[39m \u001b[36mclass\u001b[39m \u001b[33mNutritionAI\u001b[39m {\u001b[0m\n\n      \u001b[2mat Resolver._throwModNotFoundError (\u001b[22mnode_modules/jest-resolve/build/resolver.js\u001b[2m:427:11)\u001b[22m\n      \u001b[2mat Object.require (\u001b[22msrc/ai/services/nutritionAI.js\u001b[2m:1:1)\u001b[22m\n      \u001b[2mat Object.require (\u001b[22m\u001b[0m\u001b[36m__tests__/nutritionAI.test.js\u001b[39m\u001b[0m\u001b[2m:1:1)\u001b[22m\n","name":"C:\\Users\\banse\\CascadeProjects\\MindulPet\\__tests__\\nutritionAI.test.js","startTime":1745188369391,"status":"failed","summary":""},{"assertionResults":[],"coverage":{},"endTime":1745188369391,"message":"  \u001b[1m● \u001b[22mTest suite failed to run\n\n    Cannot find module 'openai' from 'src/ai/services/workoutAI.js'\n\n    Require stack:\n      src/ai/services/workoutAI.js\n      __tests__/workoutAI.test.js\n\n    \u001b[0m \u001b[90m 1 |\u001b[39m \u001b[36mimport\u001b[39m \u001b[33m*\u001b[39m \u001b[36mas\u001b[39m tf \u001b[36mfrom\u001b[39m \u001b[32m'@tensorflow/tfjs'\u001b[39m\u001b[33m;\u001b[39m\n    \u001b[31m\u001b[1m>\u001b[22m\u001b[39m\u001b[90m 2 |\u001b[39m \u001b[36mimport\u001b[39m \u001b[33mOpenAI\u001b[39m \u001b[36mfrom\u001b[39m \u001b[32m'openai'\u001b[39m\u001b[33m;\u001b[39m\n     \u001b[90m   |\u001b[39m \u001b[31m\u001b[1m^\u001b[22m\u001b[39m\n     \u001b[90m 3 |\u001b[39m\n     \u001b[90m 4 |\u001b[39m \u001b[36mclass\u001b[39m \u001b[33mWorkoutAI\u001b[39m {\n     \u001b[90m 5 |\u001b[39m   constructor() {\u001b[0m\n\n      \u001b[2mat Resolver._throwModNotFoundError (\u001b[22mnode_modules/jest-resolve/build/resolver.js\u001b[2m:427:11)\u001b[22m\n      \u001b[2mat Object.require (\u001b[22msrc/ai/services/workoutAI.js\u001b[2m:2:1)\u001b[22m\n      \u001b[2mat Object.require (\u001b[22m\u001b[0m\u001b[36m__tests__/workoutAI.test.js\u001b[39m\u001b[0m\u001b[2m:1:1)\u001b[22m\n","name":"C:\\Users\\banse\\CascadeProjects\\MindulPet\\__tests__\\workoutAI.test.js","startTime":1745188369391,"status":"failed","summary":""},{"assertionResults":[],"coverage":{},"endTime":1745188369391,"message":"  \u001b[1m● \u001b[22mTest suite failed to run\n\n    Cannot find module 'otplib' from 'src/security/mfaManager.ts'\n\n    Require stack:\n      src/security/mfaManager.ts\n      __tests__/mfaManager.test.ts\n\n    \u001b[0m \u001b[90m  5 |\u001b[39m \u001b[36mimport\u001b[39m \u001b[33m*\u001b[39m \u001b[36mas\u001b[39m \u001b[33mCrypto\u001b[39m \u001b[36mfrom\u001b[39m \u001b[32m'expo-crypto'\u001b[39m\u001b[33m;\u001b[39m\n     \u001b[90m  6 |\u001b[39m \u001b[36mimport\u001b[39m \u001b[33m*\u001b[39m \u001b[36mas\u001b[39m \u001b[33mSecureStore\u001b[39m \u001b[36mfrom\u001b[39m \u001b[32m'expo-secure-store'\u001b[39m\u001b[33m;\u001b[39m\n    \u001b[31m\u001b[1m>\u001b[22m\u001b[39m\u001b[90m  7 |\u001b[39m \u001b[36mimport\u001b[39m { authenticator } \u001b[36mfrom\u001b[39m \u001b[32m'otplib'\u001b[39m\u001b[33m;\u001b[39m\n     \u001b[90m    |\u001b[39m \u001b[31m\u001b[1m^\u001b[22m\u001b[39m\n     \u001b[90m  8 |\u001b[39m \u001b[36mimport\u001b[39m \u001b[33m*\u001b[39m \u001b[36mas\u001b[39m \u001b[33mLocalAuthentication\u001b[39m \u001b[36mfrom\u001b[39m \u001b[32m'expo-local-authentication'\u001b[39m\u001b[33m;\u001b[39m\n     \u001b[90m  9 |\u001b[39m \u001b[36mimport\u001b[39m { \u001b[33mSessionManager\u001b[39m } \u001b[36mfrom\u001b[39m \u001b[32m'./sessionManager'\u001b[39m\u001b[33m;\u001b[39m\n     \u001b[90m 10 |\u001b[39m\u001b[0m\n\n      \u001b[2mat Resolver._throwModNotFoundError (\u001b[22mnode_modules/jest-resolve/build/resolver.js\u001b[2m:427:11)\u001b[22m\n      \u001b[2mat Object.require (\u001b[22msrc/security/mfaManager.ts\u001b[2m:7:1)\u001b[22m\n      \u001b[2mat Object.require (\u001b[22m\u001b[0m\u001b[36m__tests__/mfaManager.test.ts\u001b[39m\u001b[0m\u001b[2m:1:1)\u001b[22m\n","name":"C:\\Users\\banse\\CascadeProjects\\MindulPet\\__tests__\\mfaManager.test.ts","startTime":1745188369391,"status":"failed","summary":""},{"assertionResults":[],"coverage":{},"endTime":1745188369391,"message":"  \u001b[1m● \u001b[22mTest suite failed to run\n\n    \u001b[1m\u001b[31mJest encountered an unexpected token\u001b[39m\u001b[22m\n\n    Jest failed to parse a file. This happens e.g. when your code or its dependencies use non-standard JavaScript syntax, or when Jest is not configured to support such syntax.\n\n    Out of the box Jest supports Babel, which will be used to transform your files into valid JS based on your Babel configuration.\n\n    By default \"node_modules\" folder is ignored by transformers.\n\n    Here's what you can do:\n     • If you are trying to use ECMAScript Modules, see \u001b[4mhttps://jestjs.io/docs/ecmascript-modules\u001b[24m for how to enable it.\n     • If you are trying to use TypeScript, see \u001b[4mhttps://jestjs.io/docs/getting-started#using-typescript\u001b[24m\n     • To have some of your \"node_modules\" files transformed, you can specify a custom \u001b[1m\"transformIgnorePatterns\"\u001b[22m in your config.\n     • If you need a custom transformation specify a \u001b[1m\"transform\"\u001b[22m option in your config.\n     • If you simply want to mock your non-JS modules (e.g. binary assets) you can stub them out with the \u001b[1m\"moduleNameMapper\"\u001b[22m config option.\n\n    You'll find more details and examples of these config options in the docs:\n    \u001b[36mhttps://jestjs.io/docs/configuration\u001b[39m\n    For information about custom transformations, see:\n    \u001b[36mhttps://jestjs.io/docs/code-transformation\u001b[39m\n\n    \u001b[1m\u001b[31mDetails:\u001b[39m\u001b[22m\n\n    SyntaxError: C:\\Users\\banse\\CascadeProjects\\MindulPet\\src\\screens\\settings\\SecuritySettingsScreen.tsx: Expected corresponding JSX closing tag for <ScrollView>. (358:8)\n\n    \u001b[0m \u001b[90m 356 |\u001b[39m\n     \u001b[90m 357 |\u001b[39m           \u001b[33m/\u001b[39m\u001b[33m>\u001b[39m\n    \u001b[31m\u001b[1m>\u001b[22m\u001b[39m\u001b[90m 358 |\u001b[39m         \u001b[33m<\u001b[39m\u001b[33m/\u001b[39m\u001b[33mView\u001b[39m\u001b[33m>\u001b[39m\n     \u001b[90m     |\u001b[39m         \u001b[31m\u001b[1m^\u001b[22m\u001b[39m\n     \u001b[90m 359 |\u001b[39m         \u001b[33m<\u001b[39m\u001b[33mParagraph\u001b[39m style\u001b[33m=\u001b[39m{styles\u001b[33m.\u001b[39msecretText}\u001b[33m>\u001b[39m\n     \u001b[90m 360 |\u001b[39m           \u001b[33mSecret\u001b[39m \u001b[33mKey\u001b[39m\u001b[33m:\u001b[39m {totpSecret}\n     \u001b[90m 361 |\u001b[39m         \u001b[33m<\u001b[39m\u001b[33m/\u001b[39m\u001b[33mParagraph\u001b[39m\u001b[33m>\u001b[39m\u001b[0m\n\n    \u001b[0m \u001b[90m 1 |\u001b[39m \u001b[36mimport\u001b[39m \u001b[33mReact\u001b[39m \u001b[36mfrom\u001b[39m \u001b[32m'react'\u001b[39m\u001b[33m;\u001b[39m\n     \u001b[90m 2 |\u001b[39m \u001b[36mimport\u001b[39m { render\u001b[33m,\u001b[39m fireEvent\u001b[33m,\u001b[39m waitFor } \u001b[36mfrom\u001b[39m \u001b[32m'@testing-library/react-native'\u001b[39m\u001b[33m;\u001b[39m\n    \u001b[31m\u001b[1m>\u001b[22m\u001b[39m\u001b[90m 3 |\u001b[39m \u001b[36mimport\u001b[39m \u001b[33mSecuritySettingsScreen\u001b[39m \u001b[36mfrom\u001b[39m \u001b[32m'../src/screens/settings/SecuritySettingsScreen'\u001b[39m\u001b[33m;\u001b[39m\n     \u001b[90m   |\u001b[39m \u001b[31m\u001b[1m^\u001b[22m\u001b[39m\n     \u001b[90m 4 |\u001b[39m \u001b[36mimport\u001b[39m \u001b[33m*\u001b[39m \u001b[36mas\u001b[39m \u001b[33mClipboard\u001b[39m \u001b[36mfrom\u001b[39m \u001b[32m'expo-clipboard'\u001b[39m\u001b[33m;\u001b[39m\n     \u001b[90m 5 |\u001b[39m\n     \u001b[90m 6 |\u001b[39m describe(\u001b[32m'SecuritySettingsScreen'\u001b[39m\u001b[33m,\u001b[39m () \u001b[33m=>\u001b[39m {\u001b[0m\n\n      \u001b[2mat constructor (\u001b[22mnode_modules/@babel/parser/src/parse-error.ts\u001b[2m:95:45)\u001b[22m\n      \u001b[2mat TypeScriptParserMixin.toParseError [as raise] (\u001b[22mnode_modules/@babel/parser/src/tokenizer/index.ts\u001b[2m:1497:19)\u001b[22m\n      \u001b[2mat TypeScriptParserMixin.raise [as jsxParseElementAt] (\u001b[22mnode_modules/@babel/parser/src/plugins/jsx/index.ts\u001b[2m:527:18)\u001b[22m\n      \u001b[2mat TypeScriptParserMixin.jsxParseElementAt [as jsxParseElement] (\u001b[22mnode_modules/@babel/parser/src/plugins/jsx/index.ts\u001b[2m:559:19)\u001b[22m\n      \u001b[2mat TypeScriptParserMixin.jsxParseElement [as parseExprAtom] (\u001b[22mnode_modules/@babel/parser/src/plugins/jsx/index.ts\u001b[2m:573:21)\u001b[22m\n      \u001b[2mat TypeScriptParserMixin.parseExprAtom [as parseExprSubscripts] (\u001b[22mnode_modules/@babel/parser/src/parser/expression.ts\u001b[2m:714:23)\u001b[22m\n      \u001b[2mat TypeScriptParserMixin.parseExprSubscripts [as parseUpdate] (\u001b[22mnode_modules/@babel/parser/src/parser/expression.ts\u001b[2m:693:21)\u001b[22m\n      \u001b[2mat TypeScriptParserMixin.parseUpdate (\u001b[22mnode_modules/@babel/parser/src/parser/expression.ts\u001b[2m:655:23)\u001b[22m\n      \u001b[2mat TypeScriptParserMixin.parseMaybeUnary (\u001b[22mnode_modules/@babel/parser/src/plugins/typescript/index.ts\u001b[2m:3699:20)\u001b[22m\n      \u001b[2mat TypeScriptParserMixin.parseMaybeUnary [as parseMaybeUnaryOrPrivate] (\u001b[22mnode_modules/@babel/parser/src/parser/expression.ts\u001b[2m:389:14)\u001b[22m\n      \u001b[2mat TypeScriptParserMixin.parseMaybeUnaryOrPrivate [as parseExprOps] (\u001b[22mnode_modules/@babel/parser/src/parser/expression.ts\u001b[2m:401:23)\u001b[22m\n      \u001b[2mat TypeScriptParserMixin.parseExprOps [as parseMaybeConditional] (\u001b[22mnode_modules/@babel/parser/src/parser/expression.ts\u001b[2m:356:23)\u001b[22m\n      \u001b[2mat TypeScriptParserMixin.parseMaybeConditional (\u001b[22mnode_modules/@babel/parser/src/parser/expression.ts\u001b[2m:298:21)\u001b[22m\n      \u001b[2mat parseMaybeAssign (\u001b[22mnode_modules/@babel/parser/src/plugins/typescript/index.ts\u001b[2m:3552:23)\u001b[22m\n      \u001b[2mat TypeScriptParserMixin.fn [as tryParse] (\u001b[22mnode_modules/@babel/parser/src/parser/util.ts\u001b[2m:174:20)\u001b[22m\n      \u001b[2mat TypeScriptParserMixin.tryParse [as parseMaybeAssign] (\u001b[22mnode_modules/@babel/parser/src/plugins/typescript/index.ts\u001b[2m:3551:20)\u001b[22m\n      \u001b[2mat parseMaybeAssign (\u001b[22mnode_modules/@babel/parser/src/parser/expression.ts\u001b[2m:252:12)\u001b[22m\n      \u001b[2mat TypeScriptParserMixin.callback [as allowInAnd] (\u001b[22mnode_modules/@babel/parser/src/parser/expression.ts\u001b[2m:3117:12)\u001b[22m\n      \u001b[2mat TypeScriptParserMixin.allowInAnd [as parseMaybeAssignAllowIn] (\u001b[22mnode_modules/@babel/parser/src/parser/expression.ts\u001b[2m:251:17)\u001b[22m\n      \u001b[2mat TypeScriptParserMixin.parseMaybeAssignAllowIn [as parseParenAndDistinguishExpression] (\u001b[22mnode_modules/@babel/parser/src/parser/expression.ts\u001b[2m:1771:16)\u001b[22m\n      \u001b[2mat TypeScriptParserMixin.parseParenAndDistinguishExpression (\u001b[22mnode_modules/@babel/parser/src/parser/expression.ts\u001b[2m:1131:21)\u001b[22m\n      \u001b[2mat TypeScriptParserMixin.parseExprAtom (\u001b[22mnode_modules/@babel/parser/src/plugins/jsx/index.ts\u001b[2m:583:22)\u001b[22m\n      \u001b[2mat TypeScriptParserMixin.parseExprAtom [as parseExprSubscripts] (\u001b[22mnode_modules/@babel/parser/src/parser/expression.ts\u001b[2m:714:23)\u001b[22m\n      \u001b[2mat TypeScriptParserMixin.parseExprSubscripts [as parseUpdate] (\u001b[22mnode_modules/@babel/parser/src/parser/expression.ts\u001b[2m:693:21)\u001b[22m\n      \u001b[2mat TypeScriptParserMixin.parseUpdate (\u001b[22mnode_modules/@babel/parser/src/parser/expression.ts\u001b[2m:655:23)\u001b[22m\n      \u001b[2mat TypeScriptParserMixin.parseMaybeUnary (\u001b[22mnode_modules/@babel/parser/src/plugins/typescript/index.ts\u001b[2m:3699:20)\u001b[22m\n      \u001b[2mat TypeScriptParserMixin.parseMaybeUnary [as parseMaybeUnaryOrPrivate] (\u001b[22mnode_modules/@babel/parser/src/parser/expression.ts\u001b[2m:389:14)\u001b[22m\n      \u001b[2mat TypeScriptParserMixin.parseMaybeUnaryOrPrivate [as parseExprOps] (\u001b[22mnode_modules/@babel/parser/src/parser/expression.ts\u001b[2m:401:23)\u001b[22m\n      \u001b[2mat TypeScriptParserMixin.parseExprOps [as parseMaybeConditional] (\u001b[22mnode_modules/@babel/parser/src/parser/expression.ts\u001b[2m:356:23)\u001b[22m\n      \u001b[2mat TypeScriptParserMixin.parseMaybeConditional (\u001b[22mnode_modules/@babel/parser/src/parser/expression.ts\u001b[2m:298:21)\u001b[22m\n      \u001b[2mat TypeScriptParserMixin.parseMaybeAssign (\u001b[22mnode_modules/@babel/parser/src/plugins/typescript/index.ts\u001b[2m:3571:22)\u001b[22m\n      \u001b[2mat TypeScriptParserMixin.parseMaybeAssign [as parseExpressionBase] (\u001b[22mnode_modules/@babel/parser/src/parser/expression.ts\u001b[2m:221:23)\u001b[22m\n      \u001b[2mat parseExpressionBase (\u001b[22mnode_modules/@babel/parser/src/parser/expression.ts\u001b[2m:212:39)\u001b[22m\n      \u001b[2mat TypeScriptParserMixin.callback [as allowInAnd] (\u001b[22mnode_modules/@babel/parser/src/parser/expression.ts\u001b[2m:3112:16)\u001b[22m\n      \u001b[2mat TypeScriptParserMixin.allowInAnd [as parseExpression] (\u001b[22mnode_modules/@babel/parser/src/parser/expression.ts\u001b[2m:212:17)\u001b[22m\n      \u001b[2mat TypeScriptParserMixin.parseExpression [as parseReturnStatement] (\u001b[22mnode_modules/@babel/parser/src/parser/statement.ts\u001b[2m:1091:28)\u001b[22m\n      \u001b[2mat TypeScriptParserMixin.parseReturnStatement (\u001b[22mnode_modules/@babel/parser/src/parser/statement.ts\u001b[2m:498:21)\u001b[22m\n      \u001b[2mat TypeScriptParserMixin.parseStatementContent (\u001b[22mnode_modules/@babel/parser/src/plugins/typescript/index.ts\u001b[2m:3020:20)\u001b[22m\n      \u001b[2mat TypeScriptParserMixin.parseStatementContent [as parseStatementLike] (\u001b[22mnode_mo
[...]
arserMixin.parseBlockOrModuleBlockBody [as parseBlockBody] (\u001b[22mnode_modules/@babel/parser/src/parser/statement.ts\u001b[2m:1393:10)\u001b[22m\n      \u001b[2mat TypeScriptParserMixin.parseBlockBody [as parseProgram] (\u001b[22mnode_modules/@babel/parser/src/parser/statement.ts\u001b[2m:225:10)\u001b[22m\n      \u001b[2mat TypeScriptParserMixin.parseProgram [as parseTopLevel] (\u001b[22mnode_modules/@babel/parser/src/parser/statement.ts\u001b[2m:203:25)\u001b[22m\n      \u001b[2mat TypeScriptParserMixin.parseTopLevel (\u001b[22mnode_modules/@babel/parser/src/parser/index.ts\u001b[2m:90:10)\u001b[22m\n      \u001b[2mat TypeScriptParserMixin.parse (\u001b[22mnode_modules/@babel/parser/src/plugins/typescript/index.ts\u001b[2m:4156:20)\u001b[22m\n      \u001b[2mat parse (\u001b[22mnode_modules/@babel/parser/src/index.ts\u001b[2m:66:38)\u001b[22m\n      \u001b[2mat parser (\u001b[22mnode_modules/@babel/core/src/parser/index.ts\u001b[2m:28:19)\u001b[22m\n          at parser.next (<anonymous>)\n      \u001b[2mat normalizeFile (\u001b[22mnode_modules/@babel/core/src/transformation/normalize-file.ts\u001b[2m:50:24)\u001b[22m\n          at normalizeFile.next (<anonymous>)\n      \u001b[2mat run (\u001b[22mnode_modules/@babel/core/src/transformation/index.ts\u001b[2m:40:36)\u001b[22m\n          at run.next (<anonymous>)\n      \u001b[2mat transform (\u001b[22mnode_modules/@babel/core/src/transform.ts\u001b[2m:29:20)\u001b[22m\n          at transform.next (<anonymous>)\n      \u001b[2mat evaluateSync (\u001b[22mnode_modules/gensync/index.js\u001b[2m:251:28)\u001b[22m\n      \u001b[2mat sync (\u001b[22mnode_modules/gensync/index.js\u001b[2m:89:14)\u001b[22m\n      \u001b[2mat fn (\u001b[22mnode_modules/@babel/core/src/errors/rewrite-stack-trace.ts\u001b[2m:99:14)\u001b[22m\n      \u001b[2mat transformSync (\u001b[22mnode_modules/@babel/core/src/transform.ts\u001b[2m:66:52)\u001b[22m\n      \u001b[2mat ScriptTransformer.transformSource (\u001b[22mnode_modules/@jest/transform/build/ScriptTransformer.js\u001b[2m:545:31)\u001b[22m\n      \u001b[2mat ScriptTransformer._transformAndBuildScript (\u001b[22mnode_modules/@jest/transform/build/ScriptTransformer.js\u001b[2m:674:40)\u001b[22m\n      \u001b[2mat ScriptTransformer.transform (\u001b[22mnode_modules/@jest/transform/build/ScriptTransformer.js\u001b[2m:726:19)\u001b[22m\n      \u001b[2mat Object.require (\u001b[22m\u001b[0m\u001b[36m__tests__/securitySettingsScreen.test.tsx\u001b[39m\u001b[0m\u001b[2m:3:1)\u001b[22m\n","name":"C:\\Users\\banse\\CascadeProjects\\MindulPet\\__tests__\\securitySettingsScreen.test.tsx","startTime":1745188369391,"status":"failed","summary":""},{"assertionResults":[],"coverage":{},"endTime":1745188369391,"message":"  \u001b[1m● \u001b[22mTest suite failed to run\n\n    \u001b[1m\u001b[31mJest encountered an unexpected token\u001b[39m\u001b[22m\n\n    Jest failed to parse a file. This happens e.g. when your code or its dependencies use non-standard JavaScript syntax, or when Jest is not configured to support such syntax.\n\n    Out of the box Jest supports Babel, which will be used to transform your files into valid JS based on your Babel configuration.\n\n    By default \"node_modules\" folder is ignored by transformers.\n\n    Here's what you can do:\n     • If you are trying to use ECMAScript Modules, see \u001b[4mhttps://jestjs.io/docs/ecmascript-modules\u001b[24m for how to enable it.\n     • If you are trying to use TypeScript, see \u001b[4mhttps://jestjs.io/docs/getting-started#using-typescript\u001b[24m\n     • To have some of your \"node_modules\" files transformed, you can specify a custom \u001b[1m\"transformIgnorePatterns\"\u001b[22m in your config.\n     • If you need a custom transformation specify a \u001b[1m\"transform\"\u001b[22m option in your config.\n     • If you simply want to mock your non-JS modules (e.g. binary assets) you can stub them out with the \u001b[1m\"moduleNameMapper\"\u001b[22m config option.\n\n    You'll find more details and examples of these config options in the docs:\n    \u001b[36mhttps://jestjs.io/docs/configuration\u001b[39m\n    For information about custom transformations, see:\n    \u001b[36mhttps://jestjs.io/docs/code-transformation\u001b[39m\n\n    \u001b[1m\u001b[31mDetails:\u001b[39m\u001b[22m\n\n    SyntaxError: C:\\Users\\banse\\CascadeProjects\\MindulPet\\src\\screens\\settings\\SecuritySettingsScreen.tsx: Expected corresponding JSX closing tag for <ScrollView>. (358:8)\n\n    \u001b[0m \u001b[90m 356 |\u001b[39m\n     \u001b[90m 357 |\u001b[39m           \u001b[33m/\u001b[39m\u001b[33m>\u001b[39m\n    \u001b[31m\u001b[1m>\u001b[22m\u001b[39m\u001b[90m 358 |\u001b[39m         \u001b[33m<\u001b[39m\u001b[33m/\u001b[39m\u001b[33mView\u001b[39m\u001b[33m>\u001b[39m\n     \u001b[90m     |\u001b[39m         \u001b[31m\u001b[1m^\u001b[22m\u001b[39m\n     \u001b[90m 359 |\u001b[39m         \u001b[33m<\u001b[39m\u001b[33mParagraph\u001b[39m style\u001b[33m=\u001b[39m{styles\u001b[33m.\u001b[39msecretText}\u001b[33m>\u001b[39m\n     \u001b[90m 360 |\u001b[39m           \u001b[33mSecret\u001b[39m \u001b[33mKey\u001b[39m\u001b[33m:\u001b[39m {totpSecret}\n     \u001b[90m 361 |\u001b[39m         \u001b[33m<\u001b[39m\u001b[33m/\u001b[39m\u001b[33mParagraph\u001b[39m\u001b[33m>\u001b[39m\u001b[0m\n\n    \u001b[0m \u001b[90m 1 |\u001b[39m \u001b[36mimport\u001b[39m \u001b[33mReact\u001b[39m \u001b[36mfrom\u001b[39m \u001b[32m'react'\u001b[39m\u001b[33m;\u001b[39m\n     \u001b[90m 2 |\u001b[39m \u001b[36mimport\u001b[39m { render } \u001b[36mfrom\u001b[39m \u001b[32m'@testing-library/react-native'\u001b[39m\u001b[33m;\u001b[39m\n    \u001b[31m\u001b[1m>\u001b[22m\u001b[39m\u001b[90m 3 |\u001b[39m \u001b[36mimport\u001b[39m \u001b[33mSecuritySettingsScreen\u001b[39m \u001b[36mfrom\u001b[39m \u001b[32m'../src/screens/settings/SecuritySettingsScreen'\u001b[39m\u001b[33m;\u001b[39m\n     \u001b[90m   |\u001b[39m \u001b[31m\u001b[1m^\u001b[22m\u001b[39m\n     \u001b[90m 4 |\u001b[39m\n     \u001b[90m 5 |\u001b[39m describe(\u001b[32m'Accessibility'\u001b[39m\u001b[33m,\u001b[39m () \u001b[33m=>\u001b[39m {\n     \u001b[90m 6 |\u001b[39m   it(\u001b[32m'should have accessible labels for all major controls'\u001b[39m\u001b[33m,\u001b[39m () \u001b[33m=>\u001b[39m {\u001b[0m\n\n      \u001b[2mat constructor (\u001b[22mnode_modules/@babel/parser/src/parse-error.ts\u001b[2m:95:45)\u001b[22m\n      \u001b[2mat TypeScriptParserMixin.toParseError [as raise] (\u001b[22mnode_modules/@babel/parser/src/tokenizer/index.ts\u001b[2m:1497:19)\u001b[22m\n      \u001b[2mat TypeScriptParserMixin.raise [as jsxParseElementAt] (\u001b[22mnode_modules/@babel/parser/src/plugins/jsx/index.ts\u001b[2m:527:18)\u001b[22m\n      \u001b[2mat TypeScriptParserMixin.jsxParseElementAt [as jsxParseElement] (\u001b[22mnode_modules/@babel/parser/src/plugins/jsx/index.ts\u001b[2m:559:19)\u001b[22m\n      \u001b[2mat TypeScriptParserMixin.jsxParseElement [as parseExprAtom] (\u001b[22mnode_modules/@babel/parser/src/plugins/jsx/index.ts\u001b[2m:573:21)\u001b[22m\n      \u001b[2mat TypeScriptParserMixin.parseExprAtom [as parseExprSubscripts] (\u001b[22mnode_modules/@babel/parser/src/parser/expression.ts\u001b[2m:714:23)\u001b[22m\n      \u001b[2mat TypeScriptParserMixin.parseExprSubscripts [as parseUpdate] (\u001b[22mnode_modules/@babel/parser/src/parser/expression.ts\u001b[2m:693:21)\u001b[22m\n      \u001b[2mat TypeScriptParserMixin.parseUpdate (\u001b[22mnode_modules/@babel/parser/src/parser/expression.ts\u001b[2m:655:23)\u001b[22m\n      \u001b[2mat TypeScriptParserMixin.parseMaybeUnary (\u001b[22mnode_modules/@babel/parser/src/plugins/typescript/index.ts\u001b[2m:3699:20)\u001b[22m\n      \u001b[2mat TypeScriptParserMixin.parseMaybeUnary [as parseMaybeUnaryOrPrivate] (\u001b[22mnode_modules/@babel/parser/src/parser/expression.ts\u001b[2m:389:14)\u001b[22m\n      \u001b[2mat TypeScriptParserMixin.parseMaybeUnaryOrPrivate [as parseExprOps] (\u001b[22mnode_modules/@babel/parser/src/parser/expression.ts\u001b[2m:401:23)\u001b[22m\n      \u001b[2mat TypeScriptParserMixin.parseExprOps [as parseMaybeConditional] (\u001b[22mnode_modules/@babel/parser/src/parser/expression.ts\u001b[2m:356:23)\u001b[22m\n      \u001b[2mat TypeScriptParserMixin.parseMaybeConditional (\u001b[22mnode_modules/@babel/parser/src/parser/expression.ts\u001b[2m:298:21)\u001b[22m\n      \u001b[2mat parseMaybeAssign (\u001b[22mnode_modules/@babel/parser/src/plugins/typescript/index.ts\u001b[2m:3552:23)\u001b[22m\n      \u001b[2mat TypeScriptParserMixin.fn [as tryParse] (\u001b[22mnode_modules/@babel/parser/src/parser/util.ts\u001b[2m:174:20)\u001b[22m\n      \u001b[2mat TypeScriptParserMixin.tryParse [as parseMaybeAssign] (\u001b[22mnode_modules/@babel/parser/src/plugins/typescript/index.ts\u001b[2m:3551:20)\u001b[22m\n      \u001b[2mat parseMaybeAssign (\u001b[22mnode_modules/@babel/parser/src/parser/expression.ts\u001b[2m:252:12)\u001b[22m\n      \u001b[2mat TypeScriptParserMixin.callback [as allowInAnd] (\u001b[22mnode_modules/@babel/parser/src/parser/expression.ts\u001b[2m:3117:12)\u001b[22m\n      \u001b[2mat TypeScriptParserMixin.allowInAnd [as parseMaybeAssignAllowIn] (\u001b[22mnode_modules/@babel/parser/src/parser/expression.ts\u001b[2m:251:17)\u001b[22m\n      \u001b[2mat TypeScriptParserMixin.parseMaybeAssignAllowIn [as parseParenAndDistinguishExpression] (\u001b[22mnode_modules/@babel/parser/src/parser/expression.ts\u001b[2m:1771:16)\u001b[22m\n      \u001b[2mat TypeScriptParserMixin.parseParenAndDistinguishExpression (\u001b[22mnode_modules/@babel/parser/src/parser/expression.ts\u001b[2m:1131:21)\u001b[22m\n      \u001b[2mat TypeScriptParserMixin.parseExprAtom (\u001b[22mnode_modules/@babel/parser/src/plugins/jsx/index.ts\u001b[2m:583:22)\u001b[22m\n      \u001b[2mat TypeScriptParserMixin.parseExprAtom [as parseExprSubscripts] (\u001b[22mnode_modules/@babel/parser/src/parser/expression.ts\u001b[2m:714:23)\u001b[22m\n      \u001b[2mat TypeScriptParserMixin.parseExprSubscripts [as parseUpdate] (\u001b[22mnode_modules/@babel/parser/src/parser/expression.ts\u001b[2m:693:21)\u001b[22m\n      \u001b[2mat TypeScriptParserMixin.parseUpdate (\u001b[22mnode_modules/@babel/parser/src/parser/expression.ts\u001b[2m:655:23)\u001b[22m\n      \u001b[2mat TypeScriptParserMixin.parseMaybeUnary (\u001b[22mnode_modules/@babel/parser/src/plugins/typescript/index.ts\u001b[2m:3699:20)\u001b[22m\n      \u001b[2mat TypeScriptParserMixin.parseMaybeUnary [as parseMaybeUnaryOrPrivate] (\u001b[22mnode_modules/@babel/parser/src/parser/expression.ts\u001b[2m:389:14)\u001b[22m\n      \u001b[2mat TypeScriptParserMixin.parseMaybeUnaryOrPrivate [as parseExprOps] (\u001b[22mnode_modules/@babel/parser/src/parser/expression.ts\u001b[2m:401:23)\u001b[22m\n      \u001b[2mat TypeScriptParserMixin.parseExprOps [as parseMaybeConditional] (\u001b[22mnode_modules/@babel/parser/src/parser/expression.ts\u001b[2m:356:23)\u001b[22m\n      \u001b[2mat TypeScriptParserMixin.parseMaybeConditional (\u001b[22mnode_modules/@babel/parser/src/parser/expression.ts\u001b[2m:298:21)\u001b[22m\n      \u001b[2mat TypeScriptParserMixin.parseMaybeAssign (\u001b[22mnode_modules/@babel/parser/src/plugins/typescript/index.ts\u001b[2m:3571:22)\u001b[22m\n      \u001b[2mat TypeScriptParserMixin.parseMaybeAssign [as parseExpressionBase] (\u001b[22mnode_modules/@babel/parser/src/parser/expression.ts\u001b[2m:221:23)\u001b[22m\n      \u001b[2mat parseExpressionBase (\u001b[22mnode_modules/@babel/parser/src/parser/expression.ts\u001b[2m:212:39)\u001b[22m\n      \u001b[2mat TypeScriptParserMixin.callback [as allowInAnd] (\u001b[22mnode_modules/@babel/parser/src/parser/expression.ts\u001b[2m:3112:16)\u001b[22m\n      \u001b[2mat TypeScriptParserMixin.allowInAnd [as parseExpression] (\u001b[22mnode_modules/@babel/parser/src/parser/expression.ts\u001b[2m:212:17)\u001b[22m\n      \u001b[2mat TypeScriptParserMixin.parseExpression [as parseReturnStatement] (\u001b[22mnode_modules/@babel/parser/src/parser/statement.ts\u001b[2m:1091:28)\u001b[22m\n      \u001b[2mat TypeScriptParserMixin.parseReturnStatement (\u001b[22mnode_modules/@babel/parser/src/parser/statement.ts\u001b[2m:498:21)\u001b[22m\n      \u001b[2mat TypeScriptParserMixin.parseStatementContent (\u001b[22mnode_modules/@babel/parser/src/plugins/typescript/index.ts\u001b[2m:3020:20)\u001b[22m\n      \u001b[2mat TypeScriptParserMixin.parseStatementContent [as parseStatementLike] (\u001b[22mnode_modules/@babel/parser/src/parser/statement.ts\u001b[2m:437:17)\u001b[22m\n      \u001b[2mat TypeScriptParserMixin.parseStatementLike [as parseStatementListItem] (\u001b[22mnode_modules/@babel/parser/src/parser/statement.ts\u001b[2m:386:17)\u001b[22m\n      \u001b[2mat TypeScriptParserMixin.parseStatementListItem [as parseBlockOrModuleBlockBody] (\u001b[22mnode_modules/@babel/parser/src/parser/statement.ts\u001b[2m:1420:16)\u001b[22m\n      \u001b[2mat TypeScriptParserMixin.parseBlockOrModuleBlockBody [as parseBlockBody] (\u001b[22mnode_modules/@babel/parser/src/parser/statement.ts\u001b[2m:1393:10)\u001b[22m\n      \u001b[2mat TypeScriptParserMixin.parseBlockBody [as parseBlock] (\u001b[22mnode_modules/@babel/parser/src/parser/statement.ts\u001b[2m:1361:10)\u001b[22m\n      \u001b[2mat TypeScriptParserMixin.parseBlock [as parseFunctionBody] (\u001b[22mnode_modules/@babel/parser/src/parser/expression.ts\u001b[2m:2557:24)\u001b[22m\n      \u001b[2mat TypeScriptParserMixin.parseFunctionBody [as parseArrowExpression] (\u001b[22mnode_modules/@babel/parser/src/parser/expression.ts\u001b[2m:2498:10)\u001b[22m\n      \u001b[2mat TypeScriptParserMixin.parseArrowExpression [as parseParenAndDistinguishExpression] (\u001b[22mnode_modules/@babel/parser/src/parser/expression.ts\u001b[2m:1794:12)\u001b[22m\n      \u001b[2mat TypeScriptParserMixin.parseParenAndDistinguishExpression (\u001b[22mnode_modules/@babel/parser/src/parser/expression.ts\u001b[2m:1131:21)\u001b[22m\n      \u001b[2mat TypeScriptParserMixin.parseExprAtom (\u001b[22mnode_modules/@babel/parser/src/plugins/jsx/index.ts\u001b[2m:583:22)\u001b[22m\n      \u001b[2mat TypeScriptParserMixin.parseExprAtom [as parseExprSubscripts] (\u001b[22mnode_modules/@babel/parser/src/parser/expression.ts\u001b[2m:714:23)\u001b[22m\n      \u001b[2mat TypeScriptParserMixin.parseExprSubscripts [as parseUpdate] (\u001b[22mnode_modules/@babel/parser/src/parser/expression.ts\u001b[2m:693:21)\u001b[22m\n      \u001b[2mat TypeScriptParserMixin.parseUpdate (\u001b[22mnode_modules/@babel/parser/src/parser/expression.ts\u001b[2m:655:23)\u001b[22m\n      \u001b[2mat TypeScriptParserMixin.parseMaybeUnary (\u001b[22mnode_modules/@babel/parser/src/plugins/typescript/index.ts\u001b[2m:3699:20)\u001b[22m\n      \u001b[2mat TypeScriptParserMixin.parseMaybeUnary [as parseMaybeUnaryOrPrivate] (\u001b[22mnode_modules/@babel/parser/src/parser/expression.ts\u001b[2m:389:14)\u001b[22m\n      \u001b[2mat TypeScriptParserMixin.parseMaybeUnaryOrPrivate [as parseExprOps] (\u001b[22mnode_modules/@babel/parser/src/parser/expression.ts\u001b[2m:401:23)\u001b[22m\n      \u001b[2mat TypeScriptParserMixin.parseExprOps [as parseMaybeConditional] (\u001b[22mnode_modules/@babel/parser/src/parser/expression.ts\u001b[2m:356:23)\u001b[22m\n      \u001b[2mat TypeScriptParserMixin.parseMaybeConditional (\u001b[22mnode_modules/@babel/parser/src/parser/expression.ts\u001b[2m:298:21)\u001b[22m\n      \u001b[2mat TypeScriptParserMixin.parseMaybeAssign (\u001b[22mnode_modules/@babel/parser/src/plugins/typescript/index.ts\u001b[2m:3571:22)\u001b[22m\n      \u001b[2mat parseMaybeAssign (\u001b[22mnode_modules/@babel/parser/src/parser/expression.ts\u001b[2m:252:12)\u001b[22m\n      \u001b[2mat TypeScriptParserMixin.callback [as allowInAnd] (\u001b[22mnode_modules/@babel/parser/src/parser/expression.ts\u001b[2m:3112:16)\u001b[22m\n      \u001b[2mat TypeScriptParserMixin.allowInAnd [as parseMaybeAssignAllowIn] (\u001b[22mnode_modules/@babel/parser/src/parser/expression.ts\u001b[2m:251:17)\u001b[22m\n      \u001b[2mat TypeScriptParserMixin.parseMaybeAssignAllowIn [as parseVar] (\u001b[22mnode_modules/@babel/parser/src/parser/statement.ts\u001b[2m:1563:18)\u001b[22m\n      \u001b[2mat TypeScriptParserMixin.parseVar (\u001b[22mnode_modules/@babel/parser/src/parser/statement.ts\u001b[2m:1227:10)\u001b[22m\n      \u001b[2mat TypeScriptParserMixin.parseVarStatement (\u001b[22mnode_modules/@babel/parser/src/plugins/typescript/index.ts\u001b[2m:2971:33)\u001b[22m\n      \u001b[2mat TypeScriptParserMixin.parseVarStatement (\u001b[22mnode_modules/@babel/parser/src/parser/statement.ts\u001b[2m:566:21)\u001b[22m\n      \u001b[2mat TypeScriptParserMixin.parseStatementContent (\u001b[22mnode_modules/@babel/parser/src/plugins/typescript/index.ts\u001b[2m:3020:20)\u001b[22m\n      \u001b[2mat TypeScriptParserMixin.parseStatementContent [as parseStatementLike] (\u001b[22mnode_modules/@babel/parser/src/parser/statement.ts\u001b[2m:437:17)\u001b[22m\n      \u001b[2mat TypeScriptParserMixin.parseStatementLike [as parseModuleItem] (\u001b[22mnode_modules/@babel/parser/src/parser/statement.ts\u001b[2m:374:17)\u001b[22m\n      \u001b[2mat TypeScriptParserMixin.parseModuleItem [as parseBlockOrModuleBlockBody] (\u001b[22mnode_modules/@babel/parser/src/parser/statement.ts\u001b[2m:1419:16)\u001b[22m\n      \u001b[2mat TypeScriptParserMixin.parseBlockOrModuleBlockBody [as parseBlockBody] (\u001b[22mnode_modules/@babel/parser/src/parser/statement.ts\u001b[2m:1393:10)\u001b[22m\n      \u001b[2mat TypeScriptParserMixin.parseBlockBody [as parseProgram] (\u001b[22mnode_modules/@babel/parser/src/parser/statement.ts\u001b[2m:225:10)\u001b[22m\n      \u001b[2mat TypeScriptParserMixin.parseProgram [as parseTopLevel] (\u001b[22mnode_modules/@babel/parser/src/parser/statement.ts\u001b[2m:203:25)\u001b[22m\n      \u001b[2mat TypeScriptParserMixin.parseTopLevel (\u001b[22mnode_modules/@babel/parser/src/parser/index.ts\u001b[2m:90:10)\u001b[22m\n      \u001b[2mat TypeScriptParserMixin.parse (\u001b[22mnode_modules/@babel/parser/src/plugins/typescript/index.ts\u001b[2m:4156:20)\u001b[22m\n      \u001b[2mat parse (\u001b[22mnode_modules/@babel/parser/src/index.ts\u001b[2m:66:38)\u001b[22m\n      \u001b[2mat parser (\u001b[22mnode_modules/@babel/core/src/parser/index.ts\u001b[2m:28:19)\u001b[22m\n          at parser.next (<anonymous>)\n      \u001b[2mat normalizeFile (\u001b[22mnode_modules/@babel/core/src/transformation/normalize-file.ts\u001b[2m:50:24)\u001b[22m\n          at normalizeFile.next (<anonymous>)\n      \u001b[2mat run (\u001b[22mnode_modules/@babel/core/src/transformation/index.ts\u001b[2m:40:36)\u001b[22m\n          at run.next (<anonymous>)\n      \u001b[2mat transform (\u001b[22mnode_modules/@babel/core/src/transform.ts\u001b[2m:29:20)\u001b[22m\n          at transform.next (<anonymous>)\n      \u001b[2mat evaluateSync (\u001b[22mnode_modules/gensync/index.js\u001b[2m:251:28)\u001b[22m\n      \u001b[2mat sync (\u001b[22mnode_modules/gensync/index.js\u001b[2m:89:14)\u001b[22m\n      \u001b[2mat fn (\u001b[22mnode_modules/@babel/core/src/errors/rewrite-stack-trace.ts\u001b[2m:99:14)\u001b[22m\n      \u001b[2mat transformSync (\u001b[22mnode_modules/@babel/core/src/transform.ts\u001b[2m:66:52)\u001b[22m\n      \u001b[2mat ScriptTransformer.transformSource (\u001b[22mnode_modules/@jest/transform/build/ScriptTransformer.js\u001b[2m:545:31)\u001b[22m\n      \u001b[2mat ScriptTransformer._transformAndBuildScript (\u001b[22mnode_modules/@jest/transform/build/ScriptTransformer.js\u001b[2m:674:40)\u001b[22m\n      \u001b[2mat ScriptTransformer.transform (\u001b[22mnode_modules/@jest/transform/build/ScriptTransformer.js\u001b[2m:726:19)\u001b[22m\n      \u001b[2mat Object.require (\u001b[22m\u001b[0m\u001b[36m__tests__/accessibility.test.tsx\u001b[39m\u001b[0m\u001b[2m:3:1)\u001b[22m\n","name":"C:\\Users\\banse\\CascadeProjects\\MindulPet\\__tests__\\accessibility.test.tsx","startTime":1745188369391,"status":"failed","summary":""}],"wasInterrupted":false}
