{"C:\\Users\\banse\\CascadeProjects\\MindulPet\\src\\components\\ar\\ARPetView.js": {"path":"C:\\Users\\banse\\CascadeProjects\\MindulPet\\src\\components\\ar\\ARPetView.js","statementMap":{"0":{"start":{"line":8,"column":18},"end":{"line":101,"column":1}},"1":{"start":{"line":9,"column":44},"end":{"line":9,"column":58}},"2":{"start":{"line":10,"column":36},"end":{"line":10,"column":50}},"3":{"start":{"line":11,"column":14},"end":{"line":11,"column":45}},"4":{"start":{"line":11,"column":35},"end":{"line":11,"column":44}},"5":{"start":{"line":12,"column":30},"end":{"line":12,"column":48}},"6":{"start":{"line":14,"column":2},"end":{"line":19,"column":9}},"7":{"start":{"line":15,"column":4},"end":{"line":18,"column":9}},"8":{"start":{"line":16,"column":25},"end":{"line":16,"column":69}},"9":{"start":{"line":17,"column":6},"end":{"line":17,"column":45}},"10":{"start":{"line":21,"column":24},"end":{"line":31,"column":3}},"11":{"start":{"line":22,"column":4},"end":{"line":30,"column":5}},"12":{"start":{"line":23,"column":6},"end":{"line":29,"column":7}},"13":{"start":{"line":24,"column":22},"end":{"line":24,"column":56}},"14":{"start":{"line":25,"column":8},"end":{"line":25,"column":57}},"15":{"start":{"line":28,"column":8},"end":{"line":28,"column":54}},"16":{"start":{"line":33,"column":23},"end":{"line":38,"column":3}},"17":{"start":{"line":34,"column":18},"end":{"line":34,"column":49}},"18":{"start":{"line":35,"column":25},"end":{"line":35,"column":46}},"19":{"start":{"line":36,"column":22},"end":{"line":36,"column":55}},"20":{"start":{"line":37,"column":4},"end":{"line":37,"column":32}},"21":{"start":{"line":40,"column":2},"end":{"line":42,"column":3}},"22":{"start":{"line":41,"column":4},"end":{"line":41,"column":20}},"23":{"start":{"line":43,"column":2},"end":{"line":45,"column":3}},"24":{"start":{"line":44,"column":4},"end":{"line":44,"column":44}},"25":{"start":{"line":47,"column":2},"end":{"line":100,"column":4}},"26":{"start":{"line":51,"column":20},"end":{"line":51,"column":37}},"27":{"start":{"line":103,"column":15},"end":{"line":167,"column":2}}},"fnMap":{"0":{"name":"(anonymous_0)","decl":{"start":{"line":8,"column":18},"end":{"line":8,"column":19}},"loc":{"start":{"line":8,"column":35},"end":{"line":101,"column":1}},"line":8},"1":{"name":"(anonymous_1)","decl":{"start":{"line":11,"column":26},"end":{"line":11,"column":27}},"loc":{"start":{"line":11,"column":35},"end":{"line":11,"column":44}},"line":11},"2":{"name":"(anonymous_2)","decl":{"start":{"line":14,"column":12},"end":{"line":14,"column":13}},"loc":{"start":{"line":14,"column":18},"end":{"line":19,"column":3}},"line":14},"3":{"name":"(anonymous_3)","decl":{"start":{"line":15,"column":5},"end":{"line":15,"column":6}},"loc":{"start":{"line":15,"column":17},"end":{"line":18,"column":5}},"line":15},"4":{"name":"(anonymous_4)","decl":{"start":{"line":21,"column":24},"end":{"line":21,"column":25}},"loc":{"start":{"line":21,"column":36},"end":{"line":31,"column":3}},"line":21},"5":{"name":"(anonymous_5)","decl":{"start":{"line":33,"column":23},"end":{"line":33,"column":24}},"loc":{"start":{"line":33,"column":29},"end":{"line":38,"column":3}},"line":33},"6":{"name":"(anonymous_6)","decl":{"start":{"line":51,"column":13},"end":{"line":51,"column":14}},"loc":{"start":{"line":51,"column":20},"end":{"line":51,"column":37}},"line":51}},"branchMap":{"0":{"loc":{"start":{"line":22,"column":4},"end":{"line":30,"column":5}},"type":"if","locations":[{"start":{"line":22,"column":4},"end":{"line":30,"column":5}},{"start":{},"end":{}}],"line":22},"1":{"loc":{"start":{"line":40,"column":2},"end":{"line":42,"column":3}},"type":"if","locations":[{"start":{"line":40,"column":2},"end":{"line":42,"column":3}},{"start":{},"end":{}}],"line":40},"2":{"loc":{"start":{"line":43,"column":2},"end":{"line":45,"column":3}},"type":"if","locations":[{"start":{"line":43,"column":2},"end":{"line":45,"column":3}},{"start":{},"end":{}}],"line":43},"3":{"loc":{"start":{"line":59,"column":12},"end":{"line":59,"column":52}},"type":"binary-expr","locations":[{"start":{"line":59,"column":12},"end":{"line":59,"column":31}},{"start":{"line":59,"column":35},"end":{"line":59,"column":52}}],"line":59},"4":{"loc":{"start":{"line":60,"column":12},"end":{"line":60,"column":54}},"type":"binary-expr","locations":[{"start":{"line":60,"column":12},"end":{"line":60,"column":32}},{"start":{"line":60,"column":36},"end":{"line":60,"column":54}}],"line":60},"5":{"loc":{"start":{"line":94,"column":15},"end":{"line":94,"column":79}},"type":"binary-expr","locations":[{"start":{"line":94,"column":15},"end":{"line":94,"column":47}},{"start":{"line":94,"column":51},"end":{"line":94,"column":79}}],"line":94}},"s":{"0":0,"1":0,"2":0,"3":0,"4":0,"5":0,"6":0,"7":0,"8":0,"9":0,"10":0,"11":0,"12":0,"13":0,"14":0,"15":0,"16":0,"17":0,"18":0,"19":0,"20":0,"21":0,"22":0,"23":0,"24":0,"25":0,"26":0,"27":0},"f":{"0":0,"1":0,"2":0,"3":0,"4":0,"5":0,"6":0},"b":{"0":[0,0],"1":[0,0],"2":[0,0],"3":[0,0],"4":[0,0],"5":[0,0]}}
,"C:\\Users\\banse\\CascadeProjects\\MindulPet\\src\\components\\error\\FeatureErrorBoundaries.js": {"path":"C:\\Users\\banse\\CascadeProjects\\MindulPet\\src\\components\\error\\FeatureErrorBoundaries.js","statementMap":{"0":{"start":{"line":8,"column":35},"end":{"line":52,"column":1}},"1":{"start":{"line":9,"column":2},"end":{"line":51,"column":4}},"2":{"start":{"line":10,"column":12},"end":{"line":10,"column":44}},"3":{"start":{"line":13,"column":6},"end":{"line":13,"column":39}},"4":{"start":{"line":18,"column":6},"end":{"line":22,"column":9}},"5":{"start":{"line":25,"column":6},"end":{"line":29,"column":8}},"6":{"start":{"line":32,"column":18},"end":{"line":34,"column":5}},"7":{"start":{"line":33,"column":6},"end":{"line":33,"column":54}},"8":{"start":{"line":37,"column":6},"end":{"line":47,"column":7}},"9":{"start":{"line":38,"column":8},"end":{"line":46,"column":10}},"10":{"start":{"line":49,"column":6},"end":{"line":49,"column":50}},"11":{"start":{"line":55,"column":23},"end":{"line":72,"column":1}},"12":{"start":{"line":56,"column":2},"end":{"line":71,"column":9}},"13":{"start":{"line":75,"column":43},"end":{"line":90,"column":4}},"14":{"start":{"line":76,"column":2},"end":{"line":90,"column":4}},"15":{"start":{"line":77,"column":4},"end":{"line":89,"column":11}},"16":{"start":{"line":92,"column":40},"end":{"line":107,"column":4}},"17":{"start":{"line":93,"column":2},"end":{"line":107,"column":4}},"18":{"start":{"line":94,"column":4},"end":{"line":106,"column":11}},"19":{"start":{"line":109,"column":34},"end":{"line":124,"column":4}},"20":{"start":{"line":110,"column":2},"end":{"line":124,"column":4}},"21":{"start":{"line":111,"column":4},"end":{"line":123,"column":11}},"22":{"start":{"line":126,"column":38},"end":{"line":141,"column":4}},"23":{"start":{"line":127,"column":2},"end":{"line":141,"column":4}},"24":{"start":{"line":128,"column":4},"end":{"line":140,"column":11}},"25":{"start":{"line":143,"column":15},"end":{"line":194,"column":2}}},"fnMap":{"0":{"name":"(anonymous_0)","decl":{"start":{"line":8,"column":35},"end":{"line":8,"column":36}},"loc":{"start":{"line":8,"column":82},"end":{"line":52,"column":1}},"line":8},"1":{"name":"(anonymous_1)","decl":{"start":{"line":12,"column":4},"end":{"line":12,"column":5}},"loc":{"start":{"line":12,"column":43},"end":{"line":14,"column":5}},"line":12},"2":{"name":"(anonymous_2)","decl":{"start":{"line":16,"column":4},"end":{"line":16,"column":5}},"loc":{"start":{"line":16,"column":40},"end":{"line":30,"column":5}},"line":16},"3":{"name":"(anonymous_3)","decl":{"start":{"line":32,"column":18},"end":{"line":32,"column":19}},"loc":{"start":{"line":32,"column":24},"end":{"line":34,"column":5}},"line":32},"4":{"name":"(anonymous_4)","decl":{"start":{"line":36,"column":4},"end":{"line":36,"column":5}},"loc":{"start":{"line":36,"column":13},"end":{"line":50,"column":5}},"line":36},"5":{"name":"(anonymous_5)","decl":{"start":{"line":55,"column":23},"end":{"line":55,"column":24}},"loc":{"start":{"line":56,"column":2},"end":{"line":71,"column":9}},"line":56},"6":{"name":"(anonymous_6)","decl":{"start":{"line":75,"column":43},"end":{"line":75,"column":44}},"loc":{"start":{"line":76,"column":2},"end":{"line":90,"column":4}},"line":76},"7":{"name":"(anonymous_7)","decl":{"start":{"line":76,"column":66},"end":{"line":76,"column":67}},"loc":{"start":{"line":77,"column":4},"end":{"line":89,"column":11}},"line":77},"8":{"name":"(anonymous_8)","decl":{"start":{"line":92,"column":40},"end":{"line":92,"column":41}},"loc":{"start":{"line":93,"column":2},"end":{"line":107,"column":4}},"line":93},"9":{"name":"(anonymous_9)","decl":{"start":{"line":93,"column":62},"end":{"line":93,"column":63}},"loc":{"start":{"line":94,"column":4},"end":{"line":106,"column":11}},"line":94},"10":{"name":"(anonymous_10)","decl":{"start":{"line":109,"column":34},"end":{"line":109,"column":35}},"loc":{"start":{"line":110,"column":2},"end":{"line":124,"column":4}},"line":110},"11":{"name":"(anonymous_11)","decl":{"start":{"line":110,"column":56},"end":{"line":110,"column":57}},"loc":{"start":{"line":111,"column":4},"end":{"line":123,"column":11}},"line":111},"12":{"name":"(anonymous_12)","decl":{"start":{"line":126,"column":38},"end":{"line":126,"column":39}},"loc":{"start":{"line":127,"column":2},"end":{"line":141,"column":4}},"line":127},"13":{"name":"(anonymous_13)","decl":{"start":{"line":127,"column":60},"end":{"line":127,"column":61}},"loc":{"start":{"line":128,"column":4},"end":{"line":140,"column":11}},"line":128}},"branchMap":{"0":{"loc":{"start":{"line":37,"column":6},"end":{"line":47,"column":7}},"type":"if","locations":[{"start":{"line":37,"column":6},"end":{"line":47,"column":7}},{"start":{},"end":{}}],"line":37},"1":{"loc":{"start":{"line":38,"column":15},"end":{"line":46,"column":9}},"type":"cond-expr","locations":[{"start":{"line":39,"column":10},"end":{"line":39,"column":56}},{"start":{"line":41,"column":10},"end":{"line":45,"column":12}}],"line":38},"2":{"loc":{"start":{"line":63,"column":5},"end":{"line":67,"column":5}},"type":"binary-expr","locations":[{"start":{"line":63,"column":5},"end":{"line":63,"column":12}},{"start":{"line":64,"column":6},"end":{"line":66,"column":13}}],"line":63},"3":{"loc":{"start":{"line":65,"column":9},"end":{"line":65,"column":51}},"type":"binary-expr","locations":[{"start":{"line":65,"column":9},"end":{"line":65,"column":23}},{"start":{"line":65,"column":27},"end":{"line":65,"column":51}}],"line":65}},"s":{"0":0,"1":0,"2":0,"3":0,"4":0,"5":0,"6":0,"7":0,"8":0,"9":0,"10":0,"11":0,"12":0,"13":0,"14":0,"15":0,"16":0,"17":0,"18":0,"19":0,"20":0,"21":0,"22":0,"23":0,"24":0,"25":0},"f":{"0":0,"1":0,"2":0,"3":0,"4":0,"5":0,"6":0,"7":0,"8":0,"9":0,"10":0,"11":0,"12":0,"13":0},"b":{"0":[0,0],"1":[0,0],"2":[0,0],"3":[0,0]}}
,"C:\\Users\\banse\\CascadeProjects\\MindulPet\\src\\components\\monitoring\\PerformanceDashboard.js": {"path":"C:\\Users\\banse\\CascadeProjects\\MindulPet\\src\\components\\monitoring\\PerformanceDashboard.js","statementMap":{"0":{"start":{"line":8,"column":20},"end":{"line":8,"column":55}},"1":{"start":{"line":9,"column":24},"end":{"line":9,"column":26}},"2":{"start":{"line":11,"column":29},"end":{"line":127,"column":1}},"3":{"start":{"line":12,"column":32},"end":{"line":17,"column":4}},"4":{"start":{"line":18,"column":22},"end":{"line":18,"column":53}},"5":{"start":{"line":19,"column":16},"end":{"line":19,"column":26}},"6":{"start":{"line":21,"column":2},"end":{"line":35,"column":16}},"7":{"start":{"line":22,"column":25},"end":{"line":25,"column":5}},"8":{"start":{"line":27,"column":4},"end":{"line":30,"column":15}},"9":{"start":{"line":32,"column":4},"end":{"line":34,"column":6}},"10":{"start":{"line":33,"column":6},"end":{"line":33,"column":28}},"11":{"start":{"line":37,"column":29},"end":{"line":58,"column":3}},"12":{"start":{"line":38,"column":4},"end":{"line":57,"column":7}},"13":{"start":{"line":39,"column":25},"end":{"line":39,"column":36}},"14":{"start":{"line":41,"column":6},"end":{"line":54,"column":7}},"15":{"start":{"line":43,"column":10},"end":{"line":43,"column":82}},"16":{"start":{"line":44,"column":10},"end":{"line":44,"column":16}},"17":{"start":{"line":46,"column":10},"end":{"line":46,"column":109}},"18":{"start":{"line":47,"column":10},"end":{"line":47,"column":16}},"19":{"start":{"line":49,"column":10},"end":{"line":49,"column":108}},"20":{"start":{"line":50,"column":10},"end":{"line":50,"column":16}},"21":{"start":{"line":52,"column":10},"end":{"line":52,"column":84}},"22":{"start":{"line":53,"column":10},"end":{"line":53,"column":16}},"23":{"start":{"line":56,"column":6},"end":{"line":56,"column":24}},"24":{"start":{"line":60,"column":22},"end":{"line":94,"column":3}},"25":{"start":{"line":61,"column":22},"end":{"line":64,"column":5}},"26":{"start":{"line":66,"column":4},"end":{"line":93,"column":6}},"27":{"start":{"line":78,"column":25},"end":{"line":78,"column":30}},"28":{"start":{"line":79,"column":30},"end":{"line":79,"column":47}},"29":{"start":{"line":96,"column":2},"end":{"line":96,"column":28}},"30":{"start":{"line":96,"column":16},"end":{"line":96,"column":28}},"31":{"start":{"line":98,"column":2},"end":{"line":126,"column":4}},"32":{"start":{"line":129,"column":15},"end":{"line":164,"column":2}}},"fnMap":{"0":{"name":"(anonymous_0)","decl":{"start":{"line":11,"column":29},"end":{"line":11,"column":30}},"loc":{"start":{"line":11,"column":56},"end":{"line":127,"column":1}},"line":11},"1":{"name":"(anonymous_1)","decl":{"start":{"line":21,"column":12},"end":{"line":21,"column":13}},"loc":{"start":{"line":21,"column":18},"end":{"line":35,"column":3}},"line":21},"2":{"name":"(anonymous_2)","decl":{"start":{"line":32,"column":11},"end":{"line":32,"column":12}},"loc":{"start":{"line":32,"column":17},"end":{"line":34,"column":5}},"line":32},"3":{"name":"(anonymous_3)","decl":{"start":{"line":37,"column":29},"end":{"line":37,"column":30}},"loc":{"start":{"line":37,"column":41},"end":{"line":58,"column":3}},"line":37},"4":{"name":"(anonymous_4)","decl":{"start":{"line":38,"column":15},"end":{"line":38,"column":16}},"loc":{"start":{"line":38,"column":23},"end":{"line":57,"column":5}},"line":38},"5":{"name":"(anonymous_5)","decl":{"start":{"line":60,"column":22},"end":{"line":60,"column":23}},"loc":{"start":{"line":60,"column":46},"end":{"line":94,"column":3}},"line":60},"6":{"name":"(anonymous_6)","decl":{"start":{"line":78,"column":19},"end":{"line":78,"column":20}},"loc":{"start":{"line":78,"column":25},"end":{"line":78,"column":30}},"line":78},"7":{"name":"(anonymous_7)","decl":{"start":{"line":79,"column":24},"end":{"line":79,"column":25}},"loc":{"start":{"line":79,"column":30},"end":{"line":79,"column":47}},"line":79}},"branchMap":{"0":{"loc":{"start":{"line":11,"column":32},"end":{"line":11,"column":49}},"type":"default-arg","locations":[{"start":{"line":11,"column":42},"end":{"line":11,"column":49}}],"line":11},"1":{"loc":{"start":{"line":28,"column":15},"end":{"line":28,"column":30}},"type":"cond-expr","locations":[{"start":{"line":28,"column":25},"end":{"line":28,"column":26}},{"start":{"line":28,"column":29},"end":{"line":28,"column":30}}],"line":28},"2":{"loc":{"start":{"line":41,"column":6},"end":{"line":54,"column":7}},"type":"switch","locations":[{"start":{"line":42,"column":8},"end":{"line":44,"column":16}},{"start":{"line":45,"column":8},"end":{"line":47,"column":16}},{"start":{"line":48,"column":8},"end":{"line":50,"column":16}},{"start":{"line":51,"column":8},"end":{"line":53,"column":16}}],"line":41},"3":{"loc":{"start":{"line":49,"column":49},"end":{"line":49,"column":82}},"type":"cond-expr","locations":[{"start":{"line":49,"column":75},"end":{"line":49,"column":78}},{"start":{"line":49,"column":81},"end":{"line":49,"column":82}}],"line":49},"4":{"loc":{"start":{"line":96,"column":2},"end":{"line":96,"column":28}},"type":"if","locations":[{"start":{"line":96,"column":2},"end":{"line":96,"column":28}},{"start":{},"end":{}}],"line":96}},"s":{"0":0,"1":0,"2":0,"3":0,"4":0,"5":0,"6":0,"7":0,"8":0,"9":0,"10":0,"11":0,"12":0,"13":0,"14":0,"15":0,"16":0,"17":0,"18":0,"19":0,"20":0,"21":0,"22":0,"23":0,"24":0,"25":0,"26":0,"27":0,"28":0,"29":0,"30":0,"31":0,"32":0},"f":{"0":0,"1":0,"2":0,"3":0,"4":0,"5":0,"6":0,"7":0},"b":{"0":[0],"1":[0,0],"2":[0,0,0,0],"3":[0,0],"4":[0,0]}}
,"C:\\Users\\banse\\CascadeProjects\\MindulPet\\src\\components\\navigation\\CustomTabBar.js": {"path":"C:\\Users\\banse\\CascadeProjects\\MindulPet\\src\\components\\navigation\\CustomTabBar.js","statementMap":{"0":{"start":{"line":13,"column":18},"end":{"line":13,"column":42}},"1":{"start":{"line":15,"column":21},"end":{"line":135,"column":1}},"2":{"start":{"line":16,"column":17},"end":{"line":16,"column":36}},"3":{"start":{"line":18,"column":2},"end":{"line":134,"column":4}},"4":{"start":{"line":21,"column":28},"end":{"line":21,"column":50}},"5":{"start":{"line":23,"column":10},"end":{"line":27,"column":24}},"6":{"start":{"line":29,"column":26},"end":{"line":29,"column":47}},"7":{"start":{"line":31,"column":24},"end":{"line":41,"column":9}},"8":{"start":{"line":32,"column":24},"end":{"line":36,"column":12}},"9":{"start":{"line":38,"column":10},"end":{"line":40,"column":11}},"10":{"start":{"line":39,"column":12},"end":{"line":39,"column":44}},"11":{"start":{"line":43,"column":28},"end":{"line":48,"column":9}},"12":{"start":{"line":44,"column":10},"end":{"line":47,"column":13}},"13":{"start":{"line":51,"column":30},"end":{"line":51,"column":48}},"14":{"start":{"line":54,"column":27},"end":{"line":54,"column":56}},"15":{"start":{"line":54,"column":54},"end":{"line":54,"column":55}},"16":{"start":{"line":57,"column":22},"end":{"line":60,"column":10}},"17":{"start":{"line":59,"column":44},"end":{"line":59,"column":65}},"18":{"start":{"line":63,"column":22},"end":{"line":68,"column":10}},"19":{"start":{"line":66,"column":12},"end":{"line":66,"column":47}},"20":{"start":{"line":71,"column":26},"end":{"line":74,"column":10}},"21":{"start":{"line":73,"column":44},"end":{"line":73,"column":63}},"22":{"start":{"line":76,"column":8},"end":{"line":131,"column":10}},"23":{"start":{"line":137,"column":15},"end":{"line":197,"column":2}}},"fnMap":{"0":{"name":"(anonymous_0)","decl":{"start":{"line":15,"column":21},"end":{"line":15,"column":22}},"loc":{"start":{"line":15,"column":71},"end":{"line":135,"column":1}},"line":15},"1":{"name":"(anonymous_1)","decl":{"start":{"line":20,"column":24},"end":{"line":20,"column":25}},"loc":{"start":{"line":20,"column":42},"end":{"line":132,"column":7}},"line":20},"2":{"name":"(anonymous_2)","decl":{"start":{"line":31,"column":24},"end":{"line":31,"column":25}},"loc":{"start":{"line":31,"column":30},"end":{"line":41,"column":9}},"line":31},"3":{"name":"(anonymous_3)","decl":{"start":{"line":43,"column":28},"end":{"line":43,"column":29}},"loc":{"start":{"line":43,"column":34},"end":{"line":48,"column":9}},"line":43},"4":{"name":"(anonymous_4)","decl":{"start":{"line":54,"column":44},"end":{"line":54,"column":45}},"loc":{"start":{"line":54,"column":54},"end":{"line":54,"column":55}},"line":54},"5":{"name":"(anonymous_5)","decl":{"start":{"line":59,"column":38},"end":{"line":59,"column":39}},"loc":{"start":{"line":59,"column":44},"end":{"line":59,"column":65}},"line":59},"6":{"name":"(anonymous_6)","decl":{"start":{"line":65,"column":38},"end":{"line":65,"column":39}},"loc":{"start":{"line":66,"column":12},"end":{"line":66,"column":47}},"line":66},"7":{"name":"(anonymous_7)","decl":{"start":{"line":73,"column":38},"end":{"line":73,"column":39}},"loc":{"start":{"line":73,"column":44},"end":{"line":73,"column":63}},"line":73}},"branchMap":{"0":{"loc":{"start":{"line":23,"column":10},"end":{"line":27,"column":24}},"type":"cond-expr","locations":[{"start":{"line":24,"column":14},"end":{"line":24,"column":33}},{"start":{"line":25,"column":14},"end":{"line":27,"column":24}}],"line":23},"1":{"loc":{"start":{"line":25,"column":14},"end":{"line":27,"column":24}},"type":"cond-expr","locations":[{"start":{"line":26,"column":14},"end":{"line":26,"column":27}},{"start":{"line":27,"column":14},"end":{"line":27,"column":24}}],"line":25},"2":{"loc":{"start":{"line":38,"column":10},"end":{"line":40,"column":11}},"type":"if","locations":[{"start":{"line":38,"column":10},"end":{"line":40,"column":11}},{"start":{},"end":{}}],"line":38},"3":{"loc":{"start":{"line":38,"column":14},"end":{"line":38,"column":51}},"type":"binary-expr","locations":[{"start":{"line":38,"column":14},"end":{"line":38,"column":24}},{"start":{"line":38,"column":28},"end":{"line":38,"column":51}}],"line":38},"4":{"loc":{"start":{"line":59,"column":44},"end":{"line":59,"column":65}},"type":"cond-expr","locations":[{"start":{"line":59,"column":58},"end":{"line":59,"column":61}},{"start":{"line":59,"column":64},"end":{"line":59,"column":65}}],"line":59},"5":{"loc":{"start":{"line":66,"column":12},"end":{"line":66,"column":47}},"type":"cond-expr","locations":[{"start":{"line":66,"column":26},"end":{"line":66,"column":35}},{"start":{"line":66,"column":38},"end":{"line":66,"column":47}}],"line":66},"6":{"loc":{"start":{"line":73,"column":44},"end":{"line":73,"column":63}},"type":"cond-expr","locations":[{"start":{"line":73,"column":58},"end":{"line":73,"column":59}},{"start":{"line":73,"column":62},"end":{"line":73,"column":63}}],"line":73},"7":{"loc":{"start":{"line":80,"column":32},"end":{"line":80,"column":67}},"type":"cond-expr","locations":[{"start":{"line":80,"column":44},"end":{"line":80,"column":62}},{"start":{"line":80,"column":65},"end":{"line":80,"column":67}}],"line":80},"8":{"loc":{"start":{"line":104,"column":15},"end":{"line":110,"column":15}},"type":"binary-expr","locations":[{"start":{"line":104,"column":15},"end":{"line":104,"column":28}},{"start":{"line":105,"column":16},"end":{"line":109,"column":18}}],"line":104},"9":{"loc":{"start":{"line":116,"column":29},"end":{"line":116,"column":48}},"type":"cond-expr","locations":[{"start":{"line":116,"column":41},"end":{"line":116,"column":42}},{"start":{"line":116,"column":45},"end":{"line":116,"column":48}}],"line":116},"10":{"loc":{"start":{"line":123,"column":13},"end":{"line":129,"column":13}},"type":"binary-expr","locations":[{"start":{"line":123,"column":13},"end":{"line":123,"column":32}},{"start":{"line":124,"column":14},"end":{"line":128,"column":21}}],"line":123}},"s":{"0":0,"1":0,"2":0,"3":0,"4":0,"5":0,"6":0,"7":0,"8":0,"9":0,"10":0,"11":0,"12":0,"13":0,"14":0,"15":0,"16":0,"17":0,"18":0,"19":0,"20":0,"21":0,"22":0,"23":0},"f":{"0":0,"1":0,"2":0,"3":0,"4":0,"5":0,"6":0,"7":0},"b":{"0":[0,0],"1":[0,0],"2":[0,0],"3":[0,0],"4":[0,0],"5":[0,0],"6":[0,0],"7":[0,0],"8":[0,0],"9":[0,0],"10":[0,0]}}
,"C:\\Users\\banse\\CascadeProjects\\MindulPet\\src\\components\\pet\\PetAvatar.js": {"path":"C:\\Users\\banse\\CascadeProjects\\MindulPet\\src\\components\\pet\\PetAvatar.js","statementMap":{"0":{"start":{"line":4,"column":18},"end":{"line":16,"column":1}},"1":{"start":{"line":7,"column":19},"end":{"line":9,"column":52}},"2":{"start":{"line":11,"column":2},"end":{"line":15,"column":4}},"3":{"start":{"line":18,"column":15},"end":{"line":28,"column":2}}},"fnMap":{"0":{"name":"(anonymous_0)","decl":{"start":{"line":4,"column":18},"end":{"line":4,"column":19}},"loc":{"start":{"line":4,"column":41},"end":{"line":16,"column":1}},"line":4}},"branchMap":{"0":{"loc":{"start":{"line":7,"column":19},"end":{"line":9,"column":52}},"type":"cond-expr","locations":[{"start":{"line":8,"column":6},"end":{"line":8,"column":55}},{"start":{"line":9,"column":6},"end":{"line":9,"column":52}}],"line":7}},"s":{"0":0,"1":0,"2":0,"3":0},"f":{"0":0},"b":{"0":[0,0]}}
,"C:\\Users\\banse\\CascadeProjects\\MindulPet\\src\\components\\pet\\PetRenderer.js": {"path":"C:\\Users\\banse\\CascadeProjects\\MindulPet\\src\\components\\pet\\PetRenderer.js","statementMap":{"0":{"start":{"line":7,"column":20},"end":{"line":134,"column":1}},"1":{"start":{"line":9,"column":21},"end":{"line":9,"column":58}},"2":{"start":{"line":10,"column":21},"end":{"line":10,"column":58}},"3":{"start":{"line":11,"column":20},"end":{"line":11,"column":57}},"4":{"start":{"line":12,"column":19},"end":{"line":12,"column":56}},"5":{"start":{"line":15,"column":21},"end":{"line":15,"column":33}},"6":{"start":{"line":16,"column":18},"end":{"line":16,"column":30}},"7":{"start":{"line":18,"column":2},"end":{"line":34,"column":18}},"8":{"start":{"line":20,"column":4},"end":{"line":25,"column":7}},"9":{"start":{"line":28,"column":4},"end":{"line":28,"column":25}},"10":{"start":{"line":30,"column":4},"end":{"line":33,"column":6}},"11":{"start":{"line":32,"column":6},"end":{"line":32,"column":45}},"12":{"start":{"line":36,"column":2},"end":{"line":44,"column":5}},"13":{"start":{"line":38,"column":4},"end":{"line":38,"column":26}},"14":{"start":{"line":46,"column":29},"end":{"line":48,"column":3}},"15":{"start":{"line":47,"column":4},"end":{"line":47,"column":76}},"16":{"start":{"line":50,"column":30},"end":{"line":58,"column":3}},"17":{"start":{"line":52,"column":4},"end":{"line":57,"column":7}},"18":{"start":{"line":60,"column":22},"end":{"line":62,"column":3}},"19":{"start":{"line":61,"column":4},"end":{"line":61,"column":104}},"20":{"start":{"line":64,"column":31},"end":{"line":68,"column":3}},"21":{"start":{"line":65,"column":4},"end":{"line":67,"column":6}},"22":{"start":{"line":66,"column":6},"end":{"line":66,"column":56}},"23":{"start":{"line":70,"column":30},"end":{"line":79,"column":3}},"24":{"start":{"line":71,"column":4},"end":{"line":78,"column":7}},"25":{"start":{"line":72,"column":6},"end":{"line":77,"column":8}},"26":{"start":{"line":81,"column":17},"end":{"line":84,"column":4}},"27":{"start":{"line":86,"column":2},"end":{"line":133,"column":4}},"28":{"start":{"line":116,"column":10},"end":{"line":122,"column":12}},"29":{"start":{"line":136,"column":15},"end":{"line":168,"column":2}}},"fnMap":{"0":{"name":"(anonymous_0)","decl":{"start":{"line":7,"column":20},"end":{"line":7,"column":21}},"loc":{"start":{"line":7,"column":68},"end":{"line":134,"column":1}},"line":7},"1":{"name":"(anonymous_1)","decl":{"start":{"line":18,"column":12},"end":{"line":18,"column":13}},"loc":{"start":{"line":18,"column":18},"end":{"line":34,"column":3}},"line":18},"2":{"name":"(anonymous_2)","decl":{"start":{"line":30,"column":11},"end":{"line":30,"column":12}},"loc":{"start":{"line":30,"column":17},"end":{"line":33,"column":5}},"line":30},"3":{"name":"(anonymous_3)","decl":{"start":{"line":36,"column":12},"end":{"line":36,"column":13}},"loc":{"start":{"line":36,"column":18},"end":{"line":39,"column":3}},"line":36},"4":{"name":"(anonymous_4)","decl":{"start":{"line":46,"column":29},"end":{"line":46,"column":30}},"loc":{"start":{"line":46,"column":35},"end":{"line":48,"column":3}},"line":46},"5":{"name":"(anonymous_5)","decl":{"start":{"line":50,"column":30},"end":{"line":50,"column":31}},"loc":{"start":{"line":50,"column":36},"end":{"line":58,"column":3}},"line":50},"6":{"name":"(anonymous_6)","decl":{"start":{"line":60,"column":22},"end":{"line":60,"column":23}},"loc":{"start":{"line":60,"column":28},"end":{"line":62,"column":3}},"line":60},"7":{"name":"(anonymous_7)","decl":{"start":{"line":64,"column":31},"end":{"line":64,"column":32}},"loc":{"start":{"line":64,"column":37},"end":{"line":68,"column":3}},"line":64},"8":{"name":"(anonymous_8)","decl":{"start":{"line":65,"column":44},"end":{"line":65,"column":45}},"loc":{"start":{"line":66,"column":6},"end":{"line":66,"column":56}},"line":66},"9":{"name":"(anonymous_9)","decl":{"start":{"line":70,"column":30},"end":{"line":70,"column":31}},"loc":{"start":{"line":70,"column":36},"end":{"line":79,"column":3}},"line":70},"10":{"name":"(anonymous_10)","decl":{"start":{"line":71,"column":46},"end":{"line":71,"column":47}},"loc":{"start":{"line":72,"column":6},"end":{"line":77,"column":8}},"line":72},"11":{"name":"(anonymous_11)","decl":{"start":{"line":115,"column":36},"end":{"line":115,"column":37}},"loc":{"start":{"line":116,"column":10},"end":{"line":122,"column":12}},"line":116}},"branchMap":{"0":{"loc":{"start":{"line":7,"column":28},"end":{"line":7,"column":38}},"type":"default-arg","locations":[{"start":{"line":7,"column":35},"end":{"line":7,"column":38}}],"line":7},"1":{"loc":{"start":{"line":76,"column":13},"end":{"line":76,"column":61}},"type":"cond-expr","locations":[{"start":{"line":76,"column":41},"end":{"line":76,"column":51}},{"start":{"line":76,"column":54},"end":{"line":76,"column":61}}],"line":76},"2":{"loc":{"start":{"line":128,"column":9},"end":{"line":130,"column":9}},"type":"binary-expr","locations":[{"start":{"line":128,"column":9},"end":{"line":128,"column":31}},{"start":{"line":129,"column":10},"end":{"line":129,"column":58}}],"line":128}},"s":{"0":0,"1":0,"2":0,"3":0,"4":0,"5":0,"6":0,"7":0,"8":0,"9":0,"10":0,"11":0,"12":0,"13":0,"14":0,"15":0,"16":0,"17":0,"18":0,"19":0,"20":0,"21":0,"22":0,"23":0,"24":0,"25":0,"26":0,"27":0,"28":0,"29":0},"f":{"0":0,"1":0,"2":0,"3":0,"4":0,"5":0,"6":0,"7":0,"8":0,"9":0,"10":0,"11":0},"b":{"0":[0],"1":[0,0],"2":[0,0]}}
,"C:\\Users\\banse\\CascadeProjects\\MindulPet\\src\\components\\pet\\PetStatusEffects.js": {"path":"C:\\Users\\banse\\CascadeProjects\\MindulPet\\src\\components\\pet\\PetStatusEffects.js","statementMap":{"0":{"start":{"line":13,"column":25},"end":{"line":178,"column":1}},"1":{"start":{"line":14,"column":19},"end":{"line":14,"column":56}},"2":{"start":{"line":15,"column":20},"end":{"line":15,"column":58}},"3":{"start":{"line":17,"column":2},"end":{"line":29,"column":9}},"4":{"start":{"line":18,"column":4},"end":{"line":28,"column":15}},"5":{"start":{"line":31,"column":30},"end":{"line":73,"column":3}},"6":{"start":{"line":32,"column":26},"end":{"line":39,"column":6}},"7":{"start":{"line":36,"column":18},"end":{"line":36,"column":28}},"8":{"start":{"line":37,"column":24},"end":{"line":37,"column":60}},"9":{"start":{"line":38,"column":6},"end":{"line":38,"column":47}},"10":{"start":{"line":41,"column":4},"end":{"line":41,"column":48}},"11":{"start":{"line":41,"column":36},"end":{"line":41,"column":48}},"12":{"start":{"line":43,"column":4},"end":{"line":72,"column":6}},"13":{"start":{"line":48,"column":34},"end":{"line":51,"column":13}},"14":{"start":{"line":52,"column":37},"end":{"line":52,"column":75}},"15":{"start":{"line":54,"column":12},"end":{"line":68,"column":14}},"16":{"start":{"line":58,"column":31},"end":{"line":58,"column":52}},"17":{"start":{"line":75,"column":29},"end":{"line":104,"column":3}},"18":{"start":{"line":76,"column":31},"end":{"line":78,"column":16}},"19":{"start":{"line":77,"column":23},"end":{"line":77,"column":58}},"20":{"start":{"line":80,"column":4},"end":{"line":80,"column":53}},"21":{"start":{"line":80,"column":41},"end":{"line":80,"column":53}},"22":{"start":{"line":82,"column":4},"end":{"line":103,"column":6}},"23":{"start":{"line":87,"column":12},"end":{"line":99,"column":19}},"24":{"start":{"line":106,"column":33},"end":{"line":157,"column":3}},"25":{"start":{"line":107,"column":23},"end":{"line":107,"column":25}},"26":{"start":{"line":109,"column":4},"end":{"line":116,"column":5}},"27":{"start":{"line":110,"column":6},"end":{"line":115,"column":9}},"28":{"start":{"line":118,"column":4},"end":{"line":125,"column":5}},"29":{"start":{"line":119,"column":6},"end":{"line":124,"column":9}},"30":{"start":{"line":127,"column":4},"end":{"line":134,"column":5}},"31":{"start":{"line":128,"column":6},"end":{"line":133,"column":9}},"32":{"start":{"line":136,"column":4},"end":{"line":136,"column":45}},"33":{"start":{"line":136,"column":33},"end":{"line":136,"column":45}},"34":{"start":{"line":138,"column":4},"end":{"line":156,"column":6}},"35":{"start":{"line":143,"column":12},"end":{"line":152,"column":19}},"36":{"start":{"line":159,"column":2},"end":{"line":159,"column":24}},"37":{"start":{"line":159,"column":12},"end":{"line":159,"column":24}},"38":{"start":{"line":161,"column":2},"end":{"line":177,"column":4}},"39":{"start":{"line":180,"column":22},"end":{"line":189,"column":1}},"40":{"start":{"line":181,"column":16},"end":{"line":187,"column":3}},"41":{"start":{"line":188,"column":2},"end":{"line":188,"column":35}},"42":{"start":{"line":191,"column":24},"end":{"line":202,"column":1}},"43":{"start":{"line":192,"column":15},"end":{"line":192,"column":34}},"44":{"start":{"line":193,"column":14},"end":{"line":193,"column":24}},"45":{"start":{"line":194,"column":17},"end":{"line":194,"column":27}},"46":{"start":{"line":195,"column":19},"end":{"line":195,"column":51}},"47":{"start":{"line":196,"column":20},"end":{"line":196,"column":57}},"48":{"start":{"line":197,"column":19},"end":{"line":197,"column":61}},"49":{"start":{"line":199,"column":2},"end":{"line":199,"column":47}},"50":{"start":{"line":199,"column":21},"end":{"line":199,"column":47}},"51":{"start":{"line":200,"column":2},"end":{"line":200,"column":49}},"52":{"start":{"line":200,"column":22},"end":{"line":200,"column":49}},"53":{"start":{"line":201,"column":2},"end":{"line":201,"column":28}},"54":{"start":{"line":204,"column":15},"end":{"line":291,"column":2}}},"fnMap":{"0":{"name":"(anonymous_0)","decl":{"start":{"line":13,"column":25},"end":{"line":13,"column":26}},"loc":{"start":{"line":13,"column":53},"end":{"line":178,"column":1}},"line":13},"1":{"name":"(anonymous_1)","decl":{"start":{"line":17,"column":12},"end":{"line":17,"column":13}},"loc":{"start":{"line":17,"column":18},"end":{"line":29,"column":3}},"line":17},"2":{"name":"(anonymous_2)","decl":{"start":{"line":31,"column":30},"end":{"line":31,"column":31}},"loc":{"start":{"line":31,"column":36},"end":{"line":73,"column":3}},"line":31},"3":{"name":"(anonymous_3)","decl":{"start":{"line":35,"column":13},"end":{"line":35,"column":14}},"loc":{"start":{"line":35,"column":23},"end":{"line":39,"column":5}},"line":35},"4":{"name":"(anonymous_4)","decl":{"start":{"line":47,"column":29},"end":{"line":47,"column":30}},"loc":{"start":{"line":47,"column":48},"end":{"line":69,"column":11}},"line":47},"5":{"name":"(anonymous_5)","decl":{"start":{"line":58,"column":25},"end":{"line":58,"column":26}},"loc":{"start":{"line":58,"column":31},"end":{"line":58,"column":52}},"line":58},"6":{"name":"(anonymous_6)","decl":{"start":{"line":75,"column":29},"end":{"line":75,"column":30}},"loc":{"start":{"line":75,"column":35},"end":{"line":104,"column":3}},"line":75},"7":{"name":"(anonymous_7)","decl":{"start":{"line":77,"column":14},"end":{"line":77,"column":15}},"loc":{"start":{"line":77,"column":23},"end":{"line":77,"column":58}},"line":77},"8":{"name":"(anonymous_8)","decl":{"start":{"line":86,"column":34},"end":{"line":86,"column":35}},"loc":{"start":{"line":87,"column":12},"end":{"line":99,"column":19}},"line":87},"9":{"name":"(anonymous_9)","decl":{"start":{"line":106,"column":33},"end":{"line":106,"column":34}},"loc":{"start":{"line":106,"column":39},"end":{"line":157,"column":3}},"line":106},"10":{"name":"(anonymous_10)","decl":{"start":{"line":142,"column":26},"end":{"line":142,"column":27}},"loc":{"start":{"line":143,"column":12},"end":{"line":152,"column":19}},"line":143},"11":{"name":"(anonymous_11)","decl":{"start":{"line":180,"column":22},"end":{"line":180,"column":23}},"loc":{"start":{"line":180,"column":36},"end":{"line":189,"column":1}},"line":180},"12":{"name":"(anonymous_12)","decl":{"start":{"line":191,"column":24},"end":{"line":191,"column":25}},"loc":{"start":{"line":191,"column":39},"end":{"line":202,"column":1}},"line":191}},"branchMap":{"0":{"loc":{"start":{"line":41,"column":4},"end":{"line":41,"column":48}},"type":"if","locations":[{"start":{"line":41,"column":4},"end":{"line":41,"column":48}},{"start":{},"end":{}}],"line":41},"1":{"loc":{"start":{"line":80,"column":4},"end":{"line":80,"column":53}},"type":"if","locations":[{"start":{"line":80,"column":4},"end":{"line":80,"column":53}},{"start":{},"end":{}}],"line":80},"2":{"loc":{"start":{"line":109,"column":4},"end":{"line":116,"column":5}},"type":"if","locations":[{"start":{"line":109,"column":4},"end":{"line":116,"column":5}},{"start":{},"end":{}}],"line":109},"3":{"loc":{"start":{"line":118,"column":4},"end":{"line":125,"column":5}},"type":"if","locations":[{"start":{"line":118,"column":4},"end":{"line":125,"column":5}},{"start":{},"end":{}}],"line":118},"4":{"loc":{"start":{"line":127,"column":4},"end":{"line":134,"column":5}},"type":"if","locations":[{"start":{"line":127,"column":4},"end":{"line":134,"column":5}},{"start":{},"end":{}}],"line":127},"5":{"loc":{"start":{"line":136,"column":4},"end":{"line":136,"column":45}},"type":"if","locations":[{"start":{"line":136,"column":4},"end":{"line":136,"column":45}},{"start":{},"end":{}}],"line":136},"6":{"loc":{"start":{"line":159,"column":2},"end":{"line":159,"column":24}},"type":"if","locations":[{"start":{"line":159,"column":2},"end":{"line":159,"column":24}},{"start":{},"end":{}}],"line":159},"7":{"loc":{"start":{"line":188,"column":9},"end":{"line":188,"column":34}},"type":"binary-expr","locations":[{"start":{"line":188,"column":9},"end":{"line":188,"column":24}},{"start":{"line":188,"column":28},"end":{"line":188,"column":34}}],"line":188},"8":{"loc":{"start":{"line":199,"column":2},"end":{"line":199,"column":47}},"type":"if","locations":[{"start":{"line":199,"column":2},"end":{"line":199,"column":47}},{"start":{},"end":{}}],"line":199},"9":{"loc":{"start":{"line":200,"column":2},"end":{"line":200,"column":49}},"type":"if","locations":[{"start":{"line":200,"column":2},"end":{"line":200,"column":49}},{"start":{},"end":{}}],"line":200}},"s":{"0":0,"1":0,"2":0,"3":0,"4":0,"5":0,"6":0,"7":0,"8":0,"9":0,"10":0,"11":0,"12":0,"13":0,"14":0,"15":0,"16":0,"17":0,"18":0,"19":0,"20":0,"21":0,"22":0,"23":0,"24":0,"25":0,"26":0,"27":0,"28":0,"29":0,"30":0,"31":0,"32":0,"33":0,"34":0,"35":0,"36":0,"37":0,"38":0,"39":0,"40":0,"41":0,"42":0,"43":0,"44":0,"45":0,"46":0,"47":0,"48":0,"49":0,"50":0,"51":0,"52":0,"53":0,"54":0},"f":{"0":0,"1":0,"2":0,"3":0,"4":0,"5":0,"6":0,"7":0,"8":0,"9":0,"10":0,"11":0,"12":0},"b":{"0":[0,0],"1":[0,0],"2":[0,0],"3":[0,0],"4":[0,0],"5":[0,0],"6":[0,0],"7":[0,0],"8":[0,0],"9":[0,0]}}
,"C:\\Users\\banse\\CascadeProjects\\MindulPet\\src\\models\\PetModel.js": {"path":"C:\\Users\\banse\\CascadeProjects\\MindulPet\\src\\models\\PetModel.js","statementMap":{"0":{"start":{"line":3,"column":24},"end":{"line":7,"column":1}},"1":{"start":{"line":9,"column":25},"end":{"line":14,"column":1}},"2":{"start":{"line":16,"column":31},"end":{"line":23,"column":1}},"3":{"start":{"line":25,"column":30},"end":{"line":30,"column":1}},"4":{"start":{"line":32,"column":32},"end":{"line":37,"column":1}},"5":{"start":{"line":39,"column":30},"end":{"line":47,"column":1}},"6":{"start":{"line":51,"column":4},"end":{"line":51,"column":26}},"7":{"start":{"line":52,"column":4},"end":{"line":52,"column":24}},"8":{"start":{"line":53,"column":4},"end":{"line":53,"column":24}},"9":{"start":{"line":54,"column":4},"end":{"line":54,"column":40}},"10":{"start":{"line":55,"column":4},"end":{"line":70,"column":6}},"11":{"start":{"line":71,"column":4},"end":{"line":82,"column":6}},"12":{"start":{"line":83,"column":4},"end":{"line":88,"column":6}},"13":{"start":{"line":89,"column":4},"end":{"line":89,"column":22}},"14":{"start":{"line":90,"column":4},"end":{"line":90,"column":47}},"15":{"start":{"line":91,"column":4},"end":{"line":91,"column":46}},"16":{"start":{"line":96,"column":55},"end":{"line":96,"column":70}},"17":{"start":{"line":97,"column":24},"end":{"line":98,"column":57}},"18":{"start":{"line":100,"column":4},"end":{"line":100,"column":60}},"19":{"start":{"line":100,"column":28},"end":{"line":100,"column":60}},"20":{"start":{"line":101,"column":4},"end":{"line":101,"column":57}},"21":{"start":{"line":101,"column":28},"end":{"line":101,"column":57}},"22":{"start":{"line":102,"column":4},"end":{"line":102,"column":58}},"23":{"start":{"line":102,"column":28},"end":{"line":102,"column":58}},"24":{"start":{"line":103,"column":4},"end":{"line":103,"column":55}},"25":{"start":{"line":103,"column":28},"end":{"line":103,"column":55}},"26":{"start":{"line":104,"column":4},"end":{"line":104,"column":35}},"27":{"start":{"line":108,"column":58},"end":{"line":108,"column":73}},"28":{"start":{"line":109,"column":27},"end":{"line":110,"column":51}},"29":{"start":{"line":112,"column":4},"end":{"line":112,"column":60}},"30":{"start":{"line":112,"column":31},"end":{"line":112,"column":60}},"31":{"start":{"line":113,"column":4},"end":{"line":113,"column":62}},"32":{"start":{"line":113,"column":31},"end":{"line":113,"column":62}},"33":{"start":{"line":114,"column":4},"end":{"line":114,"column":59}},"34":{"start":{"line":114,"column":31},"end":{"line":114,"column":59}},"35":{"start":{"line":115,"column":4},"end":{"line":115,"column":62}},"36":{"start":{"line":115,"column":31},"end":{"line":115,"column":62}},"37":{"start":{"line":116,"column":4},"end":{"line":116,"column":31}},"38":{"start":{"line":120,"column":4},"end":{"line":120,"column":63}},"39":{"start":{"line":121,"column":4},"end":{"line":121,"column":47}},"40":{"start":{"line":124,"column":26},"end":{"line":124,"column":56}},"41":{"start":{"line":125,"column":27},"end":{"line":125,"column":57}},"42":{"start":{"line":128,"column":4},"end":{"line":131,"column":5}},"43":{"start":{"line":129,"column":6},"end":{"line":129,"column":64}},"44":{"start":{"line":130,"column":6},"end":{"line":130,"column":54}},"45":{"start":{"line":134,"column":4},"end":{"line":134,"column":23}},"46":{"start":{"line":137,"column":4},"end":{"line":137,"column":29}},"47":{"start":{"line":139,"column":4},"end":{"line":139,"column":16}},"48":{"start":{"line":143,"column":28},"end":{"line":143,"column":31}},"49":{"start":{"line":144,"column":19},"end":{"line":144,"column":42}},"50":{"start":{"line":146,"column":4},"end":{"line":156,"column":5}},"51":{"start":{"line":149,"column":6},"end":{"line":149,"column":37}},"52":{"start":{"line":150,"column":6},"end":{"line":152,"column":7}},"53":{"start":{"line":151,"column":8},"end":{"line":151,"column":47}},"54":{"start":{"line":153,"column":11},"end":{"line":156,"column":5}},"55":{"start":{"line":154,"column":6},"end":{"line":154,"column":38}},"56":{"start":{"line":155,"column":6},"end":{"line":155,"column":57}},"57":{"start":{"line":160,"column":26},"end":{"line":162,"column":5}},"58":{"start":{"line":163,"column":25},"end":{"line":164,"column":57}},"59":{"start":{"line":164,"column":28},"end":{"line":164,"column":51}},"60":{"start":{"line":166,"column":4},"end":{"line":169,"column":5}},"61":{"start":{"line":167,"column":6},"end":{"line":167,"column":49}},"62":{"start":{"line":168,"column":6},"end":{"line":168,"column":69}},"63":{"start":{"line":173,"column":4},"end":{"line":176,"column":7}},"64":{"start":{"line":178,"column":4},"end":{"line":180,"column":5}},"65":{"start":{"line":179,"column":6},"end":{"line":179,"column":46}},"66":{"start":{"line":184,"column":4},"end":{"line":195,"column":6}},"67":{"start":{"line":199,"column":16},"end":{"line":199,"column":30}},"68":{"start":{"line":200,"column":4},"end":{"line":200,"column":29}},"69":{"start":{"line":201,"column":4},"end":{"line":201,"column":15}}},"fnMap":{"0":{"name":"(anonymous_0)","decl":{"start":{"line":50,"column":2},"end":{"line":50,"column":3}},"loc":{"start":{"line":50,"column":38},"end":{"line":92,"column":3}},"line":50},"1":{"name":"(anonymous_1)","decl":{"start":{"line":95,"column":2},"end":{"line":95,"column":3}},"loc":{"start":{"line":95,"column":28},"end":{"line":105,"column":3}},"line":95},"2":{"name":"(anonymous_2)","decl":{"start":{"line":107,"column":2},"end":{"line":107,"column":3}},"loc":{"start":{"line":107,"column":28},"end":{"line":117,"column":3}},"line":107},"3":{"name":"(anonymous_3)","decl":{"start":{"line":119,"column":2},"end":{"line":119,"column":3}},"loc":{"start":{"line":119,"column":34},"end":{"line":140,"column":3}},"line":119},"4":{"name":"(anonymous_4)","decl":{"start":{"line":142,"column":2},"end":{"line":142,"column":3}},"loc":{"start":{"line":142,"column":16},"end":{"line":157,"column":3}},"line":142},"5":{"name":"(anonymous_5)","decl":{"start":{"line":159,"column":2},"end":{"line":159,"column":3}},"loc":{"start":{"line":159,"column":22},"end":{"line":170,"column":3}},"line":159},"6":{"name":"(anonymous_6)","decl":{"start":{"line":164,"column":12},"end":{"line":164,"column":13}},"loc":{"start":{"line":164,"column":28},"end":{"line":164,"column":51}},"line":164},"7":{"name":"(anonymous_7)","decl":{"start":{"line":172,"column":2},"end":{"line":172,"column":3}},"loc":{"start":{"line":172,"column":25},"end":{"line":181,"column":3}},"line":172},"8":{"name":"(anonymous_8)","decl":{"start":{"line":183,"column":2},"end":{"line":183,"column":3}},"loc":{"start":{"line":183,"column":11},"end":{"line":196,"column":3}},"line":183},"9":{"name":"(anonymous_9)","decl":{"start":{"line":198,"column":2},"end":{"line":198,"column":3}},"loc":{"start":{"line":198,"column":24},"end":{"line":202,"column":3}},"line":198}},"branchMap":{"0":{"loc":{"start":{"line":50,"column":14},"end":{"line":50,"column":36}},"type":"default-arg","locations":[{"start":{"line":50,"column":21},"end":{"line":50,"column":36}}],"line":50},"1":{"loc":{"start":{"line":100,"column":4},"end":{"line":100,"column":60}},"type":"if","locations":[{"start":{"line":100,"column":4},"end":{"line":100,"column":60}},{"start":{},"end":{}}],"line":100},"2":{"loc":{"start":{"line":101,"column":4},"end":{"line":101,"column":57}},"type":"if","locations":[{"start":{"line":101,"column":4},"end":{"line":101,"column":57}},{"start":{},"end":{}}],"line":101},"3":{"loc":{"start":{"line":102,"column":4},"end":{"line":102,"column":58}},"type":"if","locations":[{"start":{"line":102,"column":4},"end":{"line":102,"column":58}},{"start":{},"end":{}}],"line":102},"4":{"loc":{"start":{"line":103,"column":4},"end":{"line":103,"column":55}},"type":"if","locations":[{"start":{"line":103,"column":4},"end":{"line":103,"column":55}},{"start":{},"end":{}}],"line":103},"5":{"loc":{"start":{"line":112,"column":4},"end":{"line":112,"column":60}},"type":"if","locations":[{"start":{"line":112,"column":4},"end":{"line":112,"column":60}},{"start":{},"end":{}}],"line":112},"6":{"loc":{"start":{"line":113,"column":4},"end":{"line":113,"column":62}},"type":"if","locations":[{"start":{"line":113,"column":4},"end":{"line":113,"column":62}},{"start":{},"end":{}}],"line":113},"7":{"loc":{"start":{"line":114,"column":4},"end":{"line":114,"column":59}},"type":"if","locations":[{"start":{"line":114,"column":4},"end":{"line":114,"column":59}},{"start":{},"end":{}}],"line":114},"8":{"loc":{"start":{"line":115,"column":4},"end":{"line":115,"column":62}},"type":"if","locations":[{"start":{"line":115,"column":4},"end":{"line":115,"column":62}},{"start":{},"end":{}}],"line":115},"9":{"loc":{"start":{"line":128,"column":4},"end":{"line":131,"column":5}},"type":"if","locations":[{"start":{"line":128,"column":4},"end":{"line":131,"column":5}},{"start":{},"end":{}}],"line":128},"10":{"loc":{"start":{"line":146,"column":4},"end":{"line":156,"column":5}},"type":"if","locations":[{"start":{"line":146,"column":4},"end":{"line":156,"column":5}},{"start":{"line":153,"column":11},"end":{"line":156,"column":5}}],"line":146},"11":{"loc":{"start":{"line":146,"column":8},"end":{"line":148,"column":51}},"type":"binary-expr","locations":[{"start":{"line":146,"column":8},"end":{"line":146,"column":56}},{"start":{"line":147,"column":8},"end":{"line":147,"column":48}},{"start":{"line":148,"column":8},"end":{"line":148,"column":51}}],"line":146},"12":{"loc":{"start":{"line":150,"column":6},"end":{"line":152,"column":7}},"type":"if","locations":[{"start":{"line":150,"column":6},"end":{"line":152,"column":7}},{"start":{},"end":{}}],"line":150},"13":{"loc":{"start":{"line":153,"column":11},"end":{"line":156,"column":5}},"type":"if","locations":[{"start":{"line":153,"column":11},"end":{"line":156,"column":5}},{"start":{},"end":{}}],"line":153},"14":{"loc":{"start":{"line":153,"column":15},"end":{"line":153,"column":61}},"type":"binary-expr","locations":[{"start":{"line":153,"column":15},"end":{"line":153,"column":21}},{"start":{"line":153,"column":25},"end":{"line":153,"column":61}}],"line":153},"15":{"loc":{"start":{"line":166,"column":4},"end":{"line":169,"column":5}},"type":"if","locations":[{"start":{"line":166,"column":4},"end":{"line":169,"column":5}},{"start":{},"end":{}}],"line":166},"16":{"loc":{"start":{"line":166,"column":8},"end":{"line":166,"column":68}},"type":"binary-expr","locations":[{"start":{"line":166,"column":8},"end":{"line":166,"column":20}},{"start":{"line":166,"column":24},"end":{"line":166,"column":68}}],"line":166},"17":{"loc":{"start":{"line":178,"column":4},"end":{"line":180,"column":5}},"type":"if","locations":[{"start":{"line":178,"column":4},"end":{"line":180,"column":5}},{"start":{},"end":{}}],"line":178}},"s":{"0":0,"1":0,"2":0,"3":0,"4":0,"5":0,"6":0,"7":0,"8":0,"9":0,"10":0,"11":0,"12":0,"13":0,"14":0,"15":0,"16":0,"17":0,"18":0,"19":0,"20":0,"21":0,"22":0,"23":0,"24":0,"25":0,"26":0,"27":0,"28":0,"29":0,"30":0,"31":0,"32":0,"33":0,"34":0,"35":0,"36":0,"37":0,"38":0,"39":0,"40":0,"41":0,"42":0,"43":0,"44":0,"45":0,"46":0,"47":0,"48":0,"49":0,"50":0,"51":0,"52":0,"53":0,"54":0,"55":0,"56":0,"57":0,"58":0,"59":0,"60":0,"61":0,"62":0,"63":0,"64":0,"65":0,"66":0,"67":0,"68":0,"69":0},"f":{"0":0,"1":0,"2":0,"3":0,"4":0,"5":0,"6":0,"7":0,"8":0,"9":0},"b":{"0":[0],"1":[0,0],"2":[0,0],"3":[0,0],"4":[0,0],"5":[0,0],"6":[0,0],"7":[0,0],"8":[0,0],"9":[0,0],"10":[0,0],"11":[0,0,0],"12":[0,0],"13":[0,0],"14":[0,0],"15":[0,0],"16":[0,0],"17":[0,0]}}
,"C:\\Users\\banse\\CascadeProjects\\MindulPet\\src\\navigation\\AppNavigator.js": {"path":"C:\\Users\\banse\\CascadeProjects\\MindulPet\\src\\navigation\\AppNavigator.js","statementMap":{"0":{"start":{"line":33,"column":14},"end":{"line":33,"column":36}},"1":{"start":{"line":34,"column":12},"end":{"line":34,"column":38}},"2":{"start":{"line":37,"column":27},"end":{"line":47,"column":1}},"3":{"start":{"line":49,"column":18},"end":{"line":100,"column":1}},"4":{"start":{"line":50,"column":2},"end":{"line":99,"column":20}},"5":{"start":{"line":62,"column":10},"end":{"line":62,"column":65}},"6":{"start":{"line":77,"column":10},"end":{"line":77,"column":56}},"7":{"start":{"line":86,"column":10},"end":{"line":86,"column":55}},"8":{"start":{"line":95,"column":10},"end":{"line":95,"column":60}},"9":{"start":{"line":102,"column":17},"end":{"line":175,"column":1}},"10":{"start":{"line":103,"column":14},"end":{"line":103,"column":45}},"11":{"start":{"line":103,"column":35},"end":{"line":103,"column":44}},"12":{"start":{"line":105,"column":2},"end":{"line":174,"column":4}},"13":{"start":{"line":107,"column":23},"end":{"line":107,"column":50}},"14":{"start":{"line":124,"column":10},"end":{"line":124,"column":71}},"15":{"start":{"line":134,"column":12},"end":{"line":134,"column":57}},"16":{"start":{"line":146,"column":12},"end":{"line":146,"column":64}},"17":{"start":{"line":157,"column":12},"end":{"line":157,"column":67}},"18":{"start":{"line":168,"column":12},"end":{"line":168,"column":61}},"19":{"start":{"line":177,"column":21},"end":{"line":272,"column":1}},"20":{"start":{"line":178,"column":24},"end":{"line":178,"column":70}},"21":{"start":{"line":178,"column":45},"end":{"line":178,"column":69}},"22":{"start":{"line":180,"column":2},"end":{"line":187,"column":9}},"23":{"start":{"line":182,"column":4},"end":{"line":182,"column":21}},"24":{"start":{"line":185,"column":4},"end":{"line":185,"column":70}},"25":{"start":{"line":186,"column":4},"end":{"line":186,"column":46}},"26":{"start":{"line":189,"column":2},"end":{"line":271,"column":4}},"27":{"start":{"line":195,"column":29},"end":{"line":195,"column":67}},"28":{"start":{"line":196,"column":30},"end":{"line":196,"column":68}},"29":{"start":{"line":198,"column":8},"end":{"line":221,"column":9}},"30":{"start":{"line":200,"column":10},"end":{"line":206,"column":11}},"31":{"start":{"line":201,"column":12},"end":{"line":205,"column":14}},"32":{"start":{"line":209,"column":10},"end":{"line":213,"column":12}},"33":{"start":{"line":216,"column":10},"end":{"line":220,"column":11}},"34":{"start":{"line":217,"column":12},"end":{"line":217,"column":41}},"35":{"start":{"line":219,"column":12},"end":{"line":219,"column":41}},"36":{"start":{"line":224,"column":8},"end":{"line":224,"column":54}},"37":{"start":{"line":240,"column":16},"end":{"line":240,"column":65}},"38":{"start":{"line":250,"column":14},"end":{"line":250,"column":57}},"39":{"start":{"line":265,"column":14},"end":{"line":265,"column":52}}},"fnMap":{"0":{"name":"(anonymous_0)","decl":{"start":{"line":49,"column":18},"end":{"line":49,"column":19}},"loc":{"start":{"line":50,"column":2},"end":{"line":99,"column":20}},"line":50},"1":{"name":"(anonymous_1)","decl":{"start":{"line":61,"column":15},"end":{"line":61,"column":16}},"loc":{"start":{"line":61,"column":21},"end":{"line":63,"column":9}},"line":61},"2":{"name":"(anonymous_2)","decl":{"start":{"line":76,"column":15},"end":{"line":76,"column":16}},"loc":{"start":{"line":76,"column":21},"end":{"line":78,"column":9}},"line":76},"3":{"name":"(anonymous_3)","decl":{"start":{"line":85,"column":15},"end":{"line":85,"column":16}},"loc":{"start":{"line":85,"column":21},"end":{"line":87,"column":9}},"line":85},"4":{"name":"(anonymous_4)","decl":{"start":{"line":94,"column":15},"end":{"line":94,"column":16}},"loc":{"start":{"line":94,"column":21},"end":{"line":96,"column":9}},"line":94},"5":{"name":"(anonymous_5)","decl":{"start":{"line":102,"column":17},"end":{"line":102,"column":18}},"loc":{"start":{"line":102,"column":23},"end":{"line":175,"column":1}},"line":102},"6":{"name":"(anonymous_6)","decl":{"start":{"line":103,"column":26},"end":{"line":103,"column":27}},"loc":{"start":{"line":103,"column":35},"end":{"line":103,"column":44}},"line":103},"7":{"name":"(anonymous_7)","decl":{"start":{"line":107,"column":14},"end":{"line":107,"column":15}},"loc":{"start":{"line":107,"column":23},"end":{"line":107,"column":50}},"line":107},"8":{"name":"(anonymous_8)","decl":{"start":{"line":123,"column":18},"end":{"line":123,"column":19}},"loc":{"start":{"line":123,"column":23},"end":{"line":125,"column":9}},"line":123},"9":{"name":"(anonymous_9)","decl":{"start":{"line":133,"column":22},"end":{"line":133,"column":23}},"loc":{"start":{"line":134,"column":12},"end":{"line":134,"column":57}},"line":134},"10":{"name":"(anonymous_10)","decl":{"start":{"line":145,"column":22},"end":{"line":145,"column":23}},"loc":{"start":{"line":146,"column":12},"end":{"line":146,"column":64}},"line":146},"11":{"name":"(anonymous_11)","decl":{"start":{"line":156,"column":22},"end":{"line":156,"column":23}},"loc":{"start":{"line":157,"column":12},"end":{"line":157,"column":67}},"line":157},"12":{"name":"(anonymous_12)","decl":{"start":{"line":167,"column":22},"end":{"line":167,"column":23}},"loc":{"start":{"line":168,"column":12},"end":{"line":168,"column":61}},"line":168},"13":{"name":"(anonymous_13)","decl":{"start":{"line":177,"column":21},"end":{"line":177,"column":22}},"loc":{"start":{"line":177,"column":27},"end":{"line":272,"column":1}},"line":177},"14":{"name":"(anonymous_14)","decl":{"start":{"line":178,"column":36},"end":{"line":178,"column":37}},"loc":{"start":{"line":178,"column":45},"end":{"line":178,"column":69}},"line":178},"15":{"name":"(anonymous_15)","decl":{"start":{"line":180,"column":12},"end":{"line":180,"column":13}},"loc":{"start":{"line":180,"column":18},"end":{"line":187,"column":3}},"line":180},"16":{"name":"(anonymous_16)","decl":{"start":{"line":193,"column":21},"end":{"line":193,"column":22}},"loc":{"start":{"line":193,"column":32},"end":{"line":222,"column":7}},"line":193},"17":{"name":"(anonymous_17)","decl":{"start":{"line":223,"column":15},"end":{"line":223,"column":16}},"loc":{"start":{"line":223,"column":26},"end":{"line":225,"column":7}},"line":223},"18":{"name":"(anonymous_18)","decl":{"start":{"line":239,"column":21},"end":{"line":239,"column":22}},"loc":{"start":{"line":239,"column":27},"end":{"line":241,"column":15}},"line":239},"19":{"name":"(anonymous_19)","decl":{"start":{"line":249,"column":19},"end":{"line":249,"column":20}},"loc":{"start":{"line":249,"column":25},"end":{"line":251,"column":13}},"line":249},"20":{"name":"(anonymous_20)","decl":{"start":{"line":264,"column":19},"end":{"line":264,"column":20}},"loc":{"start":{"line":264,"column":25},"end":{"line":266,"column":13}},"line":264}},"branchMap":{"0":{"loc":{"start":{"line":136,"column":23},"end":{"line":136,"column":59}},"type":"cond-expr","locations":[{"start":{"line":136,"column":44},"end":{"line":136,"column":47}},{"start":{"line":136,"column":50},"end":{"line":136,"column":59}}],"line":136},"1":{"loc":{"start":{"line":198,"column":8},"end":{"line":221,"column":9}},"type":"if","locations":[{"start":{"line":198,"column":8},"end":{"line":221,"column":9}},{"start":{},"end":{}}],"line":198},"2":{"loc":{"start":{"line":200,"column":10},"end":{"line":206,"column":11}},"type":"if","locations":[{"start":{"line":200,"column":10},"end":{"line":206,"column":11}},{"start":{},"end":{}}],"line":200},"3":{"loc":{"start":{"line":210,"column":12},"end":{"line":210,"column":44}},"type":"binary-expr","locations":[{"start":{"line":210,"column":12},"end":{"line":210,"column":31}},{"start":{"line":210,"column":35},"end":{"line":210,"column":44}}],"line":210},"4":{"loc":{"start":{"line":216,"column":10},"end":{"line":220,"column":11}},"type":"if","locations":[{"start":{"line":216,"column":10},"end":{"line":220,"column":11}},{"start":{"line":218,"column":17},"end":{"line":220,"column":11}}],"line":216},"5":{"loc":{"start":{"line":233,"column":9},"end":{"line":244,"column":9}},"type":"binary-expr","locations":[{"start":{"line":233,"column":9},"end":{"line":233,"column":22}},{"start":{"line":234,"column":10},"end":{"line":243,"column":12}}],"line":233}},"s":{"0":0,"1":0,"2":0,"3":0,"4":0,"5":0,"6":0,"7":0,"8":0,"9":0,"10":0,"11":0,"12":0,"13":0,"14":0,"15":0,"16":0,"17":0,"18":0,"19":0,"20":0,"21":0,"22":0,"23":0,"24":0,"25":0,"26":0,"27":0,"28":0,"29":0,"30":0,"31":0,"32":0,"33":0,"34":0,"35":0,"36":0,"37":0,"38":0,"39":0},"f":{"0":0,"1":0,"2":0,"3":0,"4":0,"5":0,"6":0,"7":0,"8":0,"9":0,"10":0,"11":0,"12":0,"13":0,"14":0,"15":0,"16":0,"17":0,"18":0,"19":0,"20":0},"b":{"0":[0,0],"1":[0,0],"2":[0,0],"3":[0,0],"4":[0,0],"5":[0,0]}}
,"C:\\Users\\banse\\CascadeProjects\\MindulPet\\src\\navigation\\NavigationService.js": {"path":"C:\\Users\\banse\\CascadeProjects\\MindulPet\\src\\navigation\\NavigationService.js","statementMap":{"0":{"start":{"line":4,"column":29},"end":{"line":4,"column":40}},"1":{"start":{"line":6,"column":24},"end":{"line":8,"column":1}},"2":{"start":{"line":7,"column":2},"end":{"line":7,"column":48}},"3":{"start":{"line":10,"column":20},"end":{"line":12,"column":1}},"4":{"start":{"line":11,"column":2},"end":{"line":11,"column":67}},"5":{"start":{"line":14,"column":23},"end":{"line":16,"column":1}},"6":{"start":{"line":15,"column":2},"end":{"line":15,"column":70}},"7":{"start":{"line":18,"column":19},"end":{"line":20,"column":1}},"8":{"start":{"line":19,"column":2},"end":{"line":19,"column":59}},"9":{"start":{"line":22,"column":24},"end":{"line":24,"column":1}},"10":{"start":{"line":23,"column":2},"end":{"line":23,"column":59}},"11":{"start":{"line":26,"column":21},"end":{"line":33,"column":1}},"12":{"start":{"line":27,"column":2},"end":{"line":32,"column":4}},"13":{"start":{"line":35,"column":31},"end":{"line":37,"column":1}},"14":{"start":{"line":36,"column":2},"end":{"line":36,"column":56}},"15":{"start":{"line":40,"column":33},"end":{"line":80,"column":1}},"16":{"start":{"line":43,"column":4},"end":{"line":43,"column":19}},"17":{"start":{"line":48,"column":4},"end":{"line":48,"column":22}},"18":{"start":{"line":53,"column":4},"end":{"line":53,"column":50}},"19":{"start":{"line":58,"column":4},"end":{"line":58,"column":50}},"20":{"start":{"line":63,"column":4},"end":{"line":63,"column":48}},"21":{"start":{"line":68,"column":4},"end":{"line":68,"column":24}},"22":{"start":{"line":73,"column":4},"end":{"line":73,"column":30}},"23":{"start":{"line":78,"column":4},"end":{"line":78,"column":36}}},"fnMap":{"0":{"name":"(anonymous_0)","decl":{"start":{"line":6,"column":24},"end":{"line":6,"column":25}},"loc":{"start":{"line":6,"column":42},"end":{"line":8,"column":1}},"line":6},"1":{"name":"(anonymous_1)","decl":{"start":{"line":10,"column":20},"end":{"line":10,"column":21}},"loc":{"start":{"line":10,"column":38},"end":{"line":12,"column":1}},"line":10},"2":{"name":"(anonymous_2)","decl":{"start":{"line":14,"column":23},"end":{"line":14,"column":24}},"loc":{"start":{"line":14,"column":41},"end":{"line":16,"column":1}},"line":14},"3":{"name":"(anonymous_3)","decl":{"start":{"line":18,"column":19},"end":{"line":18,"column":20}},"loc":{"start":{"line":18,"column":34},"end":{"line":20,"column":1}},"line":18},"4":{"name":"(anonymous_4)","decl":{"start":{"line":22,"column":24},"end":{"line":22,"column":25}},"loc":{"start":{"line":22,"column":30},"end":{"line":24,"column":1}},"line":22},"5":{"name":"(anonymous_5)","decl":{"start":{"line":26,"column":21},"end":{"line":26,"column":22}},"loc":{"start":{"line":26,"column":44},"end":{"line":33,"column":1}},"line":26},"6":{"name":"(anonymous_6)","decl":{"start":{"line":35,"column":31},"end":{"line":35,"column":32}},"loc":{"start":{"line":35,"column":37},"end":{"line":37,"column":1}},"line":35},"7":{"name":"(anonymous_7)","decl":{"start":{"line":42,"column":14},"end":{"line":42,"column":15}},"loc":{"start":{"line":42,"column":20},"end":{"line":44,"column":3}},"line":42},"8":{"name":"(anonymous_8)","decl":{"start":{"line":47,"column":13},"end":{"line":47,"column":14}},"loc":{"start":{"line":47,"column":19},"end":{"line":49,"column":3}},"line":47},"9":{"name":"(anonymous_9)","decl":{"start":{"line":52,"column":28},"end":{"line":52,"column":29}},"loc":{"start":{"line":52,"column":54},"end":{"line":54,"column":3}},"line":52},"10":{"name":"(anonymous_10)","decl":{"start":{"line":57,"column":24},"end":{"line":57,"column":25}},"loc":{"start":{"line":57,"column":41},"end":{"line":59,"column":3}},"line":57},"11":{"name":"(anonymous_11)","decl":{"start":{"line":62,"column":23},"end":{"line":62,"column":24}},"loc":{"start":{"line":62,"column":39},"end":{"line":64,"column":3}},"line":62},"12":{"name":"(anonymous_12)","decl":{"start":{"line":67,"column":15},"end":{"line":67,"column":16}},"loc":{"start":{"line":67,"column":21},"end":{"line":69,"column":3}},"line":67},"13":{"name":"(anonymous_13)","decl":{"start":{"line":72,"column":22},"end":{"line":72,"column":23}},"loc":{"start":{"line":72,"column":28},"end":{"line":74,"column":3}},"line":72},"14":{"name":"(anonymous_14)","decl":{"start":{"line":77,"column":10},"end":{"line":77,"column":11}},"loc":{"start":{"line":77,"column":16},"end":{"line":79,"column":3}},"line":77}},"branchMap":{"0":{"loc":{"start":{"line":18,"column":20},"end":{"line":18,"column":29}},"type":"default-arg","locations":[{"start":{"line":18,"column":28},"end":{"line":18,"column":29}}],"line":18},"1":{"loc":{"start":{"line":26,"column":30},"end":{"line":26,"column":39}},"type":"default-arg","locations":[{"start":{"line":26,"column":38},"end":{"line":26,"column":39}}],"line":26}},"s":{"0":0,"1":0,"2":0,"3":0,"4":0,"5":0,"6":0,"7":0,"8":0,"9":0,"10":0,"11":0,"12":0,"13":0,"14":0,"15":0,"16":0,"17":0,"18":0,"19":0,"20":0,"21":0,"22":0,"23":0},"f":{"0":0,"1":0,"2":0,"3":0,"4":0,"5":0,"6":0,"7":0,"8":0,"9":0,"10":0,"11":0,"12":0,"13":0,"14":0},"b":{"0":[0],"1":[0]}}
,"C:\\Users\\banse\\CascadeProjects\\MindulPet\\src\\navigation\\NavigationTypes.js": {"path":"C:\\Users\\banse\\CascadeProjects\\MindulPet\\src\\navigation\\NavigationTypes.js","statementMap":{},"fnMap":{},"branchMap":{},"s":{},"f":{},"b":{}}
,"C:\\Users\\banse\\CascadeProjects\\MindulPet\\src\\navigation\\linking.js": {"path":"C:\\Users\\banse\\CascadeProjects\\MindulPet\\src\\navigation\\linking.js","statementMap":{"0":{"start":{"line":1,"column":16},"end":{"line":48,"column":1}},"1":{"start":{"line":38,"column":4},"end":{"line":38,"column":16}},"2":{"start":{"line":44,"column":4},"end":{"line":46,"column":6}}},"fnMap":{"0":{"name":"(anonymous_0)","decl":{"start":{"line":36,"column":2},"end":{"line":36,"column":3}},"loc":{"start":{"line":36,"column":24},"end":{"line":39,"column":3}},"line":36},"1":{"name":"(anonymous_1)","decl":{"start":{"line":42,"column":2},"end":{"line":42,"column":3}},"loc":{"start":{"line":42,"column":22},"end":{"line":47,"column":3}},"line":42},"2":{"name":"(anonymous_2)","decl":{"start":{"line":44,"column":11},"end":{"line":44,"column":12}},"loc":{"start":{"line":44,"column":17},"end":{"line":46,"column":5}},"line":44}},"branchMap":{},"s":{"0":0,"1":0,"2":0},"f":{"0":0,"1":0,"2":0},"b":{}}
,"C:\\Users\\banse\\CascadeProjects\\MindulPet\\src\\navigation\\transitions.js": {"path":"C:\\Users\\banse\\CascadeProjects\\MindulPet\\src\\navigation\\transitions.js","statementMap":{"0":{"start":{"line":4,"column":30},"end":{"line":29,"column":1}},"1":{"start":{"line":24,"column":43},"end":{"line":28,"column":3}},"2":{"start":{"line":32,"column":31},"end":{"line":78,"column":1}},"3":{"start":{"line":60,"column":58},"end":{"line":77,"column":3}},"4":{"start":{"line":81,"column":31},"end":{"line":128,"column":1}},"5":{"start":{"line":109,"column":58},"end":{"line":127,"column":3}},"6":{"start":{"line":131,"column":37},"end":{"line":177,"column":1}},"7":{"start":{"line":159,"column":52},"end":{"line":176,"column":3}},"8":{"start":{"line":180,"column":31},"end":{"line":202,"column":1}},"9":{"start":{"line":189,"column":4},"end":{"line":193,"column":15}},"10":{"start":{"line":196,"column":4},"end":{"line":200,"column":15}}},"fnMap":{"0":{"name":"(anonymous_0)","decl":{"start":{"line":24,"column":25},"end":{"line":24,"column":26}},"loc":{"start":{"line":24,"column":43},"end":{"line":28,"column":3}},"line":24},"1":{"name":"(anonymous_1)","decl":{"start":{"line":60,"column":25},"end":{"line":60,"column":26}},"loc":{"start":{"line":60,"column":58},"end":{"line":77,"column":3}},"line":60},"2":{"name":"(anonymous_2)","decl":{"start":{"line":109,"column":25},"end":{"line":109,"column":26}},"loc":{"start":{"line":109,"column":58},"end":{"line":127,"column":3}},"line":109},"3":{"name":"(anonymous_3)","decl":{"start":{"line":159,"column":25},"end":{"line":159,"column":26}},"loc":{"start":{"line":159,"column":52},"end":{"line":176,"column":3}},"line":159},"4":{"name":"(anonymous_4)","decl":{"start":{"line":188,"column":14},"end":{"line":188,"column":15}},"loc":{"start":{"line":188,"column":20},"end":{"line":194,"column":3}},"line":188},"5":{"name":"(anonymous_5)","decl":{"start":{"line":195,"column":14},"end":{"line":195,"column":15}},"loc":{"start":{"line":195,"column":20},"end":{"line":201,"column":3}},"line":195}},"branchMap":{},"s":{"0":0,"1":0,"2":0,"3":0,"4":0,"5":0,"6":0,"7":0,"8":0,"9":0,"10":0},"f":{"0":0,"1":0,"2":0,"3":0,"4":0,"5":0},"b":{}}
,"C:\\Users\\banse\\CascadeProjects\\MindulPet\\src\\screens\\HomeScreen.js": {"path":"C:\\Users\\banse\\CascadeProjects\\MindulPet\\src\\screens\\HomeScreen.js","statementMap":{"0":{"start":{"line":7,"column":19},"end":{"line":16,"column":1}},"1":{"start":{"line":8,"column":24},"end":{"line":8,"column":57}},"2":{"start":{"line":8,"column":47},"end":{"line":8,"column":56}},"3":{"start":{"line":10,"column":2},"end":{"line":15,"column":4}},"4":{"start":{"line":18,"column":15},"end":{"line":25,"column":2}}},"fnMap":{"0":{"name":"(anonymous_0)","decl":{"start":{"line":7,"column":19},"end":{"line":7,"column":20}},"loc":{"start":{"line":7,"column":25},"end":{"line":16,"column":1}},"line":7},"1":{"name":"(anonymous_1)","decl":{"start":{"line":8,"column":36},"end":{"line":8,"column":37}},"loc":{"start":{"line":8,"column":47},"end":{"line":8,"column":56}},"line":8}},"branchMap":{},"s":{"0":0,"1":0,"2":0,"3":0,"4":0},"f":{"0":0,"1":0},"b":{}}
,"C:\\Users\\banse\\CascadeProjects\\MindulPet\\src\\screens\\pet\\PetInteractionScreen.js": {"path":"C:\\Users\\banse\\CascadeProjects\\MindulPet\\src\\screens\\pet\\PetInteractionScreen.js","statementMap":{"0":{"start":{"line":19,"column":29},"end":{"line":237,"column":1}},"1":{"start":{"line":20,"column":19},"end":{"line":20,"column":32}},"2":{"start":{"line":21,"column":14},"end":{"line":21,"column":56}},"3":{"start":{"line":21,"column":35},"end":{"line":21,"column":55}},"4":{"start":{"line":22,"column":58},"end":{"line":22,"column":70}},"5":{"start":{"line":23,"column":56},"end":{"line":23,"column":71}},"6":{"start":{"line":24,"column":19},"end":{"line":24,"column":56}},"7":{"start":{"line":27,"column":2},"end":{"line":37,"column":9}},"8":{"start":{"line":28,"column":21},"end":{"line":34,"column":12}},"9":{"start":{"line":29,"column":27},"end":{"line":29,"column":29}},"10":{"start":{"line":30,"column":6},"end":{"line":32,"column":9}},"11":{"start":{"line":31,"column":8},"end":{"line":31,"column":77}},"12":{"start":{"line":33,"column":6},"end":{"line":33,"column":44}},"13":{"start":{"line":36,"column":4},"end":{"line":36,"column":41}},"14":{"start":{"line":36,"column":17},"end":{"line":36,"column":40}},"15":{"start":{"line":40,"column":2},"end":{"line":45,"column":28}},"16":{"start":{"line":41,"column":4},"end":{"line":44,"column":15}},"17":{"start":{"line":47,"column":28},"end":{"line":74,"column":3}},"18":{"start":{"line":48,"column":4},"end":{"line":54,"column":5}},"19":{"start":{"line":49,"column":6},"end":{"line":52,"column":8}},"20":{"start":{"line":53,"column":6},"end":{"line":53,"column":13}},"21":{"start":{"line":56,"column":19},"end":{"line":56,"column":70}},"22":{"start":{"line":58,"column":4},"end":{"line":73,"column":5}},"23":{"start":{"line":60,"column":6},"end":{"line":60,"column":31}},"24":{"start":{"line":63,"column":29},"end":{"line":63,"column":66}},"25":{"start":{"line":64,"column":6},"end":{"line":67,"column":10}},"26":{"start":{"line":70,"column":6},"end":{"line":70,"column":45}},"27":{"start":{"line":72,"column":6},"end":{"line":72,"column":53}},"28":{"start":{"line":76,"column":34},"end":{"line":101,"column":3}},"29":{"start":{"line":77,"column":21},"end":{"line":77,"column":52}},"30":{"start":{"line":78,"column":23},"end":{"line":78,"column":35}},"31":{"start":{"line":80,"column":4},"end":{"line":100,"column":6}},"32":{"start":{"line":83,"column":23},"end":{"line":83,"column":46}},"33":{"start":{"line":103,"column":32},"end":{"line":163,"column":3}},"34":{"start":{"line":104,"column":23},"end":{"line":107,"column":6}},"35":{"start":{"line":109,"column":4},"end":{"line":162,"column":6}},"36":{"start":{"line":165,"column":2},"end":{"line":236,"column":4}},"37":{"start":{"line":224,"column":23},"end":{"line":224,"column":67}},"38":{"start":{"line":239,"column":15},"end":{"line":335,"column":2}}},"fnMap":{"0":{"name":"(anonymous_0)","decl":{"start":{"line":19,"column":29},"end":{"line":19,"column":30}},"loc":{"start":{"line":19,"column":35},"end":{"line":237,"column":1}},"line":19},"1":{"name":"(anonymous_1)","decl":{"start":{"line":21,"column":26},"end":{"line":21,"column":27}},"loc":{"start":{"line":21,"column":35},"end":{"line":21,"column":55}},"line":21},"2":{"name":"(anonymous_2)","decl":{"start":{"line":27,"column":12},"end":{"line":27,"column":13}},"loc":{"start":{"line":27,"column":18},"end":{"line":37,"column":3}},"line":27},"3":{"name":"(anonymous_3)","decl":{"start":{"line":28,"column":33},"end":{"line":28,"column":34}},"loc":{"start":{"line":28,"column":39},"end":{"line":34,"column":5}},"line":28},"4":{"name":"(anonymous_4)","decl":{"start":{"line":30,"column":68},"end":{"line":30,"column":69}},"loc":{"start":{"line":30,"column":76},"end":{"line":32,"column":7}},"line":30},"5":{"name":"(anonymous_5)","decl":{"start":{"line":36,"column":11},"end":{"line":36,"column":12}},"loc":{"start":{"line":36,"column":17},"end":{"line":36,"column":40}},"line":36},"6":{"name":"(anonymous_6)","decl":{"start":{"line":40,"column":12},"end":{"line":40,"column":13}},"loc":{"start":{"line":40,"column":18},"end":{"line":45,"column":3}},"line":40},"7":{"name":"(anonymous_7)","decl":{"start":{"line":47,"column":28},"end":{"line":47,"column":29}},"loc":{"start":{"line":47,"column":55},"end":{"line":74,"column":3}},"line":47},"8":{"name":"(anonymous_8)","decl":{"start":{"line":76,"column":34},"end":{"line":76,"column":35}},"loc":{"start":{"line":76,"column":57},"end":{"line":101,"column":3}},"line":76},"9":{"name":"(anonymous_9)","decl":{"start":{"line":83,"column":17},"end":{"line":83,"column":18}},"loc":{"start":{"line":83,"column":23},"end":{"line":83,"column":46}},"line":83},"10":{"name":"(anonymous_10)","decl":{"start":{"line":103,"column":32},"end":{"line":103,"column":33}},"loc":{"start":{"line":103,"column":38},"end":{"line":163,"column":3}},"line":103},"11":{"name":"(anonymous_11)","decl":{"start":{"line":172,"column":33},"end":{"line":172,"column":34}},"loc":{"start":{"line":172,"column":39},"end":{"line":174,"column":11}},"line":172},"12":{"name":"(anonymous_12)","decl":{"start":{"line":224,"column":17},"end":{"line":224,"column":18}},"loc":{"start":{"line":224,"column":23},"end":{"line":224,"column":67}},"line":224}},"branchMap":{"0":{"loc":{"start":{"line":42,"column":15},"end":{"line":42,"column":42}},"type":"cond-expr","locations":[{"start":{"line":42,"column":37},"end":{"line":42,"column":38}},{"start":{"line":42,"column":41},"end":{"line":42,"column":42}}],"line":42},"1":{"loc":{"start":{"line":48,"column":4},"end":{"line":54,"column":5}},"type":"if","locations":[{"start":{"line":48,"column":4},"end":{"line":54,"column":5}},{"start":{},"end":{}}],"line":48},"2":{"loc":{"start":{"line":58,"column":4},"end":{"line":73,"column":5}},"type":"if","locations":[{"start":{"line":58,"column":4},"end":{"line":73,"column":5}},{"start":{"line":71,"column":11},"end":{"line":73,"column":5}}],"line":58},"3":{"loc":{"start":{"line":77,"column":21},"end":{"line":77,"column":52}},"type":"binary-expr","locations":[{"start":{"line":77,"column":21},"end":{"line":77,"column":47}},{"start":{"line":77,"column":51},"end":{"line":77,"column":52}}],"line":77},"4":{"loc":{"start":{"line":82,"column":42},"end":{"line":82,"column":77}},"type":"binary-expr","locations":[{"start":{"line":82,"column":42},"end":{"line":82,"column":52}},{"start":{"line":82,"column":56},"end":{"line":82,"column":77}}],"line":82},"5":{"loc":{"start":{"line":89,"column":17},"end":{"line":89,"column":45}},"type":"cond-expr","locations":[{"start":{"line":89,"column":30},"end":{"line":89,"column":36}},{"start":{"line":89,"column":39},"end":{"line":89,"column":45}}],"line":89},"6":{"loc":{"start":{"line":91,"column":42},"end":{"line":91,"column":76}},"type":"binary-expr","locations":[{"start":{"line":91,"column":42},"end":{"line":91,"column":52}},{"start":{"line":91,"column":56},"end":{"line":91,"column":76}}],"line":91},"7":{"loc":{"start":{"line":94,"column":9},"end":{"line":98,"column":9}},"type":"binary-expr","locations":[{"start":{"line":94,"column":9},"end":{"line":94,"column":19}},{"start":{"line":95,"column":10},"end":{"line":97,"column":17}}],"line":94},"8":{"loc":{"start":{"line":227,"column":16},"end":{"line":227,"column":61}},"type":"cond-expr","locations":[{"start":{"line":227,"column":38},"end":{"line":227,"column":45}},{"start":{"line":227,"column":48},"end":{"line":227,"column":61}}],"line":227}},"s":{"0":0,"1":0,"2":0,"3":0,"4":0,"5":0,"6":0,"7":0,"8":0,"9":0,"10":0,"11":0,"12":0,"13":0,"14":0,"15":0,"16":0,"17":0,"18":0,"19":0,"20":0,"21":0,"22":0,"23":0,"24":0,"25":0,"26":0,"27":0,"28":0,"29":0,"30":0,"31":0,"32":0,"33":0,"34":0,"35":0,"36":0,"37":0,"38":0},"f":{"0":0,"1":0,"2":0,"3":0,"4":0,"5":0,"6":0,"7":0,"8":0,"9":0,"10":0,"11":0,"12":0},"b":{"0":[0,0],"1":[0,0],"2":[0,0],"3":[0,0],"4":[0,0],"5":[0,0],"6":[0,0],"7":[0,0],"8":[0,0]}}
,"C:\\Users\\banse\\CascadeProjects\\MindulPet\\src\\screens\\profile\\ProfileScreen.js": {"path":"C:\\Users\\banse\\CascadeProjects\\MindulPet\\src\\screens\\profile\\ProfileScreen.js","statementMap":{"0":{"start":{"line":19,"column":22},"end":{"line":189,"column":1}},"1":{"start":{"line":20,"column":19},"end":{"line":20,"column":32}},"2":{"start":{"line":21,"column":15},"end":{"line":21,"column":47}},"3":{"start":{"line":21,"column":36},"end":{"line":21,"column":46}},"4":{"start":{"line":22,"column":14},"end":{"line":22,"column":45}},"5":{"start":{"line":22,"column":35},"end":{"line":22,"column":44}},"6":{"start":{"line":23,"column":23},"end":{"line":23,"column":76}},"7":{"start":{"line":23,"column":44},"end":{"line":23,"column":75}},"8":{"start":{"line":24,"column":16},"end":{"line":24,"column":56}},"9":{"start":{"line":24,"column":37},"end":{"line":24,"column":55}},"10":{"start":{"line":26,"column":44},"end":{"line":26,"column":58}},"11":{"start":{"line":27,"column":42},"end":{"line":27,"column":56}},"12":{"start":{"line":28,"column":44},"end":{"line":28,"column":58}},"13":{"start":{"line":30,"column":22},"end":{"line":38,"column":3}},"14":{"start":{"line":31,"column":4},"end":{"line":37,"column":5}},"15":{"start":{"line":32,"column":6},"end":{"line":34,"column":9}},"16":{"start":{"line":36,"column":6},"end":{"line":36,"column":27}},"17":{"start":{"line":40,"column":34},"end":{"line":53,"column":3}},"18":{"start":{"line":41,"column":4},"end":{"line":52,"column":5}},"19":{"start":{"line":42,"column":6},"end":{"line":42,"column":71}},"20":{"start":{"line":44,"column":6},"end":{"line":51,"column":8}},"21":{"start":{"line":49,"column":43},"end":{"line":49,"column":107}},"22":{"start":{"line":55,"column":24},"end":{"line":69,"column":3}},"23":{"start":{"line":56,"column":4},"end":{"line":56,"column":59}},"24":{"start":{"line":57,"column":4},"end":{"line":67,"column":5}},"25":{"start":{"line":59,"column":8},"end":{"line":59,"column":32}},"26":{"start":{"line":60,"column":8},"end":{"line":60,"column":14}},"27":{"start":{"line":62,"column":8},"end":{"line":62,"column":31}},"28":{"start":{"line":63,"column":8},"end":{"line":63,"column":14}},"29":{"start":{"line":65,"column":8},"end":{"line":65,"column":32}},"30":{"start":{"line":66,"column":8},"end":{"line":66,"column":14}},"31":{"start":{"line":68,"column":4},"end":{"line":68,"column":54}},"32":{"start":{"line":71,"column":26},"end":{"line":92,"column":3}},"33":{"start":{"line":72,"column":4},"end":{"line":91,"column":11}},"34":{"start":{"line":94,"column":2},"end":{"line":188,"column":4}},"35":{"start":{"line":144,"column":38},"end":{"line":144,"column":75}},"36":{"start":{"line":151,"column":38},"end":{"line":151,"column":67}},"37":{"start":{"line":158,"column":38},"end":{"line":158,"column":68}},"38":{"start":{"line":174,"column":25},"end":{"line":174,"column":62}},"39":{"start":{"line":181,"column":25},"end":{"line":181,"column":60}},"40":{"start":{"line":191,"column":15},"end":{"line":298,"column":2}}},"fnMap":{"0":{"name":"(anonymous_0)","decl":{"start":{"line":19,"column":22},"end":{"line":19,"column":23}},"loc":{"start":{"line":19,"column":28},"end":{"line":189,"column":1}},"line":19},"1":{"name":"(anonymous_1)","decl":{"start":{"line":21,"column":27},"end":{"line":21,"column":28}},"loc":{"start":{"line":21,"column":36},"end":{"line":21,"column":46}},"line":21},"2":{"name":"(anonymous_2)","decl":{"start":{"line":22,"column":26},"end":{"line":22,"column":27}},"loc":{"start":{"line":22,"column":35},"end":{"line":22,"column":44}},"line":22},"3":{"name":"(anonymous_3)","decl":{"start":{"line":23,"column":35},"end":{"line":23,"column":36}},"loc":{"start":{"line":23,"column":44},"end":{"line":23,"column":75}},"line":23},"4":{"name":"(anonymous_4)","decl":{"start":{"line":24,"column":28},"end":{"line":24,"column":29}},"loc":{"start":{"line":24,"column":37},"end":{"line":24,"column":55}},"line":24},"5":{"name":"(anonymous_5)","decl":{"start":{"line":30,"column":22},"end":{"line":30,"column":23}},"loc":{"start":{"line":30,"column":34},"end":{"line":38,"column":3}},"line":30},"6":{"name":"(anonymous_6)","decl":{"start":{"line":40,"column":34},"end":{"line":40,"column":35}},"loc":{"start":{"line":40,"column":40},"end":{"line":53,"column":3}},"line":40},"
[...]
ne":34,"column":6},"end":{"line":34,"column":54}},"14":{"start":{"line":37,"column":4},"end":{"line":37,"column":20}},"15":{"start":{"line":41,"column":25},"end":{"line":41,"column":59}},"16":{"start":{"line":42,"column":4},"end":{"line":44,"column":5}},"17":{"start":{"line":43,"column":6},"end":{"line":43,"column":59}},"18":{"start":{"line":48,"column":23},"end":{"line":48,"column":50}},"19":{"start":{"line":49,"column":4},"end":{"line":49,"column":47}},"20":{"start":{"line":52,"column":19},"end":{"line":52,"column":63}},"21":{"start":{"line":53,"column":4},"end":{"line":53,"column":52}},"22":{"start":{"line":55,"column":4},"end":{"line":71,"column":6}},"23":{"start":{"line":57,"column":32},"end":{"line":57,"column":71}},"24":{"start":{"line":58,"column":6},"end":{"line":61,"column":7}},"25":{"start":{"line":59,"column":8},"end":{"line":59,"column":69}},"26":{"start":{"line":60,"column":8},"end":{"line":60,"column":51}},"27":{"start":{"line":63,"column":23},"end":{"line":63,"column":49}},"28":{"start":{"line":66,"column":6},"end":{"line":70,"column":9}},"29":{"start":{"line":75,"column":23},"end":{"line":75,"column":44}},"30":{"start":{"line":76,"column":4},"end":{"line":76,"column":45}},"31":{"start":{"line":77,"column":4},"end":{"line":77,"column":44}},"32":{"start":{"line":77,"column":17},"end":{"line":77,"column":43}},"33":{"start":{"line":81,"column":23},"end":{"line":81,"column":55}},"34":{"start":{"line":82,"column":4},"end":{"line":82,"column":48}},"35":{"start":{"line":83,"column":4},"end":{"line":83,"column":44}},"36":{"start":{"line":83,"column":17},"end":{"line":83,"column":43}},"37":{"start":{"line":87,"column":23},"end":{"line":87,"column":48}},"38":{"start":{"line":88,"column":4},"end":{"line":88,"column":43}},"39":{"start":{"line":89,"column":4},"end":{"line":89,"column":44}},"40":{"start":{"line":89,"column":17},"end":{"line":89,"column":43}},"41":{"start":{"line":93,"column":4},"end":{"line":109,"column":7}},"42":{"start":{"line":94,"column":6},"end":{"line":94,"column":48}},"43":{"start":{"line":95,"column":6},"end":{"line":95,"column":55}},"44":{"start":{"line":97,"column":24},"end":{"line":101,"column":7}},"45":{"start":{"line":103,"column":6},"end":{"line":103,"column":33}},"46":{"start":{"line":105,"column":6},"end":{"line":108,"column":8}},"47":{"start":{"line":113,"column":4},"end":{"line":118,"column":8}},"48":{"start":{"line":113,"column":71},"end":{"line":118,"column":5}},"49":{"start":{"line":122,"column":4},"end":{"line":122,"column":25}}},"fnMap":{"0":{"name":"(anonymous_0)","decl":{"start":{"line":14,"column":2},"end":{"line":14,"column":3}},"loc":{"start":{"line":14,"column":55},"end":{"line":22,"column":3}},"line":14},"1":{"name":"(anonymous_1)","decl":{"start":{"line":24,"column":2},"end":{"line":24,"column":3}},"loc":{"start":{"line":24,"column":31},"end":{"line":38,"column":3}},"line":24},"2":{"name":"(anonymous_2)","decl":{"start":{"line":40,"column":2},"end":{"line":40,"column":3}},"loc":{"start":{"line":40,"column":65},"end":{"line":45,"column":3}},"line":40},"3":{"name":"(anonymous_3)","decl":{"start":{"line":47,"column":2},"end":{"line":47,"column":3}},"loc":{"start":{"line":47,"column":37},"end":{"line":72,"column":3}},"line":47},"4":{"name":"(anonymous_4)","decl":{"start":{"line":55,"column":11},"end":{"line":55,"column":12}},"loc":{"start":{"line":55,"column":17},"end":{"line":71,"column":5}},"line":55},"5":{"name":"(anonymous_5)","decl":{"start":{"line":74,"column":2},"end":{"line":74,"column":3}},"loc":{"start":{"line":74,"column":31},"end":{"line":78,"column":3}},"line":74},"6":{"name":"(anonymous_6)","decl":{"start":{"line":77,"column":11},"end":{"line":77,"column":12}},"loc":{"start":{"line":77,"column":17},"end":{"line":77,"column":43}},"line":77},"7":{"name":"(anonymous_7)","decl":{"start":{"line":80,"column":2},"end":{"line":80,"column":3}},"loc":{"start":{"line":80,"column":43},"end":{"line":84,"column":3}},"line":80},"8":{"name":"(anonymous_8)","decl":{"start":{"line":83,"column":11},"end":{"line":83,"column":12}},"loc":{"start":{"line":83,"column":17},"end":{"line":83,"column":43}},"line":83},"9":{"name":"(anonymous_9)","decl":{"start":{"line":86,"column":2},"end":{"line":86,"column":3}},"loc":{"start":{"line":86,"column":36},"end":{"line":90,"column":3}},"line":86},"10":{"name":"(anonymous_10)","decl":{"start":{"line":89,"column":11},"end":{"line":89,"column":12}},"loc":{"start":{"line":89,"column":17},"end":{"line":89,"column":43}},"line":89},"11":{"name":"(anonymous_11)","decl":{"start":{"line":92,"column":2},"end":{"line":92,"column":3}},"loc":{"start":{"line":92,"column":52},"end":{"line":110,"column":3}},"line":92},"12":{"name":"(anonymous_12)","decl":{"start":{"line":93,"column":21},"end":{"line":93,"column":22}},"loc":{"start":{"line":93,"column":32},"end":{"line":109,"column":5}},"line":93},"13":{"name":"(anonymous_13)","decl":{"start":{"line":112,"column":2},"end":{"line":112,"column":3}},"loc":{"start":{"line":112,"column":22},"end":{"line":119,"column":3}},"line":112},"14":{"name":"(anonymous_14)","decl":{"start":{"line":113,"column":50},"end":{"line":113,"column":51}},"loc":{"start":{"line":113,"column":71},"end":{"line":118,"column":5}},"line":113},"15":{"name":"(anonymous_15)","decl":{"start":{"line":121,"column":2},"end":{"line":121,"column":3}},"loc":{"start":{"line":121,"column":24},"end":{"line":123,"column":3}},"line":121}},"branchMap":{"0":{"loc":{"start":{"line":14,"column":33},"end":{"line":14,"column":53}},"type":"default-arg","locations":[{"start":{"line":14,"column":44},"end":{"line":14,"column":53}}],"line":14},"1":{"loc":{"start":{"line":26,"column":4},"end":{"line":26,"column":24}},"type":"if","locations":[{"start":{"line":26,"column":4},"end":{"line":26,"column":24}},{"start":{},"end":{}}],"line":26},"2":{"loc":{"start":{"line":32,"column":22},"end":{"line":32,"column":73}},"type":"binary-expr","locations":[{"start":{"line":32,"column":22},"end":{"line":32,"column":65}},{"start":{"line":32,"column":69},"end":{"line":32,"column":73}}],"line":32},"3":{"loc":{"start":{"line":33,"column":4},"end":{"line":35,"column":5}},"type":"if","locations":[{"start":{"line":33,"column":4},"end":{"line":35,"column":5}},{"start":{},"end":{}}],"line":33},"4":{"loc":{"start":{"line":42,"column":4},"end":{"line":44,"column":5}},"type":"if","locations":[{"start":{"line":42,"column":4},"end":{"line":44,"column":5}},{"start":{},"end":{}}],"line":42},"5":{"loc":{"start":{"line":58,"column":6},"end":{"line":61,"column":7}},"type":"if","locations":[{"start":{"line":58,"column":6},"end":{"line":61,"column":7}},{"start":{},"end":{}}],"line":58}},"s":{"0":0,"1":0,"2":0,"3":0,"4":0,"5":0,"6":0,"7":0,"8":0,"9":0,"10":0,"11":0,"12":0,"13":0,"14":0,"15":0,"16":0,"17":0,"18":0,"19":0,"20":0,"21":0,"22":0,"23":0,"24":0,"25":0,"26":0,"27":0,"28":0,"29":0,"30":0,"31":0,"32":0,"33":0,"34":0,"35":0,"36":0,"37":0,"38":0,"39":0,"40":0,"41":0,"42":0,"43":0,"44":0,"45":0,"46":0,"47":0,"48":0,"49":0},"f":{"0":0,"1":0,"2":0,"3":0,"4":0,"5":0,"6":0,"7":0,"8":0,"9":0,"10":0,"11":0,"12":0,"13":0,"14":0,"15":0},"b":{"0":[0],"1":[0,0],"2":[0,0],"3":[0,0],"4":[0,0],"5":[0,0]}}
,"C:\\Users\\banse\\CascadeProjects\\MindulPet\\src\\utils\\realTimeMonitoring.js": {"path":"C:\\Users\\banse\\CascadeProjects\\MindulPet\\src\\utils\\realTimeMonitoring.js","statementMap":{"0":{"start":{"line":7,"column":25},"end":{"line":7,"column":27}},"1":{"start":{"line":8,"column":24},"end":{"line":8,"column":29}},"2":{"start":{"line":9,"column":26},"end":{"line":9,"column":30}},"3":{"start":{"line":10,"column":27},"end":{"line":10,"column":30}},"4":{"start":{"line":11,"column":23},"end":{"line":11,"column":73}},"5":{"start":{"line":14,"column":4},"end":{"line":34,"column":5}},"6":{"start":{"line":16,"column":22},"end":{"line":16,"column":69}},"7":{"start":{"line":17,"column":6},"end":{"line":19,"column":7}},"8":{"start":{"line":18,"column":8},"end":{"line":18,"column":87}},"9":{"start":{"line":22,"column":6},"end":{"line":22,"column":29}},"10":{"start":{"line":25,"column":6},"end":{"line":25,"column":41}},"11":{"start":{"line":28,"column":6},"end":{"line":28,"column":40}},"12":{"start":{"line":31,"column":6},"end":{"line":31,"column":43}},"13":{"start":{"line":33,"column":6},"end":{"line":33,"column":87}},"14":{"start":{"line":38,"column":4},"end":{"line":38,"column":34}},"15":{"start":{"line":38,"column":27},"end":{"line":38,"column":34}},"16":{"start":{"line":39,"column":4},"end":{"line":39,"column":29}},"17":{"start":{"line":42,"column":4},"end":{"line":44,"column":28}},"18":{"start":{"line":43,"column":6},"end":{"line":43,"column":32}},"19":{"start":{"line":47,"column":4},"end":{"line":47,"column":26}},"20":{"start":{"line":51,"column":4},"end":{"line":51,"column":30}},"21":{"start":{"line":52,"column":4},"end":{"line":52,"column":38}},"22":{"start":{"line":56,"column":4},"end":{"line":56,"column":35}},"23":{"start":{"line":56,"column":28},"end":{"line":56,"column":35}},"24":{"start":{"line":58,"column":4},"end":{"line":71,"column":5}},"25":{"start":{"line":59,"column":22},"end":{"line":66,"column":7}},"26":{"start":{"line":68,"column":6},"end":{"line":68,"column":38}},"27":{"start":{"line":70,"column":6},"end":{"line":70,"column":91}},"28":{"start":{"line":74,"column":4},"end":{"line":74,"column":50}},"29":{"start":{"line":74,"column":21},"end":{"line":74,"column":42}},"30":{"start":{"line":78,"column":4},"end":{"line":78,"column":36}},"31":{"start":{"line":81,"column":4},"end":{"line":81,"column":58}},"32":{"start":{"line":84,"column":4},"end":{"line":86,"column":5}},"33":{"start":{"line":85,"column":6},"end":{"line":85,"column":32}},"34":{"start":{"line":90,"column":4},"end":{"line":90,"column":48}},"35":{"start":{"line":90,"column":41},"end":{"line":90,"column":48}},"36":{"start":{"line":92,"column":4},"end":{"line":106,"column":5}},"37":{"start":{"line":93,"column":23},"end":{"line":93,"column":70}},"38":{"start":{"line":94,"column":6},"end":{"line":97,"column":8}},"39":{"start":{"line":100,"column":6},"end":{"line":100,"column":30}},"40":{"start":{"line":103,"column":6},"end":{"line":103,"column":28}},"41":{"start":{"line":105,"column":6},"end":{"line":105,"column":95}},"42":{"start":{"line":110,"column":4},"end":{"line":122,"column":5}},"43":{"start":{"line":111,"column":20},"end":{"line":111,"column":73}},"44":{"start":{"line":112,"column":23},"end":{"line":115,"column":22}},"45":{"start":{"line":113,"column":24},"end":{"line":113,"column":51}},"46":{"start":{"line":117,"column":6},"end":{"line":119,"column":7}},"47":{"start":{"line":118,"column":8},"end":{"line":118,"column":67}},"48":{"start":{"line":121,"column":6},"end":{"line":121,"column":91}},"49":{"start":{"line":127,"column":4},"end":{"line":138,"column":7}},"50":{"start":{"line":128,"column":6},"end":{"line":137,"column":9}},"51":{"start":{"line":143,"column":4},"end":{"line":155,"column":5}},"52":{"start":{"line":144,"column":6},"end":{"line":154,"column":15}},"53":{"start":{"line":145,"column":27},"end":{"line":145,"column":52}},"54":{"start":{"line":146,"column":8},"end":{"line":153,"column":11}},"55":{"start":{"line":160,"column":24},"end":{"line":160,"column":41}},"56":{"start":{"line":161,"column":21},"end":{"line":161,"column":22}},"57":{"start":{"line":162,"column":4},"end":{"line":162,"column":30}},"58":{"start":{"line":164,"column":26},"end":{"line":183,"column":5}},"59":{"start":{"line":165,"column":26},"end":{"line":165,"column":43}},"60":{"start":{"line":166,"column":6},"end":{"line":166,"column":19}},"61":{"start":{"line":168,"column":6},"end":{"line":178,"column":7}},"62":{"start":{"line":169,"column":8},"end":{"line":169,"column":43}},"63":{"start":{"line":170,"column":8},"end":{"line":174,"column":11}},"64":{"start":{"line":176,"column":8},"end":{"line":176,"column":23}},"65":{"start":{"line":177,"column":8},"end":{"line":177,"column":36}},"66":{"start":{"line":180,"column":6},"end":{"line":182,"column":7}},"67":{"start":{"line":181,"column":8},"end":{"line":181,"column":45}},"68":{"start":{"line":185,"column":4},"end":{"line":185,"column":41}},"69":{"start":{"line":190,"column":4},"end":{"line":196,"column":5}},"70":{"start":{"line":191,"column":25},"end":{"line":191,"column":50}},"71":{"start":{"line":192,"column":6},"end":{"line":195,"column":8}},"72":{"start":{"line":197,"column":4},"end":{"line":197,"column":16}},"73":{"start":{"line":203,"column":4},"end":{"line":206,"column":6}},"74":{"start":{"line":210,"column":18},"end":{"line":210,"column":39}},"75":{"start":{"line":211,"column":4},"end":{"line":216,"column":6}},"76":{"start":{"line":222,"column":4},"end":{"line":222,"column":25}},"77":{"start":{"line":227,"column":4},"end":{"line":227,"column":26}},"78":{"start":{"line":228,"column":4},"end":{"line":230,"column":5}},"79":{"start":{"line":229,"column":6},"end":{"line":229,"column":33}}},"fnMap":{"0":{"name":"(anonymous_0)","decl":{"start":{"line":13,"column":2},"end":{"line":13,"column":3}},"loc":{"start":{"line":13,"column":28},"end":{"line":35,"column":3}},"line":13},"1":{"name":"(anonymous_1)","decl":{"start":{"line":37,"column":2},"end":{"line":37,"column":3}},"loc":{"start":{"line":37,"column":27},"end":{"line":48,"column":3}},"line":37},"2":{"name":"(anonymous_2)","decl":{"start":{"line":42,"column":37},"end":{"line":42,"column":38}},"loc":{"start":{"line":42,"column":43},"end":{"line":44,"column":5}},"line":42},"3":{"name":"(anonymous_3)","decl":{"start":{"line":50,"column":2},"end":{"line":50,"column":3}},"loc":{"start":{"line":50,"column":26},"end":{"line":53,"column":3}},"line":50},"4":{"name":"(anonymous_4)","decl":{"start":{"line":55,"column":2},"end":{"line":55,"column":3}},"loc":{"start":{"line":55,"column":32},"end":{"line":75,"column":3}},"line":55},"5":{"name":"(anonymous_5)","decl":{"start":{"line":74,"column":15},"end":{"line":74,"column":16}},"loc":{"start":{"line":74,"column":21},"end":{"line":74,"column":42}},"line":74},"6":{"name":"(anonymous_6)","decl":{"start":{"line":77,"column":2},"end":{"line":77,"column":3}},"loc":{"start":{"line":77,"column":35},"end":{"line":87,"column":3}},"line":77},"7":{"name":"(anonymous_7)","decl":{"start":{"line":89,"column":2},"end":{"line":89,"column":3}},"loc":{"start":{"line":89,"column":36},"end":{"line":107,"column":3}},"line":89},"8":{"name":"(anonymous_8)","decl":{"start":{"line":109,"column":2},"end":{"line":109,"column":3}},"loc":{"start":{"line":109,"column":32},"end":{"line":123,"column":3}},"line":109},"9":{"name":"(anonymous_9)","decl":{"start":{"line":113,"column":16},"end":{"line":113,"column":17}},"loc":{"start":{"line":113,"column":24},"end":{"line":113,"column":51}},"line":113},"10":{"name":"(anonymous_10)","decl":{"start":{"line":126,"column":2},"end":{"line":126,"column":3}},"loc":{"start":{"line":126,"column":39},"end":{"line":139,"column":3}},"line":126},"11":{"name":"(anonymous_11)","decl":{"start":{"line":127,"column":56},"end":{"line":127,"column":57}},"loc":{"start":{"line":127,"column":65},"end":{"line":138,"column":5}},"line":127},"12":{"name":"(anonymous_12)","decl":{"start":{"line":142,"column":2},"end":{"line":142,"column":3}},"loc":{"start":{"line":142,"column":38},"end":{"line":156,"column":3}},"line":142},"13":{"name":"(anonymous_13)","decl":{"start":{"line":144,"column":18},"end":{"line":144,"column":19}},"loc":{"start":{"line":144,"column":24},"end":{"line":154,"column":7}},"line":144},"14":{"name":"(anonymous_14)","decl":{"start":{"line":159,"column":2},"end":{"line":159,"column":3}},"loc":{"start":{"line":159,"column":41},"end":{"line":186,"column":3}},"line":159},"15":{"name":"(anonymous_15)","decl":{"start":{"line":164,"column":26},"end":{"line":164,"column":27}},"loc":{"start":{"line":164,"column":32},"end":{"line":183,"column":5}},"line":164},"16":{"name":"(anonymous_16)","decl":{"start":{"line":189,"column":2},"end":{"line":189,"column":3}},"loc":{"start":{"line":189,"column":32},"end":{"line":198,"column":3}},"line":189},"17":{"name":"(anonymous_17)","decl":{"start":{"line":200,"column":2},"end":{"line":200,"column":3}},"loc":{"start":{"line":200,"column":29},"end":{"line":207,"column":3}},"line":200},"18":{"name":"(anonymous_18)","decl":{"start":{"line":209,"column":2},"end":{"line":209,"column":3}},"loc":{"start":{"line":209,"column":35},"end":{"line":217,"column":3}},"line":209},"19":{"name":"(anonymous_19)","decl":{"start":{"line":219,"column":2},"end":{"line":219,"column":3}},"loc":{"start":{"line":219,"column":33},"end":{"line":223,"column":3}},"line":219},"20":{"name":"(anonymous_20)","decl":{"start":{"line":226,"column":2},"end":{"line":226,"column":3}},"loc":{"start":{"line":226,"column":19},"end":{"line":231,"column":3}},"line":226}},"branchMap":{"0":{"loc":{"start":{"line":17,"column":6},"end":{"line":19,"column":7}},"type":"if","locations":[{"start":{"line":17,"column":6},"end":{"line":19,"column":7}},{"start":{},"end":{}}],"line":17},"1":{"loc":{"start":{"line":38,"column":4},"end":{"line":38,"column":34}},"type":"if","locations":[{"start":{"line":38,"column":4},"end":{"line":38,"column":34}},{"start":{},"end":{}}],"line":38},"2":{"loc":{"start":{"line":56,"column":4},"end":{"line":56,"column":35}},"type":"if","locations":[{"start":{"line":56,"column":4},"end":{"line":56,"column":35}},{"start":{},"end":{}}],"line":56},"3":{"loc":{"start":{"line":84,"column":4},"end":{"line":86,"column":5}},"type":"if","locations":[{"start":{"line":84,"column":4},"end":{"line":86,"column":5}},{"start":{},"end":{}}],"line":84},"4":{"loc":{"start":{"line":90,"column":4},"end":{"line":90,"column":48}},"type":"if","locations":[{"start":{"line":90,"column":4},"end":{"line":90,"column":48}},{"start":{},"end":{}}],"line":90},"5":{"loc":{"start":{"line":143,"column":4},"end":{"line":155,"column":5}},"type":"if","locations":[{"start":{"line":143,"column":4},"end":{"line":155,"column":5}},{"start":{},"end":{}}],"line":143},"6":{"loc":{"start":{"line":143,"column":8},"end":{"line":143,"column":55}},"type":"binary-expr","locations":[{"start":{"line":143,"column":8},"end":{"line":143,"column":26}},{"start":{"line":143,"column":30},"end":{"line":143,"column":55}}],"line":143},"7":{"loc":{"start":{"line":168,"column":6},"end":{"line":178,"column":7}},"type":"if","locations":[{"start":{"line":168,"column":6},"end":{"line":178,"column":7}},{"start":{},"end":{}}],"line":168},"8":{"loc":{"start":{"line":180,"column":6},"end":{"line":182,"column":7}},"type":"if","locations":[{"start":{"line":180,"column":6},"end":{"line":182,"column":7}},{"start":{},"end":{}}],"line":180},"9":{"loc":{"start":{"line":190,"column":4},"end":{"line":196,"column":5}},"type":"if","locations":[{"start":{"line":190,"column":4},"end":{"line":196,"column":5}},{"start":{},"end":{}}],"line":190},"10":{"loc":{"start":{"line":190,"column":8},"end":{"line":190,"column":55}},"type":"binary-expr","locations":[{"start":{"line":190,"column":8},"end":{"line":190,"column":26}},{"start":{"line":190,"column":30},"end":{"line":190,"column":55}}],"line":190},"11":{"loc":{"start":{"line":228,"column":4},"end":{"line":230,"column":5}},"type":"if","locations":[{"start":{"line":228,"column":4},"end":{"line":230,"column":5}},{"start":{},"end":{}}],"line":228}},"s":{"0":0,"1":0,"2":0,"3":0,"4":0,"5":0,"6":0,"7":0,"8":0,"9":0,"10":0,"11":0,"12":0,"13":0,"14":0,"15":0,"16":0,"17":0,"18":0,"19":0,"20":0,"21":0,"22":0,"23":0,"24":0,"25":0,"26":0,"27":0,"28":0,"29":0,"30":0,"31":0,"32":0,"33":0,"34":0,"35":0,"36":0,"37":0,"38":0,"39":0,"40":0,"41":0,"42":0,"43":0,"44":0,"45":0,"46":0,"47":0,"48":0,"49":0,"50":0,"51":0,"52":0,"53":0,"54":0,"55":0,"56":0,"57":0,"58":0,"59":0,"60":0,"61":0,"62":0,"63":0,"64":0,"65":0,"66":0,"67":0,"68":0,"69":0,"70":0,"71":0,"72":0,"73":0,"74":0,"75":0,"76":0,"77":0,"78":0,"79":0},"f":{"0":0,"1":0,"2":0,"3":0,"4":0,"5":0,"6":0,"7":0,"8":0,"9":0,"10":0,"11":0,"12":0,"13":0,"14":0,"15":0,"16":0,"17":0,"18":0,"19":0,"20":0},"b":{"0":[0,0],"1":[0,0],"2":[0,0],"3":[0,0],"4":[0,0],"5":[0,0],"6":[0,0],"7":[0,0],"8":[0,0],"9":[0,0],"10":[0,0],"11":[0,0]}}
}
